<?xml version="1.0" encoding="UTF-8"?>
<robot generator="Robot 3.2.2 (Python 3.8.5 on win32)" generated="20201017 16:34:54.489" rpa="false">
<suite id="s1" name="BasicLogin &amp; Importprognoses &amp; LeningTest &amp; Betaalschema">
<suite id="s1-s1" name="BasicLogin" source="C:\PythonProject\RobotFramework\Tests\TreasuryInstrumenten\FunctionalTestSuite\BasicLogin.robot">
<test id="s1-s1-t1" name="Right Company, wrong user">
<kw name="Start test enviroment" library="TreasuryCommonFunctionality" type="setup">
<kw name="Open Browser" library="SeleniumLibrary">
<doc>Opens a new browser instance to the optional ``url``.</doc>
<arguments>
<arg>${baseUrls.infrastructure}</arg>
<arg>${browser}</arg>
</arguments>
<msg timestamp="20201017 16:34:54.805" level="INFO">Opening browser 'Chrome' to base url 'https://treasury201804.aareoncloud.nl'.</msg>
<status status="PASS" starttime="20201017 16:34:54.805" endtime="20201017 16:34:56.497"></status>
</kw>
<kw name="Maximize Browser Window" library="SeleniumLibrary">
<doc>Maximizes current browser window.</doc>
<status status="PASS" starttime="20201017 16:34:56.497" endtime="20201017 16:34:56.647"></status>
</kw>
<status status="PASS" starttime="20201017 16:34:54.804" endtime="20201017 16:34:56.647"></status>
</kw>
<kw name="Invalid login">
<tags>
<tag>Regression</tag>
</tags>
<doc>The test case verifies a goed scenario login</doc>
<arguments>
<arg>Keylib omgeving</arg>
<arg>omgeving</arg>
</arguments>
<kw name="Enter Company Name" library="LoginPage">
<arguments>
<arg>${companyName}</arg>
</arguments>
<kw name="Input Text" library="SeleniumLibrary">
<doc>Types the given ``text`` into the text field identified by ``locator``.</doc>
<arguments>
<arg>${txt_Company_id}</arg>
<arg>${companyName}</arg>
</arguments>
<msg timestamp="20201017 16:34:56.649" level="INFO">Typing text 'Keylib omgeving' into text field 'Company'.</msg>
<status status="PASS" starttime="20201017 16:34:56.648" endtime="20201017 16:34:56.744"></status>
</kw>
<status status="PASS" starttime="20201017 16:34:56.648" endtime="20201017 16:34:56.744"></status>
</kw>
<kw name="Enter User Name" library="LoginPage">
<arguments>
<arg>${userName}</arg>
</arguments>
<kw name="Input Text" library="SeleniumLibrary">
<doc>Types the given ``text`` into the text field identified by ``locator``.</doc>
<arguments>
<arg>${txt_Username_id}</arg>
<arg>${userName}</arg>
</arguments>
<msg timestamp="20201017 16:34:56.745" level="INFO">Typing text 'omgeving' into text field 'Username'.</msg>
<status status="PASS" starttime="20201017 16:34:56.745" endtime="20201017 16:34:56.844"></status>
</kw>
<status status="PASS" starttime="20201017 16:34:56.745" endtime="20201017 16:34:56.844"></status>
</kw>
<kw name="Click Login" library="LoginPage">
<kw name="Click Button" library="SeleniumLibrary">
<doc>Clicks the button identified by ``locator``.</doc>
<arguments>
<arg>${btn_Login_id}</arg>
</arguments>
<msg timestamp="20201017 16:34:56.845" level="INFO">Clicking button 'login-button'.</msg>
<status status="PASS" starttime="20201017 16:34:56.845" endtime="20201017 16:34:57.108"></status>
</kw>
<status status="PASS" starttime="20201017 16:34:56.844" endtime="20201017 16:34:57.108"></status>
</kw>
<kw name="Error message should be visible" library="LoginPage">
<arguments>
<arg>De opgegeven gebruikersnaam en/of wachtwoord zijn niet juist.</arg>
</arguments>
<kw name="Element Text Should Be" library="SeleniumLibrary">
<doc>Verifies that element ``locator`` contains exact the text ``expected``.</doc>
<arguments>
<arg>${lbl_Invalidlogin_xpath}</arg>
<arg>${error}</arg>
</arguments>
<msg timestamp="20201017 16:34:57.109" level="INFO">Verifying element '//*[@class='validation-summary-errors']//descendant::li' contains exact text 'De opgegeven gebruikersnaam en/of wachtwoord zijn niet juist.'.</msg>
<status status="PASS" starttime="20201017 16:34:57.109" endtime="20201017 16:34:57.132"></status>
</kw>
<status status="PASS" starttime="20201017 16:34:57.108" endtime="20201017 16:34:57.132"></status>
</kw>
<status status="PASS" starttime="20201017 16:34:56.647" endtime="20201017 16:34:57.132"></status>
</kw>
<kw name="Finish test enviroment" library="TreasuryCommonFunctionality" type="teardown">
<kw name="Close Browser" library="SeleniumLibrary">
<doc>Closes the current browser.</doc>
<status status="PASS" starttime="20201017 16:34:57.133" endtime="20201017 16:35:00.268"></status>
</kw>
<status status="PASS" starttime="20201017 16:34:57.133" endtime="20201017 16:35:00.268"></status>
</kw>
<status status="PASS" starttime="20201017 16:34:54.803" endtime="20201017 16:35:00.268" critical="yes"></status>
</test>
<test id="s1-s1-t2" name="Wrong Company, right user">
<kw name="Start test enviroment" library="TreasuryCommonFunctionality" type="setup">
<kw name="Open Browser" library="SeleniumLibrary">
<doc>Opens a new browser instance to the optional ``url``.</doc>
<arguments>
<arg>${baseUrls.infrastructure}</arg>
<arg>${browser}</arg>
</arguments>
<msg timestamp="20201017 16:35:00.270" level="INFO">Opening browser 'Chrome' to base url 'https://treasury201804.aareoncloud.nl'.</msg>
<status status="PASS" starttime="20201017 16:35:00.270" endtime="20201017 16:35:03.648"></status>
</kw>
<kw name="Maximize Browser Window" library="SeleniumLibrary">
<doc>Maximizes current browser window.</doc>
<status status="PASS" starttime="20201017 16:35:03.648" endtime="20201017 16:35:03.819"></status>
</kw>
<status status="PASS" starttime="20201017 16:35:00.269" endtime="20201017 16:35:03.819"></status>
</kw>
<kw name="Invalid login">
<tags>
<tag>Regression</tag>
</tags>
<doc>The test case verifies a goed scenario login</doc>
<arguments>
<arg>eylib omgeving</arg>
<arg>anhpham</arg>
</arguments>
<kw name="Enter Company Name" library="LoginPage">
<arguments>
<arg>${companyName}</arg>
</arguments>
<kw name="Input Text" library="SeleniumLibrary">
<doc>Types the given ``text`` into the text field identified by ``locator``.</doc>
<arguments>
<arg>${txt_Company_id}</arg>
<arg>${companyName}</arg>
</arguments>
<msg timestamp="20201017 16:35:03.821" level="INFO">Typing text 'eylib omgeving' into text field 'Company'.</msg>
<status status="PASS" starttime="20201017 16:35:03.820" endtime="20201017 16:35:03.916"></status>
</kw>
<status status="PASS" starttime="20201017 16:35:03.820" endtime="20201017 16:35:03.917"></status>
</kw>
<kw name="Enter User Name" library="LoginPage">
<arguments>
<arg>${userName}</arg>
</arguments>
<kw name="Input Text" library="SeleniumLibrary">
<doc>Types the given ``text`` into the text field identified by ``locator``.</doc>
<arguments>
<arg>${txt_Username_id}</arg>
<arg>${userName}</arg>
</arguments>
<msg timestamp="20201017 16:35:03.918" level="INFO">Typing text 'anhpham' into text field 'Username'.</msg>
<status status="PASS" starttime="20201017 16:35:03.917" endtime="20201017 16:35:04.001"></status>
</kw>
<status status="PASS" starttime="20201017 16:35:03.917" endtime="20201017 16:35:04.001"></status>
</kw>
<kw name="Click Login" library="LoginPage">
<kw name="Click Button" library="SeleniumLibrary">
<doc>Clicks the button identified by ``locator``.</doc>
<arguments>
<arg>${btn_Login_id}</arg>
</arguments>
<msg timestamp="20201017 16:35:04.002" level="INFO">Clicking button 'login-button'.</msg>
<status status="PASS" starttime="20201017 16:35:04.002" endtime="20201017 16:35:04.272"></status>
</kw>
<status status="PASS" starttime="20201017 16:35:04.001" endtime="20201017 16:35:04.272"></status>
</kw>
<kw name="Error message should be visible" library="LoginPage">
<arguments>
<arg>De opgegeven gebruikersnaam en/of wachtwoord zijn niet juist.</arg>
</arguments>
<kw name="Element Text Should Be" library="SeleniumLibrary">
<doc>Verifies that element ``locator`` contains exact the text ``expected``.</doc>
<arguments>
<arg>${lbl_Invalidlogin_xpath}</arg>
<arg>${error}</arg>
</arguments>
<msg timestamp="20201017 16:35:04.273" level="INFO">Verifying element '//*[@class='validation-summary-errors']//descendant::li' contains exact text 'De opgegeven gebruikersnaam en/of wachtwoord zijn niet juist.'.</msg>
<status status="PASS" starttime="20201017 16:35:04.273" endtime="20201017 16:35:04.299"></status>
</kw>
<status status="PASS" starttime="20201017 16:35:04.272" endtime="20201017 16:35:04.299"></status>
</kw>
<status status="PASS" starttime="20201017 16:35:03.819" endtime="20201017 16:35:04.299"></status>
</kw>
<kw name="Finish test enviroment" library="TreasuryCommonFunctionality" type="teardown">
<kw name="Close Browser" library="SeleniumLibrary">
<doc>Closes the current browser.</doc>
<status status="PASS" starttime="20201017 16:35:04.300" endtime="20201017 16:35:07.446"></status>
</kw>
<status status="PASS" starttime="20201017 16:35:04.299" endtime="20201017 16:35:07.446"></status>
</kw>
<status status="PASS" starttime="20201017 16:35:00.269" endtime="20201017 16:35:07.446" critical="yes"></status>
</test>
<test id="s1-s1-t3" name="Wrong Company, wrong user">
<kw name="Start test enviroment" library="TreasuryCommonFunctionality" type="setup">
<kw name="Open Browser" library="SeleniumLibrary">
<doc>Opens a new browser instance to the optional ``url``.</doc>
<arguments>
<arg>${baseUrls.infrastructure}</arg>
<arg>${browser}</arg>
</arguments>
<msg timestamp="20201017 16:35:07.448" level="INFO">Opening browser 'Chrome' to base url 'https://treasury201804.aareoncloud.nl'.</msg>
<status status="PASS" starttime="20201017 16:35:07.448" endtime="20201017 16:35:10.803"></status>
</kw>
<kw name="Maximize Browser Window" library="SeleniumLibrary">
<doc>Maximizes current browser window.</doc>
<status status="PASS" starttime="20201017 16:35:10.803" endtime="20201017 16:35:10.989"></status>
</kw>
<status status="PASS" starttime="20201017 16:35:07.447" endtime="20201017 16:35:10.990"></status>
</kw>
<kw name="Invalid login">
<tags>
<tag>Regression</tag>
</tags>
<doc>The test case verifies a goed scenario login</doc>
<arguments>
<arg>eylib omgeving</arg>
<arg>nnhpham</arg>
</arguments>
<kw name="Enter Company Name" library="LoginPage">
<arguments>
<arg>${companyName}</arg>
</arguments>
<kw name="Input Text" library="SeleniumLibrary">
<doc>Types the given ``text`` into the text field identified by ``locator``.</doc>
<arguments>
<arg>${txt_Company_id}</arg>
<arg>${companyName}</arg>
</arguments>
<msg timestamp="20201017 16:35:10.991" level="INFO">Typing text 'eylib omgeving' into text field 'Company'.</msg>
<status status="PASS" starttime="20201017 16:35:10.991" endtime="20201017 16:35:11.082"></status>
</kw>
<status status="PASS" starttime="20201017 16:35:10.990" endtime="20201017 16:35:11.082"></status>
</kw>
<kw name="Enter User Name" library="LoginPage">
<arguments>
<arg>${userName}</arg>
</arguments>
<kw name="Input Text" library="SeleniumLibrary">
<doc>Types the given ``text`` into the text field identified by ``locator``.</doc>
<arguments>
<arg>${txt_Username_id}</arg>
<arg>${userName}</arg>
</arguments>
<msg timestamp="20201017 16:35:11.083" level="INFO">Typing text 'nnhpham' into text field 'Username'.</msg>
<status status="PASS" starttime="20201017 16:35:11.083" endtime="20201017 16:35:11.181"></status>
</kw>
<status status="PASS" starttime="20201017 16:35:11.082" endtime="20201017 16:35:11.181"></status>
</kw>
<kw name="Click Login" library="LoginPage">
<kw name="Click Button" library="SeleniumLibrary">
<doc>Clicks the button identified by ``locator``.</doc>
<arguments>
<arg>${btn_Login_id}</arg>
</arguments>
<msg timestamp="20201017 16:35:11.182" level="INFO">Clicking button 'login-button'.</msg>
<status status="PASS" starttime="20201017 16:35:11.181" endtime="20201017 16:35:11.472"></status>
</kw>
<status status="PASS" starttime="20201017 16:35:11.181" endtime="20201017 16:35:11.472"></status>
</kw>
<kw name="Error message should be visible" library="LoginPage">
<arguments>
<arg>De opgegeven gebruikersnaam en/of wachtwoord zijn niet juist.</arg>
</arguments>
<kw name="Element Text Should Be" library="SeleniumLibrary">
<doc>Verifies that element ``locator`` contains exact the text ``expected``.</doc>
<arguments>
<arg>${lbl_Invalidlogin_xpath}</arg>
<arg>${error}</arg>
</arguments>
<msg timestamp="20201017 16:35:11.474" level="INFO">Verifying element '//*[@class='validation-summary-errors']//descendant::li' contains exact text 'De opgegeven gebruikersnaam en/of wachtwoord zijn niet juist.'.</msg>
<status status="PASS" starttime="20201017 16:35:11.473" endtime="20201017 16:35:11.498"></status>
</kw>
<status status="PASS" starttime="20201017 16:35:11.472" endtime="20201017 16:35:11.498"></status>
</kw>
<status status="PASS" starttime="20201017 16:35:10.990" endtime="20201017 16:35:11.498"></status>
</kw>
<kw name="Finish test enviroment" library="TreasuryCommonFunctionality" type="teardown">
<kw name="Close Browser" library="SeleniumLibrary">
<doc>Closes the current browser.</doc>
<status status="PASS" starttime="20201017 16:35:11.499" endtime="20201017 16:35:13.728"></status>
</kw>
<status status="PASS" starttime="20201017 16:35:11.499" endtime="20201017 16:35:13.728"></status>
</kw>
<status status="PASS" starttime="20201017 16:35:07.447" endtime="20201017 16:35:13.728" critical="yes"></status>
</test>
<doc>Verify goed account login</doc>
<status status="PASS" starttime="20201017 16:34:54.523" endtime="20201017 16:35:13.729"></status>
</suite>
<suite id="s1-s2" name="Importprognoses" source="C:\PythonProject\RobotFramework\Tests\TreasuryInstrumenten\FunctionalTestSuite\Importprognoses.robot">
<test id="s1-s2-t1" name="Code Verdeling van bedragen is uniek id">
<kw name="Start test enviroment" library="TreasuryCommonFunctionality" type="setup">
<kw name="Open Browser" library="SeleniumLibrary">
<doc>Opens a new browser instance to the optional ``url``.</doc>
<arguments>
<arg>${baseUrls.infrastructure}</arg>
<arg>${browser}</arg>
</arguments>
<msg timestamp="20201017 16:35:13.768" level="INFO">Opening browser 'Chrome' to base url 'https://treasury201804.aareoncloud.nl'.</msg>
<status status="PASS" starttime="20201017 16:35:13.767" endtime="20201017 16:35:17.104"></status>
</kw>
<kw name="Maximize Browser Window" library="SeleniumLibrary">
<doc>Maximizes current browser window.</doc>
<status status="PASS" starttime="20201017 16:35:17.104" endtime="20201017 16:35:17.289"></status>
</kw>
<status status="PASS" starttime="20201017 16:35:13.767" endtime="20201017 16:35:17.289"></status>
</kw>
<kw name="Enter Company Name" library="LoginPage">
<arguments>
<arg>${companyName}</arg>
</arguments>
<kw name="Input Text" library="SeleniumLibrary">
<doc>Types the given ``text`` into the text field identified by ``locator``.</doc>
<arguments>
<arg>${txt_Company_id}</arg>
<arg>${companyName}</arg>
</arguments>
<msg timestamp="20201017 16:35:17.290" level="INFO">Typing text 'Keylib omgeving' into text field 'Company'.</msg>
<status status="PASS" starttime="20201017 16:35:17.290" endtime="20201017 16:35:17.392"></status>
</kw>
<status status="PASS" starttime="20201017 16:35:17.290" endtime="20201017 16:35:17.392"></status>
</kw>
<kw name="Enter User Name" library="LoginPage">
<arguments>
<arg>${userName}</arg>
</arguments>
<kw name="Input Text" library="SeleniumLibrary">
<doc>Types the given ``text`` into the text field identified by ``locator``.</doc>
<arguments>
<arg>${txt_Username_id}</arg>
<arg>${userName}</arg>
</arguments>
<msg timestamp="20201017 16:35:17.393" level="INFO">Typing text 'anhpham' into text field 'Username'.</msg>
<status status="PASS" starttime="20201017 16:35:17.393" endtime="20201017 16:35:17.491"></status>
</kw>
<status status="PASS" starttime="20201017 16:35:17.392" endtime="20201017 16:35:17.491"></status>
</kw>
<kw name="Click Login" library="LoginPage">
<kw name="Click Button" library="SeleniumLibrary">
<doc>Clicks the button identified by ``locator``.</doc>
<arguments>
<arg>${btn_Login_id}</arg>
</arguments>
<msg timestamp="20201017 16:35:17.492" level="INFO">Clicking button 'login-button'.</msg>
<status status="PASS" starttime="20201017 16:35:17.492" endtime="20201017 16:35:18.120"></status>
</kw>
<status status="PASS" starttime="20201017 16:35:17.491" endtime="20201017 16:35:18.120"></status>
</kw>
<kw name="Click On CashManagement Menu" library="PrognosePage">
<kw name="Wait Until Page Contains Element" library="SeleniumLibrary">
<doc>Waits until the element ``locator`` appears on the current page.</doc>
<arguments>
<arg>${mnu_CashManagement_xpath}</arg>
<arg>10</arg>
</arguments>
<status status="PASS" starttime="20201017 16:35:18.121" endtime="20201017 16:35:18.142"></status>
</kw>
<kw name="Click Element" library="SeleniumLibrary">
<doc>Click the element identified by ``locator``.</doc>
<arguments>
<arg>${mnu_CashManagement_xpath}</arg>
</arguments>
<msg timestamp="20201017 16:35:18.143" level="INFO">Clicking element '//span[@class='nav-item'][contains(text(),'Cash management')]'.</msg>
<status status="PASS" starttime="20201017 16:35:18.143" endtime="20201017 16:35:18.207"></status>
</kw>
<status status="PASS" starttime="20201017 16:35:18.121" endtime="20201017 16:35:18.208"></status>
</kw>
<kw name="Click On Prognoses Item" library="PrognosePage">
<kw name="Wait Until Page Contains Element" library="SeleniumLibrary">
<doc>Waits until the element ``locator`` appears on the current page.</doc>
<arguments>
<arg>${mnuitem_Prognoses_xpath}</arg>
<arg>10</arg>
</arguments>
<status status="PASS" starttime="20201017 16:35:18.208" endtime="20201017 16:35:18.221"></status>
</kw>
<kw name="Click Element" library="SeleniumLibrary">
<doc>Click the element identified by ``locator``.</doc>
<arguments>
<arg>${mnuitem_Prognoses_xpath}</arg>
</arguments>
<msg timestamp="20201017 16:35:18.222" level="INFO">Clicking element '//*[@class='mainUl']/li[3]'.</msg>
<status status="PASS" starttime="20201017 16:35:18.221" endtime="20201017 16:35:18.277"></status>
</kw>
<status status="PASS" starttime="20201017 16:35:18.208" endtime="20201017 16:35:18.277"></status>
</kw>
<kw name="Click On Plus Button" library="PrognosePage">
<kw name="Wait Until Page Contains Element" library="SeleniumLibrary">
<doc>Waits until the element ``locator`` appears on the current page.</doc>
<arguments>
<arg>${button_Add_xpath}</arg>
</arguments>
<status status="PASS" starttime="20201017 16:35:18.278" endtime="20201017 16:35:20.617"></status>
</kw>
<kw name="Click Element" library="SeleniumLibrary">
<doc>Click the element identified by ``locator``.</doc>
<arguments>
<arg>${button_Add_xpath}</arg>
</arguments>
<msg timestamp="20201017 16:35:20.617" level="INFO">Clicking element '//button[@class='primary']'.</msg>
<status status="PASS" starttime="20201017 16:35:20.617" endtime="20201017 16:35:20.676"></status>
</kw>
<status status="PASS" starttime="20201017 16:35:18.278" endtime="20201017 16:35:20.676"></status>
</kw>
<kw name="Go to Verdeling van bedragen screen" library="PrognosePage">
<kw name="Wait Until Page Contains Element" library="SeleniumLibrary">
<doc>Waits until the element ``locator`` appears on the current page.</doc>
<arguments>
<arg>${NieuwePrognose_OpenOnderhoudsPagina}</arg>
</arguments>
<status status="PASS" starttime="20201017 16:35:20.677" endtime="20201017 16:35:20.994"></status>
</kw>
<kw name="Click Element" library="SeleniumLibrary">
<doc>Click the element identified by ``locator``.</doc>
<arguments>
<arg>${NieuwePrognose_OpenOnderhoudsPagina}</arg>
</arguments>
<msg timestamp="20201017 16:35:20.995" level="INFO">Clicking element '//*[contains(@data-url,'/Cashflow/CashflowYearDistribution/Overview')]'.</msg>
<status status="PASS" starttime="20201017 16:35:20.994" endtime="20201017 16:35:21.056"></status>
</kw>
<status status="PASS" starttime="20201017 16:35:20.677" endtime="20201017 16:35:21.056"></status>
</kw>
<kw name="Click On NIEUW Button" library="ToolbaarForeground">
<kw name="Wait Until Page Contains Element" library="SeleniumLibrary">
<doc>Waits until the element ``locator`` appears on the current page.</doc>
<arguments>
<arg>${VerdlingVBedragen_NIEUW}</arg>
</arguments>
<status status="PASS" starttime="20201017 16:35:21.057" endtime="20201017 16:35:21.296"></status>
</kw>
<kw name="Click Element" library="SeleniumLibrary">
<doc>Click the element identified by ``locator``.</doc>
<arguments>
<arg>${VerdlingVBedragen_NIEUW}</arg>
</arguments>
<msg timestamp="20201017 16:35:21.297" level="INFO">Clicking element '//span[contains(text(),'Nieuw')]'.</msg>
<status status="PASS" starttime="20201017 16:35:21.296" endtime="20201017 16:35:21.354"></status>
</kw>
<status status="PASS" starttime="20201017 16:35:21.057" endtime="20201017 16:35:21.354"></status>
</kw>
<kw name="Enter Code Value" library="VerdelingVanBedragenPage">
<arguments>
<arg>1</arg>
</arguments>
<kw name="Wait Until Page Contains Element" library="SeleniumLibrary">
<doc>Waits until the element ``locator`` appears on the current page.</doc>
<arguments>
<arg>${NieuweVerdlingVBedrag_Code}</arg>
<arg>10</arg>
</arguments>
<status status="PASS" starttime="20201017 16:35:21.355" endtime="20201017 16:35:21.618"></status>
</kw>
<kw name="Input Text" library="SeleniumLibrary">
<doc>Types the given ``text`` into the text field identified by ``locator``.</doc>
<arguments>
<arg>${NieuweVerdlingVBedrag_Code}</arg>
<arg>${value}</arg>
</arguments>
<msg timestamp="20201017 16:35:21.619" level="INFO">Typing text '1' into text field '//*[@data-field='Code']/input'.</msg>
<status status="PASS" starttime="20201017 16:35:21.618" endtime="20201017 16:35:21.735"></status>
</kw>
<status status="PASS" starttime="20201017 16:35:21.354" endtime="20201017 16:35:21.735"></status>
</kw>
<kw name="Enter Omschrijving Value" library="VerdelingVanBedragenPage">
<arguments>
<arg>Test omgeving</arg>
</arguments>
<kw name="Wait Until Page Contains Element" library="SeleniumLibrary">
<doc>Waits until the element ``locator`` appears on the current page.</doc>
<arguments>
<arg>${NieuweVerdlingVBedrag_Omschrijving}</arg>
<arg>10</arg>
</arguments>
<status status="PASS" starttime="20201017 16:35:21.736" endtime="20201017 16:35:21.748"></status>
</kw>
<kw name="Input Text" library="SeleniumLibrary">
<doc>Types the given ``text`` into the text field identified by ``locator``.</doc>
<arguments>
<arg>${NieuweVerdlingVBedrag_Omschrijving}</arg>
<arg>${value}</arg>
</arguments>
<msg timestamp="20201017 16:35:21.749" level="INFO">Typing text 'Test omgeving' into text field '//*[@data-field='Description']/input'.</msg>
<status status="PASS" starttime="20201017 16:35:21.748" endtime="20201017 16:35:21.899"></status>
</kw>
<status status="PASS" starttime="20201017 16:35:21.735" endtime="20201017 16:35:21.900"></status>
</kw>
<kw name="Click Opslaan Button" library="VerdelingVanBedragenPage">
<kw name="Click Element" library="SeleniumLibrary">
<doc>Click the element identified by ``locator``.</doc>
<arguments>
<arg>${btn_Opslaan_xpath}</arg>
</arguments>
<msg timestamp="20201017 16:35:21.901" level="INFO">Clicking element '//span[contains(text(),'Opslaan')]'.</msg>
<status status="PASS" starttime="20201017 16:35:21.900" endtime="20201017 16:35:21.959"></status>
</kw>
<status status="PASS" starttime="20201017 16:35:21.900" endtime="20201017 16:35:21.959"></status>
</kw>
<kw name="Click back button" library="VerdelingVanBedragenPage">
<kw name="Click Element" library="SeleniumLibrary">
<doc>Click the element identified by ``locator``.</doc>
<arguments>
<arg>${btn_Back_xpath}</arg>
</arguments>
<msg timestamp="20201017 16:35:21.960" level="INFO">Clicking element '//*[@class='toolbar foreground']/li/button[@class='primary']'.</msg>
<status status="PASS" starttime="20201017 16:35:21.960" endtime="20201017 16:35:22.028"></status>
</kw>
<status status="PASS" starttime="20201017 16:35:21.960" endtime="20201017 16:35:22.028"></status>
</kw>
<kw name="Click On NIEUW Button" library="ToolbaarForeground">
<kw name="Wait Until Page Contains Element" library="SeleniumLibrary">
<doc>Waits until the element ``locator`` appears on the current page.</doc>
<arguments>
<arg>${VerdlingVBedragen_NIEUW}</arg>
</arguments>
<status status="PASS" starttime="20201017 16:35:22.029" endtime="20201017 16:35:22.036"></status>
</kw>
<kw name="Click Element" library="SeleniumLibrary">
<doc>Click the element identified by ``locator``.</doc>
<arguments>
<arg>${VerdlingVBedragen_NIEUW}</arg>
</arguments>
<msg timestamp="20201017 16:35:22.037" level="INFO">Clicking element '//span[contains(text(),'Nieuw')]'.</msg>
<status status="PASS" starttime="20201017 16:35:22.037" endtime="20201017 16:35:22.088"></status>
</kw>
<status status="PASS" starttime="20201017 16:35:22.029" endtime="20201017 16:35:22.089"></status>
</kw>
<kw name="Enter Code Value" library="VerdelingVanBedragenPage">
<arguments>
<arg>1</arg>
</arguments>
<kw name="Wait Until Page Contains Element" library="SeleniumLibrary">
<doc>Waits until the element ``locator`` appears on the current page.</doc>
<arguments>
<arg>${NieuweVerdlingVBedrag_Code}</arg>
<arg>10</arg>
</arguments>
<status status="PASS" starttime="20201017 16:35:22.089" endtime="20201017 16:35:22.310"></status>
</kw>
<kw name="Input Text" library="SeleniumLibrary">
<doc>Types the given ``text`` into the text field identified by ``locator``.</doc>
<arguments>
<arg>${NieuweVerdlingVBedrag_Code}</arg>
<arg>${value}</arg>
</arguments>
<msg timestamp="20201017 16:35:22.311" level="INFO">Typing text '1' into text field '//*[@data-field='Code']/input'.</msg>
<status status="PASS" starttime="20201017 16:35:22.310" endtime="20201017 16:35:22.422"></status>
</kw>
<status status="PASS" starttime="20201017 16:35:22.089" endtime="20201017 16:35:22.422"></status>
</kw>
<kw name="Enter Omschrijving Value" library="VerdelingVanBedragenPage">
<arguments>
<arg>Test omgeving 2</arg>
</arguments>
<kw name="Wait Until Page Contains Element" library="SeleniumLibrary">
<doc>Waits until the element ``locator`` appears on the current page.</doc>
<arguments>
<arg>${NieuweVerdlingVBedrag_Omschrijving}</arg>
<arg>10</arg>
</arguments>
<status status="PASS" starttime="20201017 16:35:22.423" endtime="20201017 16:35:22.434"></status>
</kw>
<kw name="Input Text" library="SeleniumLibrary">
<doc>Types the given ``text`` into the text field identified by ``locator``.</doc>
<arguments>
<arg>${NieuweVerdlingVBedrag_Omschrijving}</arg>
<arg>${value}</arg>
</arguments>
<msg timestamp="20201017 16:35:22.434" level="INFO">Typing text 'Test omgeving 2' into text field '//*[@data-field='Description']/input'.</msg>
<status status="PASS" starttime="20201017 16:35:22.434" endtime="20201017 16:35:22.556"></status>
</kw>
<status status="PASS" starttime="20201017 16:35:22.423" endtime="20201017 16:35:22.557"></status>
</kw>
<kw name="Click Opslaan Button" library="VerdelingVanBedragenPage">
<kw name="Click Element" library="SeleniumLibrary">
<doc>Click the element identified by ``locator``.</doc>
<arguments>
<arg>${btn_Opslaan_xpath}</arg>
</arguments>
<msg timestamp="20201017 16:35:22.558" level="INFO">Clicking element '//span[contains(text(),'Opslaan')]'.</msg>
<status status="PASS" starttime="20201017 16:35:22.558" endtime="20201017 16:35:22.606"></status>
</kw>
<status status="PASS" starttime="20201017 16:35:22.557" endtime="20201017 16:35:22.606"></status>
</kw>
<kw name="Validate error message Verdeling van bedrag met de code" library="VerdelingVanBedragenPage">
<arguments>
<arg>Verdeling van bedrag met de code '1' bestaat al</arg>
</arguments>
<kw name="Wait Until Page Contains Element" library="SeleniumLibrary">
<doc>Waits until the element ``locator`` appears on the current page.</doc>
<arguments>
<arg>${NieuweVerdlingVBedrag_Error}</arg>
</arguments>
<status status="PASS" starttime="20201017 16:35:22.607" endtime="20201017 16:35:22.830"></status>
</kw>
<kw name="Get Text" library="SeleniumLibrary">
<doc>Returns the text value of the element identified by ``locator``.</doc>
<arguments>
<arg>${NieuweVerdlingVBedrag_Error}</arg>
</arguments>
<assign>
<var>${text}</var>
</assign>
<msg timestamp="20201017 16:35:22.858" level="INFO">${text} = Verdeling van bedrag met de code '1' bestaat al</msg>
<status status="PASS" starttime="20201017 16:35:22.830" endtime="20201017 16:35:22.858"></status>
</kw>
<kw name="Log" library="BuiltIn">
<doc>Logs the given message with the given level.</doc>
<arguments>
<arg>${text}</arg>
</arguments>
<msg timestamp="20201017 16:35:22.859" level="INFO">Verdeling van bedrag met de code '1' bestaat al</msg>
<status status="PASS" starttime="20201017 16:35:22.859" endtime="20201017 16:35:22.859"></status>
</kw>
<kw name="Element Text Should Be" library="SeleniumLibrary">
<doc>Verifies that element ``locator`` contains exact the text ``expected``.</doc>
<arguments>
<arg>${NieuweVerdlingVBedrag_Error}</arg>
<arg>${value}</arg>
</arguments>
<msg timestamp="20201017 16:35:22.859" level="INFO">Verifying element '//*[@class='error-container']/ul/li[contains(text(),'Verdeling van bedrag met de code')]' contains exact text 'Verdeling van bedrag met de code '1' bestaat al'.</msg>
<status status="PASS" starttime="20201017 16:35:22.859" endtime="20201017 16:35:22.878"></status>
</kw>
<status status="PASS" starttime="20201017 16:35:22.606" endtime="20201017 16:35:22.878"></status>
</kw>
<kw name="Finish test enviroment" library="TreasuryCommonFunctionality" type="teardown">
<kw name="Close Browser" library="SeleniumLibrary">
<doc>Closes the current browser.</doc>
<status status="PASS" starttime="20201017 16:35:22.879" endtime="20201017 16:35:25.054"></status>
</kw>
<status status="PASS" starttime="20201017 16:35:22.878" endtime="20201017 16:35:25.054"></status>
</kw>
<doc>Exists Code, Validate error message</doc>
<tags>
<tag>Functional</tag>
</tags>
<status status="PASS" starttime="20201017 16:35:13.766" endtime="20201017 16:35:25.054" critical="yes"></status>
</test>
<test id="s1-s2-t2" name="Kolom tbv Code verdeling bedrag toegevoegd aan importformaat">
<kw name="Start test enviroment" library="TreasuryCommonFunctionality" type="setup">
<kw name="Open Browser" library="SeleniumLibrary">
<doc>Opens a new browser instance to the optional ``url``.</doc>
<arguments>
<arg>${baseUrls.infrastructure}</arg>
<arg>${browser}</arg>
</arguments>
<msg timestamp="20201017 16:35:25.057" level="INFO">Opening browser 'Chrome' to base url 'https://treasury201804.aareoncloud.nl'.</msg>
<status status="PASS" starttime="20201017 16:35:25.056" endtime="20201017 16:35:28.431"></status>
</kw>
<kw name="Maximize Browser Window" library="SeleniumLibrary">
<doc>Maximizes current browser window.</doc>
<status status="PASS" starttime="20201017 16:35:28.431" endtime="20201017 16:35:28.583"></status>
</kw>
<status status="PASS" starttime="20201017 16:35:25.056" endtime="20201017 16:35:28.584"></status>
</kw>
<kw name="Enter Company Name" library="LoginPage">
<arguments>
<arg>${companyName}</arg>
</arguments>
<kw name="Input Text" library="SeleniumLibrary">
<doc>Types the given ``text`` into the text field identified by ``locator``.</doc>
<arguments>
<arg>${txt_Company_id}</arg>
<arg>${companyName}</arg>
</arguments>
<msg timestamp="20201017 16:35:28.585" level="INFO">Typing text 'Keylib omgeving' into text field 'Company'.</msg>
<status status="PASS" starttime="20201017 16:35:28.585" endtime="20201017 16:35:28.684"></status>
</kw>
<status status="PASS" starttime="20201017 16:35:28.584" endtime="20201017 16:35:28.684"></status>
</kw>
<kw name="Enter User Name" library="LoginPage">
<arguments>
<arg>${userName}</arg>
</arguments>
<kw name="Input Text" library="SeleniumLibrary">
<doc>Types the given ``text`` into the text field identified by ``locator``.</doc>
<arguments>
<arg>${txt_Username_id}</arg>
<arg>${userName}</arg>
</arguments>
<msg timestamp="20201017 16:35:28.685" level="INFO">Typing text 'anhpham' into text field 'Username'.</msg>
<status status="PASS" starttime="20201017 16:35:28.685" endtime="20201017 16:35:28.785"></status>
</kw>
<status status="PASS" starttime="20201017 16:35:28.685" endtime="20201017 16:35:28.785"></status>
</kw>
<kw name="Click Login" library="LoginPage">
<kw name="Click Button" library="SeleniumLibrary">
<doc>Clicks the button identified by ``locator``.</doc>
<arguments>
<arg>${btn_Login_id}</arg>
</arguments>
<msg timestamp="20201017 16:35:28.786" level="INFO">Clicking button 'login-button'.</msg>
<status status="PASS" starttime="20201017 16:35:28.785" endtime="20201017 16:35:29.471"></status>
</kw>
<status status="PASS" starttime="20201017 16:35:28.785" endtime="20201017 16:35:29.471"></status>
</kw>
<kw name="Click On CashManagement Menu" library="PrognosePage">
<kw name="Wait Until Page Contains Element" library="SeleniumLibrary">
<doc>Waits until the element ``locator`` appears on the current page.</doc>
<arguments>
<arg>${mnu_CashManagement_xpath}</arg>
<arg>10</arg>
</arguments>
<status status="PASS" starttime="20201017 16:35:29.471" endtime="20201017 16:35:29.500"></status>
</kw>
<kw name="Click Element" library="SeleniumLibrary">
<doc>Click the element identified by ``locator``.</doc>
<arguments>
<arg>${mnu_CashManagement_xpath}</arg>
</arguments>
<msg timestamp="20201017 16:35:29.501" level="INFO">Clicking element '//span[@class='nav-item'][contains(text(),'Cash management')]'.</msg>
<status status="PASS" starttime="20201017 16:35:29.500" endtime="20201017 16:35:29.555"></status>
</kw>
<status status="PASS" starttime="20201017 16:35:29.471" endtime="20201017 16:35:29.555"></status>
</kw>
<kw name="Click On Prognoses Item" library="PrognosePage">
<kw name="Wait Until Page Contains Element" library="SeleniumLibrary">
<doc>Waits until the element ``locator`` appears on the current page.</doc>
<arguments>
<arg>${mnuitem_Prognoses_xpath}</arg>
<arg>10</arg>
</arguments>
<status status="PASS" starttime="20201017 16:35:29.556" endtime="20201017 16:35:29.568"></status>
</kw>
<kw name="Click Element" library="SeleniumLibrary">
<doc>Click the element identified by ``locator``.</doc>
<arguments>
<arg>${mnuitem_Prognoses_xpath}</arg>
</arguments>
<msg timestamp="20201017 16:35:29.568" level="INFO">Clicking element '//*[@class='mainUl']/li[3]'.</msg>
<status status="PASS" starttime="20201017 16:35:29.568" endtime="20201017 16:35:29.627"></status>
</kw>
<status status="PASS" starttime="20201017 16:35:29.555" endtime="20201017 16:35:29.627"></status>
</kw>
<kw name="Click on IMPORTEREN CSV button" library="ToolbaarForeground">
<kw name="Wait Until Page Contains Element" library="SeleniumLibrary">
<doc>Waits until the element ``locator`` appears on the current page.</doc>
<arguments>
<arg>${toolbaar_EXPOTEREN_CSV}</arg>
</arguments>
<status status="PASS" starttime="20201017 16:35:29.628" endtime="20201017 16:35:31.033"></status>
</kw>
<kw name="Click Element" library="SeleniumLibrary">
<doc>Click the element identified by ``locator``.</doc>
<arguments>
<arg>${toolbaar_EXPOTEREN_CSV}</arg>
</arguments>
<msg timestamp="20201017 16:35:31.034" level="INFO">Clicking element '//span[contains(text(),'Importeren CSV')]'.</msg>
<status status="PASS" starttime="20201017 16:35:31.033" endtime="20201017 16:35:31.100"></status>
</kw>
<status status="PASS" starttime="20201017 16:35:29.628" endtime="20201017 16:35:31.100"></status>
</kw>
<kw name="Click on external link CSV indeling" library="ProgImportOpties">
<kw name="Wait Until Page Contains Element" library="SeleniumLibrary">
<doc>Waits until the element ``locator`` appears on the current page.</doc>
<arguments>
<arg>${ProOpties_CSVIndeling_Maintenace}</arg>
</arguments>
<status status="PASS" starttime="20201017 16:35:31.101" endtime="20201017 16:35:31.523"></status>
</kw>
<kw name="Click Element" library="SeleniumLibrary">
<doc>Click the element identified by ``locator``.</doc>
<arguments>
<arg>${ProOpties_CSVIndeling_Maintenace}</arg>
</arguments>
<msg timestamp="20201017 16:35:31.523" level="INFO">Clicking element '//button[@data-url='/Cashflow/CashflowForecastImportFormatDefinitions/Overview']'.</msg>
<status status="PASS" starttime="20201017 16:35:31.523" endtime="20201017 16:35:31.593"></status>
</kw>
<status status="PASS" starttime="20201017 16:35:31.100" endtime="20201017 16:35:31.593"></status>
</kw>
<kw name="Validate column Position distribution of amount code" library="CSVIndelingPage">
<kw name="Wait Until Page Contains Element" library="SeleniumLibrary">
<doc>Waits until the element ``locator`` appears on the current page.</doc>
<arguments>
<arg>${Positie_van_prognose_scope_column}</arg>
</arguments>
<status status="PASS" starttime="20201017 16:35:31.594" endtime="20201017 16:35:31.901"></status>
</kw>
<kw name="Page Should Contain Element" library="SeleniumLibrary">
<doc>Verifies that element ``locator`` is found on the current page.</doc>
<arguments>
<arg>${Positie_van_prognose_scope_column}</arg>
</arguments>
<msg timestamp="20201017 16:35:31.910" level="INFO">Current page contains element '//th[contains(text(),'Positie van prognose scope')]'.</msg>
<status status="PASS" starttime="20201017 16:35:31.901" endtime="20201017 16:35:31.910"></status>
</kw>
<status status="PASS" starttime="20201017 16:35:31.593" endtime="20201017 16:35:31.910"></status>
</kw>
<kw name="Finish test enviroment" library="TreasuryCommonFunctionality" type="teardown">
<kw name="Close Browser" library="SeleniumLibrary">
<doc>Closes the current browser.</doc>
<status status="PASS" starttime="20201017 16:35:31.911" endtime="20201017 16:35:34.213"></status>
</kw>
<status status="PASS" starttime="20201017 16:35:31.910" endtime="20201017 16:35:34.213"></status>
</kw>
<doc>Validate column Position distribution of amount code</doc>
<tags>
<tag>Functional</tag>
</tags>
<status status="PASS" starttime="20201017 16:35:25.055" endtime="20201017 16:35:34.213" critical="yes"></status>
</test>
<test id="s1-s2-t3" name="Toevoegen CSV-indeling met code verdeling van bedrag">
<kw name="Start test enviroment" library="TreasuryCommonFunctionality" type="setup">
<kw name="Open Browser" library="SeleniumLibrary">
<doc>Opens a new browser instance to the optional ``url``.</doc>
<arguments>
<arg>${baseUrls.infrastructure}</arg>
<arg>${browser}</arg>
</arguments>
<msg timestamp="20201017 16:35:34.215" level="INFO">Opening browser 'Chrome' to base url 'https://treasury201804.aareoncloud.nl'.</msg>
<status status="PASS" starttime="20201017 16:35:34.215" endtime="20201017 16:35:35.790"></status>
</kw>
<kw name="Maximize Browser Window" library="SeleniumLibrary">
<doc>Maximizes current browser window.</doc>
<status status="PASS" starttime="20201017 16:35:35.791" endtime="20201017 16:35:35.983"></status>
</kw>
<status status="PASS" starttime="20201017 16:35:34.215" endtime="20201017 16:35:35.983"></status>
</kw>
<kw name="Enter Company Name" library="LoginPage">
<arguments>
<arg>${companyName}</arg>
</arguments>
<kw name="Input Text" library="SeleniumLibrary">
<doc>Types the given ``text`` into the text field identified by ``locator``.</doc>
<arguments>
<arg>${txt_Company_id}</arg>
<arg>${companyName}</arg>
</arguments>
<msg timestamp="20201017 16:35:35.984" level="INFO">Typing text 'Keylib omgeving' into text field 'Company'.</msg>
<status status="PASS" starttime="20201017 16:35:35.984" endtime="20201017 16:35:36.071"></status>
</kw>
<status status="PASS" starttime="20201017 16:35:35.983" endtime="20201017 16:35:36.072"></status>
</kw>
<kw name="Enter User Name" library="LoginPage">
<arguments>
<arg>${userName}</arg>
</arguments>
<kw name="Input Text" library="SeleniumLibrary">
<doc>Types the given ``text`` into the text field identified by ``locator``.</doc>
<arguments>
<arg>${txt_Username_id}</arg>
<arg>${userName}</arg>
</arguments>
<msg timestamp="20201017 16:35:36.072" level="INFO">Typing text 'anhpham' into text field 'Username'.</msg>
<status status="PASS" starttime="20201017 16:35:36.072" endtime="20201017 16:35:36.161"></status>
</kw>
<status status="PASS" starttime="20201017 16:35:36.072" endtime="20201017 16:35:36.161"></status>
</kw>
<kw name="Click Login" library="LoginPage">
<kw name="Click Button" library="SeleniumLibrary">
<doc>Clicks the button identified by ``locator``.</doc>
<arguments>
<arg>${btn_Login_id}</arg>
</arguments>
<msg timestamp="20201017 16:35:36.162" level="INFO">Clicking button 'login-button'.</msg>
<status status="PASS" starttime="20201017 16:35:36.162" endtime="20201017 16:35:36.950"></status>
</kw>
<status status="PASS" starttime="20201017 16:35:36.161" endtime="20201017 16:35:36.950"></status>
</kw>
<kw name="Click On CashManagement Menu" library="PrognosePage">
<kw name="Wait Until Page Contains Element" library="SeleniumLibrary">
<doc>Waits until the element ``locator`` appears on the current page.</doc>
<arguments>
<arg>${mnu_CashManagement_xpath}</arg>
<arg>10</arg>
</arguments>
<status status="PASS" starttime="20201017 16:35:36.951" endtime="20201017 16:35:36.967"></status>
</kw>
<kw name="Click Element" library="SeleniumLibrary">
<doc>Click the element identified by ``locator``.</doc>
<arguments>
<arg>${mnu_CashManagement_xpath}</arg>
</arguments>
<msg timestamp="20201017 16:35:36.967" level="INFO">Clicking element '//span[@class='nav-item'][contains(text(),'Cash management')]'.</msg>
<status status="PASS" starttime="20201017 16:35:36.967" endtime="20201017 16:35:37.024"></status>
</kw>
<status status="PASS" starttime="20201017 16:35:36.950" endtime="20201017 16:35:37.024"></status>
</kw>
<kw name="Click On Prognoses Item" library="PrognosePage">
<kw name="Wait Until Page Contains Element" library="SeleniumLibrary">
<doc>Waits until the element ``locator`` appears on the current page.</doc>
<arguments>
<arg>${mnuitem_Prognoses_xpath}</arg>
<arg>10</arg>
</arguments>
<status status="PASS" starttime="20201017 16:35:37.024" endtime="20201017 16:35:37.035"></status>
</kw>
<kw name="Click Element" library="SeleniumLibrary">
<doc>Click the element identified by ``locator``.</doc>
<arguments>
<arg>${mnuitem_Prognoses_xpath}</arg>
</arguments>
<msg timestamp="20201017 16:35:37.036" level="INFO">Clicking element '//*[@class='mainUl']/li[3]'.</msg>
<status status="PASS" starttime="20201017 16:35:37.035" endtime="20201017 16:35:37.106"></status>
</kw>
<status status="PASS" starttime="20201017 16:35:37.024" endtime="20201017 16:35:37.107"></status>
</kw>
<kw name="Click on IMPORTEREN CSV button" library="ToolbaarForeground">
<kw name="Wait Until Page Contains Element" library="SeleniumLibrary">
<doc>Waits until the element ``locator`` appears on the current page.</doc>
<arguments>
<arg>${toolbaar_EXPOTEREN_CSV}</arg>
</arguments>
<status status="PASS" starttime="20201017 16:35:37.107" endtime="20201017 16:35:38.015"></status>
</kw>
<kw name="Click Element" library="SeleniumLibrary">
<doc>Click the element identified by ``locator``.</doc>
<arguments>
<arg>${toolbaar_EXPOTEREN_CSV}</arg>
</arguments>
<msg timestamp="20201017 16:35:38.015" level="INFO">Clicking element '//span[contains(text(),'Importeren CSV')]'.</msg>
<status status="PASS" starttime="20201017 16:35:38.015" endtime="20201017 16:35:38.069"></status>
</kw>
<status status="PASS" starttime="20201017 16:35:37.107" endtime="20201017 16:35:38.069"></status>
</kw>
<kw name="Click on external link CSV indeling" library="ProgImportOpties">
<kw name="Wait Until Page Contains Element" library="SeleniumLibrary">
<doc>Waits until the element ``locator`` appears on the current page.</doc>
<arguments>
<arg>${ProOpties_CSVIndeling_Maintenace}</arg>
</arguments>
<status status="PASS" starttime="20201017 16:35:38.070" endtime="20201017 16:35:38.322"></status>
</kw>
<kw name="Click Element" library="SeleniumLibrary">
<doc>Click the element identified by ``locator``.</doc>
<arguments>
<arg>${ProOpties_CSVIndeling_Maintenace}</arg>
</arguments>
<msg timestamp="20201017 16:35:38.323" level="INFO">Clicking element '//button[@data-url='/Cashflow/CashflowForecastImportFormatDefinitions/Overview']'.</msg>
<status status="PASS" starttime="20201017 16:35:38.322" endtime="20201017 16:35:38.403"></status>
</kw>
<status status="PASS" starttime="20201017 16:35:38.070" endtime="20201017 16:35:38.403"></status>
</kw>
<kw name="Click On NIEUW Button" library="ToolbaarForeground">
<kw name="Wait Until Page Contains Element" library="SeleniumLibrary">
<doc>Waits until the element ``locator`` appears on the current page.</doc>
<arguments>
<arg>${VerdlingVBedragen_NIEUW}</arg>
</arguments>
<status status="PASS" starttime="20201017 16:35:38.404" endtime="20201017 16:35:38.633"></status>
</kw>
<kw name="Click Element" library="SeleniumLibrary">
<doc>Click the element identified by ``locator``.</doc>
<arguments>
<arg>${VerdlingVBedragen_NIEUW}</arg>
</arguments>
<msg timestamp="20201017 16:35:38.634" level="INFO">Clicking element '//span[contains(text(),'Nieuw')]'.</msg>
<status status="PASS" starttime="20201017 16:35:38.633" endtime="20201017 16:35:38.755"></status>
</kw>
<status status="PASS" starttime="20201017 16:35:38.403" endtime="20201017 16:35:38.755"></status>
</kw>
<kw name="Click on Genereer botton" library="CSVIndelingPage">
<kw name="Wait Until Page Contains Element" library="SeleniumLibrary">
<doc>Waits until the element ``locator`` appears on the current page.</doc>
<arguments>
<arg>${CsvIndeling_Genereer}</arg>
</arguments>
<status status="PASS" starttime="20201017 16:35:38.756" endtime="20201017 16:35:38.982"></status>
</kw>
<kw name="Click Element" library="SeleniumLibrary">
<doc>Click the element identified by ``locator``.</doc>
<arguments>
<arg>${CsvIndeling_Genereer}</arg>
</arguments>
<msg timestamp="20201017 16:35:38.983" level="INFO">Clicking element '//button[contains(text(),'Genereer')]'.</msg>
<status status="PASS" starttime="20201017 16:35:38.982" endtime="20201017 16:35:39.043"></status>
</kw>
<status status="PASS" starttime="20201017 16:35:38.755" endtime="20201017 16:35:39.043"></status>
</kw>
<kw name="Enter Omshrijving" library="CSVIndelingPage">
<arguments>
<arg>${omshrijving}</arg>
</arguments>
<kw name="Wait Until Page Contains Element" library="SeleniumLibrary">
<doc>Waits until the element ``locator`` appears on the current page.</doc>
<arguments>
<arg>${CsvIndeling_Omschrijving}</arg>
</arguments>
<status status="PASS" starttime="20201017 16:35:39.044" endtime="20201017 16:35:39.061"></status>
</kw>
<kw name="Input Text" library="SeleniumLibrary">
<doc>Types the given ``text`` into the text field identified by ``locator``.</doc>
<arguments>
<arg>${CsvIndeling_Omschrijving}</arg>
<arg>${value}</arg>
</arguments>
<msg timestamp="20201017 16:35:39.061" level="INFO">Typing text 'CSV Indeling voor Robotframework' into text field '//div[@data-field='Description']/input'.</msg>
<status status="PASS" starttime="20201017 16:35:39.061" endtime="20201017 16:35:39.234"></status>
</kw>
<status status="PASS" starttime="20201017 16:35:39.044" endtime="20201017 16:35:39.234"></status>
</kw>
<kw name="Enter Positie van bankrekening" library="CSVIndelingPage">
<arguments>
<arg>C</arg>
</arguments>
<kw name="Wait Until Page Contains Element" library="SeleniumLibrary">
<doc>Waits until the element ``locator`` appears on the current page.</doc>
<arguments>
<arg>${CsvIndeling_PositieBank}</arg>
</arguments>
<status status="PASS" starttime="20201017 16:35:39.235" endtime="20201017 16:35:39.251"></status>
</kw>
<kw name="Input Text" library="SeleniumLibrary">
<doc>Types the given ``text`` into the text field identified by ``locator``.</doc>
<arguments>
<arg>${CsvIndeling_PositieBank}</arg>
<arg>${value}</arg>
</arguments>
<msg timestamp="20201017 16:35:39.252" level="INFO">Typing text 'C' into text field '//*[@data-field='SequenceOfBankAccount']/input'.</msg>
<status status="PASS" starttime="20201017 16:35:39.252" endtime="20201017 16:35:39.344"></status>
</kw>
<status status="PASS" starttime="20201017 16:35:39.235" endtime="20201017 16:35:39.345"></status>
</kw>
<kw name="Enter Positie van Datum" library="CSVIndelingPage">
<arguments>
<arg>D</arg>
</arguments>
<kw name="Wait Until Page Contains Element" library="SeleniumLibrary">
<doc>Waits until the element ``locator`` appears on the current page.</doc>
<arguments>
<arg>${CsvIndeling_PositieDatum}</arg>
</arguments>
<status status="PASS" starttime="20201017 16:35:39.345" endtime="20201017 16:35:39.360"></status>
</kw>
<kw name="Input Text" library="SeleniumLibrary">
<doc>Types the given ``text`` into the text field identified by ``locator``.</doc>
<arguments>
<arg>${CsvIndeling_PositieDatum}</arg>
<arg>${value}</arg>
</arguments>
<msg timestamp="20201017 16:35:39.361" level="INFO">Typing text 'D' into text field '//*[@data-field='SequenceOfDate']/input'.</msg>
<status status="PASS" starttime="20201017 16:35:39.360" endtime="20201017 16:35:39.458"></status>
</kw>
<status status="PASS" starttime="20201017 16:35:39.345" endtime="20201017 16:35:39.458"></status>
</kw>
<kw name="Enter Positie van bedrag" library="CSVIndelingPage">
<arguments>
<arg>F</arg>
</arguments>
<kw name="Wait Until Page Contains Element" library="SeleniumLibrary">
<doc>Waits until the element ``locator`` appears on the current page.</doc>
<arguments>
<arg>${CsvIndeling_PositieBedrag}</arg>
</arguments>
<status status="PASS" starttime="20201017 16:35:39.459" endtime="20201017 16:35:39.485"></status>
</kw>
<kw name="Input Text" library="SeleniumLibrary">
<doc>Types the given ``text`` into the text field identified by ``locator``.</doc>
<arguments>
<arg>${CsvIndeling_PositieBedrag}</arg>
<arg>${value}</arg>
</arguments>
<msg timestamp="20201017 16:35:39.485" level="INFO">Typing text 'F' into text field '//*[@data-field='SequenceOfAmount']/input'.</msg>
<status status="PASS" starttime="20201017 16:35:39.485" endtime="20201017 16:35:39.578"></status>
</kw>
<status status="PASS" starttime="20201017 16:35:39.458" endtime="20201017 16:35:39.578"></status>
</kw>
<kw name="Enter Positie van omschrijving" library="CSVIndelingPage">
<arguments>
<arg>B</arg>
</arguments>
<kw name="Wait Until Page Contains Element" library="SeleniumLibrary">
<doc>Waits until the element ``locator`` appears on the current page.</doc>
<arguments>
<arg>${CsvIndeling_PositieOmschrijving}</arg>
</arguments>
<status status="PASS" starttime="20201017 16:35:39.579" endtime="20201017 16:35:39.591"></status>
</kw>
<kw name="Input Text" library="SeleniumLibrary">
<doc>Types the given ``text`` into the text field identified by ``locator``.</doc>
<arguments>
<arg>${CsvIndeling_PositieOmschrijving}</arg>
<arg>${value}</arg>
</arguments>
<msg timestamp="20201017 16:35:39.591" level="INFO">Typing text 'B' into text field '//*[@data-field='SequenceOfDescription']/input'.</msg>
<status status="PASS" starttime="20201017 16:35:39.591" endtime="20201017 16:35:39.692"></status>
</kw>
<status status="PASS" starttime="20201017 16:35:39.578" endtime="20201017 16:35:39.692"></status>
</kw>
<kw name="Select Sheidingsteken" library="CSVIndelingPage">
<arguments>
<arg>${label}</arg>
</arguments>
<kw name="Wait Until Page Contains Element" library="SeleniumLibrary">
<doc>Waits until the element ``locator`` appears on the current page.</doc>
<arguments>
<arg>${CsvIndeling_Scheidingsteken}</arg>
</arguments>
<status status="PASS" starttime="20201017 16:35:39.693" endtime="20201017 16:35:39.710"></status>
</kw>
<kw name="Select From List By Label" library="SeleniumLibrary">
<doc>Selects options from selection list ``locator`` by ``labels``.</doc>
<arguments>
<arg>${CsvIndeling_Scheidingsteken}</arg>
<arg>${value}</arg>
</arguments>
<msg timestamp="20201017 16:35:39.710" level="INFO">Selecting options from selection list '//select[@class='select-control']' by label Dubbele punt ( : ).</msg>
<status status="PASS" starttime="20201017 16:35:39.710" endtime="20201017 16:35:39.779"></status>
</kw>
<status status="PASS" starttime="20201017 16:35:39.693" endtime="20201017 16:35:39.779"></status>
</kw>
<kw name="Select radio button dd_mm_jjjj" library="CSVIndelingPage">
<kw name="Wait Until Page Contains Element" library="SeleniumLibrary">
<doc>Waits until the element ``locator`` appears on the current page.</doc>
<arguments>
<arg>${dd_mm_jjjj}</arg>
</arguments>
<status status="PASS" starttime="20201017 16:35:39.779" endtime="20201017 16:35:39.838"></status>
</kw>
<kw name="Select Radio Button" library="SeleniumLibrary">
<doc>Sets the radio button group ``group_name`` to ``value``.</doc>
<arguments>
<arg>DateFormat</arg>
<arg>dd_mm_yyyy</arg>
</arguments>
<msg timestamp="20201017 16:35:39.839" level="INFO">Selecting 'dd_mm_yyyy' from radio button 'DateFormat'.</msg>
<status status="PASS" starttime="20201017 16:35:39.838" endtime="20201017 16:35:39.934"></status>
</kw>
<status status="PASS" starttime="20201017 16:35:39.779" endtime="20201017 16:35:39.935"></status>
</kw>
<kw name="Click On OPSLAAN Button" library="ToolbaarForeground">
<kw name="Wait Until Page Contains Element" library="SeleniumLibrary">
<doc>Waits until the element ``locator`` appears on the current page.</doc>
<arguments>
<arg>${btn_Opslaan_xpath}</arg>
</arguments>
<status status="PASS" starttime="20201017 16:35:39.935" endtime="20201017 16:35:39.946"></status>
</kw>
<kw name="Click Element" library="SeleniumLibrary">
<doc>Click the element identified by ``locator``.</doc>
<arguments>
<arg>${btn_Opslaan_xpath}</arg>
</arguments>
<msg timestamp="20201017 16:35:39.947" level="INFO">Clicking element '//span[contains(text(),'Opslaan')]'.</msg>
<status status="PASS" starttime="20201017 16:35:39.947" endtime="20201017 16:35:40.000"></status>
</kw>
<status status="PASS" starttime="20201017 16:35:39.935" endtime="20201017 16:35:40.000"></status>
</kw>
<kw name="Click on Back button" library="ToolbaarForeground">
<kw name="Wait Until Page Contains Element" library="SeleniumLibrary">
<doc>Waits until the element ``locator`` appears on the current page.</doc>
<arguments>
<arg>${btn_Back_xpath}</arg>
</arguments>
<status status="PASS" starttime="20201017 16:35:40.001" endtime="20201017 16:35:40.023"></status>
</kw>
<kw name="Click Element" library="SeleniumLibrary">
<doc>Click the element identified by ``locator``.</doc>
<arguments>
<arg>${btn_Back_xpath}</arg>
</arguments>
<msg timestamp="20201017 16:35:40.024" level="INFO">Clicking element '//*[@class='toolbar foreground']/li/button[@class='primary']'.</msg>
<kw name="Capture Page Screenshot" library="SeleniumLibrary">
<doc>Takes a screenshot of the current page and embeds it into a log file.</doc>
<msg timestamp="20201017 16:35:40.723" level="INFO" html="yes">&lt;/td&gt;&lt;/tr&gt;&lt;tr&gt;&lt;td colspan="3"&gt;&lt;a href="selenium-screenshot-12.png"&gt;&lt;img src="selenium-screenshot-12.png" width="800px"&gt;&lt;/a&gt;</msg>
<status status="PASS" starttime="20201017 16:35:40.060" endtime="20201017 16:35:40.724"></status>
</kw>
<msg timestamp="20201017 16:35:40.727" level="FAIL">StaleElementReferenceException: Message: stale element reference: element is not attached to the page document
  (Session info: chrome=85.0.4183.121)
</msg>
<status status="FAIL" starttime="20201017 16:35:40.023" endtime="20201017 16:35:40.727"></status>
</kw>
<status status="FAIL" starttime="20201017 16:35:40.001" endtime="20201017 16:35:40.728"></status>
</kw>
<kw name="Finish test enviroment" library="TreasuryCommonFunctionality" type="teardown">
<kw name="Close Browser" library="SeleniumLibrary">
<doc>Closes the current browser.</doc>
<status status="PASS" starttime="20201017 16:35:40.728" endtime="20201017 16:35:42.848"></status>
</kw>
<status status="PASS" starttime="20201017 16:35:40.728" endtime="20201017 16:35:42.848"></status>
</kw>
<doc>Validate new distribution is saved</doc>
<tags>
<tag>Functional</tag>
</tags>
<status status="FAIL" starttime="20201017 16:35:34.214" endtime="20201017 16:35:42.848" critical="yes">StaleElementReferenceException: Message: stale element reference: element is not attached to the page document
  (Session info: chrome=85.0.4183.121)
</status>
</test>
<test id="s1-s2-t4" name="Code verdeling Jaar en prognose scope Fixed of Dag geeft foutmelding bij import (verdeling wissen)">
<kw name="Start test enviroment" library="TreasuryCommonFunctionality" type="setup">
<kw name="Open Browser" library="SeleniumLibrary">
<doc>Opens a new browser instance to the optional ``url``.</doc>
<arguments>
<arg>${baseUrls.infrastructure}</arg>
<arg>${browser}</arg>
</arguments>
<msg timestamp="20201017 16:35:42.851" level="INFO">Opening browser 'Chrome' to base url 'https://treasury201804.aareoncloud.nl'.</msg>
<status status="PASS" starttime="20201017 16:35:42.850" endtime="20201017 16:35:46.138"></status>
</kw>
<kw name="Maximize Browser Window" library="SeleniumLibrary">
<doc>Maximizes current browser window.</doc>
<status status="PASS" starttime="20201017 16:35:46.138" endtime="20201017 16:35:46.322"></status>
</kw>
<status status="PASS" starttime="20201017 16:35:42.850" endtime="20201017 16:35:46.322"></status>
</kw>
<kw name="Enter Company Name" library="LoginPage">
<arguments>
<arg>${companyName}</arg>
</arguments>
<kw name="Input Text" library="SeleniumLibrary">
<doc>Types the given ``text`` into the text field identified by ``locator``.</doc>
<arguments>
<arg>${txt_Company_id}</arg>
<arg>${companyName}</arg>
</arguments>
<msg timestamp="20201017 16:35:46.323" level="INFO">Typing text 'Keylib omgeving' into text field 'Company'.</msg>
<status status="PASS" starttime="20201017 16:35:46.323" endtime="20201017 16:35:46.427"></status>
</kw>
<status status="PASS" starttime="20201017 16:35:46.323" endtime="20201017 16:35:46.427"></status>
</kw>
<kw name="Enter User Name" library="LoginPage">
<arguments>
<arg>${userName}</arg>
</arguments>
<kw name="Input Text" library="SeleniumLibrary">
<doc>Types the given ``text`` into the text field identified by ``locator``.</doc>
<arguments>
<arg>${txt_Username_id}</arg>
<arg>${userName}</arg>
</arguments>
<msg timestamp="20201017 16:35:46.428" level="INFO">Typing text 'anhpham' into text field 'Username'.</msg>
<status status="PASS" starttime="20201017 16:35:46.428" endtime="20201017 16:35:46.523"></status>
</kw>
<status status="PASS" starttime="20201017 16:35:46.427" endtime="20201017 16:35:46.523"></status>
</kw>
<kw name="Click Login" library="LoginPage">
<kw name="Click Button" library="SeleniumLibrary">
<doc>Clicks the button identified by ``locator``.</doc>
<arguments>
<arg>${btn_Login_id}</arg>
</arguments>
<msg timestamp="20201017 16:35:46.524" level="INFO">Clicking button 'login-button'.</msg>
<status status="PASS" starttime="20201017 16:35:46.524" endtime="20201017 16:35:47.211"></status>
</kw>
<status status="PASS" starttime="20201017 16:35:46.524" endtime="20201017 16:35:47.212"></status>
</kw>
<kw name="Click On CashManagement Menu" library="PrognosePage">
<kw name="Wait Until Page Contains Element" library="SeleniumLibrary">
<doc>Waits until the element ``locator`` appears on the current page.</doc>
<arguments>
<arg>${mnu_CashManagement_xpath}</arg>
<arg>10</arg>
</arguments>
<status status="PASS" starttime="20201017 16:35:47.213" endtime="20201017 16:35:47.241"></status>
</kw>
<kw name="Click Element" library="SeleniumLibrary">
<doc>Click the element identified by ``locator``.</doc>
<arguments>
<arg>${mnu_CashManagement_xpath}</arg>
</arguments>
<msg timestamp="20201017 16:35:47.242" level="INFO">Clicking element '//span[@class='nav-item'][contains(text(),'Cash management')]'.</msg>
<status status="PASS" starttime="20201017 16:35:47.241" endtime="20201017 16:35:47.295"></status>
</kw>
<status status="PASS" starttime="20201017 16:35:47.212" endtime="20201017 16:35:47.295"></status>
</kw>
<kw name="Click On Prognoses Item" library="PrognosePage">
<kw name="Wait Until Page Contains Element" library="SeleniumLibrary">
<doc>Waits until the element ``locator`` appears on the current page.</doc>
<arguments>
<arg>${mnuitem_Prognoses_xpath}</arg>
<arg>10</arg>
</arguments>
<status status="PASS" starttime="20201017 16:35:47.296" endtime="20201017 16:35:47.313"></status>
</kw>
<kw name="Click Element" library="SeleniumLibrary">
<doc>Click the element identified by ``locator``.</doc>
<arguments>
<arg>${mnuitem_Prognoses_xpath}</arg>
</arguments>
<msg timestamp="20201017 16:35:47.313" level="INFO">Clicking element '//*[@class='mainUl']/li[3]'.</msg>
<status status="PASS" starttime="20201017 16:35:47.313" endtime="20201017 16:35:47.365"></status>
</kw>
<status status="PASS" starttime="20201017 16:35:47.295" endtime="20201017 16:35:47.365"></status>
</kw>
<kw name="Click on IMPORTEREN CSV button" library="ToolbaarForeground">
<kw name="Wait Until Page Contains Element" library="SeleniumLibrary">
<doc>Waits until the element ``locator`` appears on the current page.</doc>
<arguments>
<arg>${toolbaar_EXPOTEREN_CSV}</arg>
</arguments>
<status status="PASS" starttime="20201017 16:35:47.366" endtime="20201017 16:35:48.406"></status>
</kw>
<kw name="Click Element" library="SeleniumLibrary">
<doc>Click the element identified by ``locator``.</doc>
<arguments>
<arg>${toolbaar_EXPOTEREN_CSV}</arg>
</arguments>
<msg timestamp="20201017 16:35:48.407" level="INFO">Clicking element '//span[contains(text(),'Importeren CSV')]'.</msg>
<status status="PASS" starttime="20201017 16:35:48.406" endtime="20201017 16:35:48.457"></status>
</kw>
<status status="PASS" starttime="20201017 16:35:47.366" endtime="20201017 16:35:48.457"></status>
</kw>
<kw name="Send file" library="ProgImportOpties">
<arguments>
<arg>${bestand}</arg>
</arguments>
<kw name="Wait Until Page Contains Element" library="SeleniumLibrary">
<doc>Waits until the element ``locator`` appears on the current page.</doc>
<arguments>
<arg>${ProOpties_Bestand}</arg>
</arguments>
<status status="PASS" starttime="20201017 16:35:48.458" endtime="20201017 16:35:48.717"></status>
</kw>
<kw name="Choose File" library="SeleniumLibrary">
<doc>Inputs the ``file_path`` into the file input field ``locator``.</doc>
<arguments>
<arg>${ProOpties_Bestand}</arg>
<arg>${bestand}</arg>
</arguments>
<msg timestamp="20201017 16:35:48.718" level="INFO">Sending C:\PythonProject\RobotFramework\Tests\TreasuryInstrumenten\FunctionalTestSuite\prognose1.csv to browser.</msg>
<status status="PASS" starttime="20201017 16:35:48.717" endtime="20201017 16:35:48.765"></status>
</kw>
<status status="PASS" starttime="20201017 16:35:48.458" endtime="20201017 16:35:48.765"></status>
</kw>
<kw name="Enter Datum van af" library="ProgImportOpties">
<arguments>
<arg>1-9-2020</arg>
</arguments>
<kw name="Click Element" library="SeleniumLibrary">
<doc>Click the element identified by ``locator``.</doc>
<arguments>
<arg>${ProOpties_Datumvanaf}</arg>
</arguments>
<msg timestamp="20201017 16:35:48.766" level="INFO">Clicking element '//div[@data-field='StartDate']/input'.</msg>
<status status="PASS" starttime="20201017 16:35:48.766" endtime="20201017 16:35:48.826"></status>
</kw>
<kw name="Wait Until Page Contains Element" library="SeleniumLibrary">
<doc>Waits until the element ``locator`` appears on the current page.</doc>
<arguments>
<arg>${ProOpties_Datumvanaf_Type}</arg>
</arguments>
<status status="PASS" starttime="20201017 16:35:48.826" endtime="20201017 16:35:48.838"></status>
</kw>
<kw name="Select From List By Label" library="SeleniumLibrary">
<doc>Selects options from selection list ``locator`` by ``labels``.</doc>
<arguments>
<arg>${ProOpties_Datumvanaf_Type}</arg>
<arg>Fixed</arg>
</arguments>
<msg timestamp="20201017 16:35:48.838" level="INFO">Selecting options from selection list '//select[@class='select-control period-selector']' by label Fixed.</msg>
<status status="PASS" starttime="20201017 16:35:48.838" endtime="20201017 16:35:48.927"></status>
</kw>
<kw name="Wait Until Page Contains Element" library="SeleniumLibrary">
<doc>Waits until the element ``locator`` appears on the current page.</doc>
<arguments>
<arg>${ProOpties_Datumvanaf_Datum}</arg>
</arguments>
<status status="PASS" starttime="20201017 16:35:48.927" endtime="20201017 16:35:48.938"></status>
</kw>
<kw name="Input Text" library="SeleniumLibrary">
<doc>Types the given ``text`` into the text field identified by ``locator``.</doc>
<arguments>
<arg>${ProOpties_Datumvanaf_Datum}</arg>
<arg>${Datum}</arg>
</arguments>
<msg timestamp="20201017 16:35:48.939" level="INFO">Typing text '1-9-2020' into text field '//div[@class='editor-row start-date-group']/input'.</msg>
<status status="PASS" starttime="20201017 16:35:48.938" endtime="20201017 16:35:49.154"></status>
</kw>
<kw name="Wait Until Page Contains Element" library="SeleniumLibrary">
<doc>Waits until the element ``locator`` appears on the current page.</doc>
<arguments>
<arg>${ProOpties_Datumvanaf_Ok}</arg>
</arguments>
<status status="PASS" starttime="20201017 16:35:49.154" endtime="20201017 16:35:49.166"></status>
</kw>
<kw name="Click Element" library="SeleniumLibrary">
<doc>Click the element identified by ``locator``.</doc>
<arguments>
<arg>${ProOpties_Datumvanaf_Ok}</arg>
</arguments>
<msg timestamp="20201017 16:35:49.167" level="INFO">Clicking element '//button[@class='mainframe-save']'.</msg>
<status status="PASS" starttime="20201017 16:35:49.167" endtime="20201017 16:35:49.238"></status>
</kw>
<status status="PASS" starttime="20201017 16:35:48.765" endtime="20201017 16:35:49.238"></status>
</kw>
<kw name="Select CSV Indeling" library="ProgImportOpties">
<arguments>
<arg>Inclusief code verdeling bedrag</arg>
</arguments>
<kw name="Catenate" library="BuiltIn">
<doc>Catenates the given items together and returns the resulted string.</doc>
<arguments>
<arg>option[contains(text(),'${value}')]</arg>
</arguments>
<assign>
<var>${temp}</var>
</assign>
<msg timestamp="20201017 16:35:49.239" level="INFO">${temp} = option[contains(text(),'Inclusief code verdeling bedrag')]</msg>
<status status="PASS" starttime="20201017 16:35:49.238" endtime="20201017 16:35:49.239"></status>
</kw>
<kw name="Catenate" library="BuiltIn">
<doc>Catenates the given items together and returns the resulted string.</doc>
<arguments>
<arg>${ProOpties_CSVIndeling}/${temp}</arg>
</arguments>
<assign>
<var>${s}</var>
</assign>
<msg timestamp="20201017 16:35:49.239" level="INFO">${s} = //div[@data-field='ImportFormatDefinitionId']/select/option[contains(text(),'Inclusief code verdeling bedrag')]</msg>
<status status="PASS" starttime="20201017 16:35:49.239" endtime="20201017 16:35:49.239"></status>
</kw>
<kw name="Wait Until Page Contains Element" library="SeleniumLibrary">
<doc>Waits until the element ``locator`` appears on the current page.</doc>
<arguments>
<arg>${ProOpties_CSVIndeling}</arg>
</arguments>
<status status="PASS" starttime="20201017 16:35:49.239" endtime="20201017 16:35:49.251"></status>
</kw>
<kw name="Click Element" library="SeleniumLibrary">
<doc>Click the element identified by ``locator``.</doc>
<arguments>
<arg>${ProOpties_CSVIndeling}</arg>
</arguments>
<msg timestamp="20201017 16:35:49.251" level="INFO">Clicking element '//div[@data-field='ImportFormatDefinitionId']/select'.</msg>
<status status="PASS" starttime="20201017 16:35:49.251" endtime="20201017 16:35:49.318"></status>
</kw>
<kw name="Click Element" library="SeleniumLibrary">
<doc>Click the element identified by ``locator``.</doc>
<arguments>
<arg>${s}</arg>
</arguments>
<msg timestamp="20201017 16:35:49.318" level="INFO">Clicking element '//div[@data-field='ImportFormatDefinitionId']/select/option[contains(text(),'Inclusief code verdeling bedrag')]'.</msg>
<status status="PASS" starttime="20201017 16:35:49.318" endtime="20201017 16:35:49.382"></status>
</kw>
<status status="PASS" starttime="20201017 16:35:49.238" endtime="20201017 16:35:49.382"></status>
</kw>
<kw name="Click on Volgende button" library="ProgImportOpties">
<kw name="Wait Until Page Contains Element" library="SeleniumLibrary">
<doc>Waits until the element ``locator`` appears on the current page.</doc>
<arguments>
<arg>${ProOpties_Volgende}</arg>
</arguments>
<status status="PASS" starttime="20201017 16:35:49.383" endtime="20201017 16:35:49.400"></status>
</kw>
<kw name="Click Element" library="SeleniumLibrary">
<doc>Click the element identified by ``locator``.</doc>
<arguments>
<arg>${ProOpties_Volgende}</arg>
</arguments>
<msg timestamp="20201017 16:35:49.400" level="INFO">Clicking element '//button[contains(text(),'Volgende')]'.</msg>
<status status="PASS" starttime="20201017 16:35:49.400" endtime="20201017 16:35:49.611"></status>
</kw>
<status status="PASS" starttime="20201017 16:35:49.382" endtime="20201017 16:35:49.611"></status>
</kw>
<kw name="Finish test enviroment" library="TreasuryCommonFunctionality" type="teardown">
<kw name="Close Browser" library="SeleniumLibrary">
<doc>Closes the current browser.</doc>
<status status="PASS" starttime="20201017 16:35:49.612" endtime="20201017 16:35:51.801"></status>
</kw>
<status status="PASS" starttime="20201017 16:35:49.612" endtime="20201017 16:35:51.801"></status>
</kw>
<doc>Confirm that forecast scope 'Fixed' and 'Dag' have no 'Jaar' distribution</doc>
<tags>
<tag>Functional</tag>
</tags>
<status status="PASS" starttime="20201017 16:35:42.849" endtime="20201017 16:35:51.801" critical="yes"></status>
</test>
<doc>The test cases from the import forecast screen</doc>
<status status="FAIL" starttime="20201017 16:35:13.732" endtime="20201017 16:35:51.802"></status>
</suite>
<suite id="s1-s3" name="LeningTest" source="C:\PythonProject\RobotFramework\Tests\TreasuryInstrumenten\FunctionalTestSuite\LeningTest.robot">
<test id="s1-s3-t1" name="Validate succesfully open leneningen page">
<kw name="Start test enviroment" library="TreasuryCommonFunctionality" type="setup">
<kw name="Open Browser" library="SeleniumLibrary">
<doc>Opens a new browser instance to the optional ``url``.</doc>
<arguments>
<arg>${baseUrls.infrastructure}</arg>
<arg>${browser}</arg>
</arguments>
<msg timestamp="20201017 16:35:51.831" level="INFO">Opening browser 'Chrome' to base url 'https://treasury201804.aareoncloud.nl'.</msg>
<status status="PASS" starttime="20201017 16:35:51.830" endtime="20201017 16:35:55.171"></status>
</kw>
<kw name="Maximize Browser Window" library="SeleniumLibrary">
<doc>Maximizes current browser window.</doc>
<status status="PASS" starttime="20201017 16:35:55.171" endtime="20201017 16:35:55.351"></status>
</kw>
<status status="PASS" starttime="20201017 16:35:51.830" endtime="20201017 16:35:55.351"></status>
</kw>
<kw name="Enter Company Name" library="LoginPage">
<arguments>
<arg>${companyName}</arg>
</arguments>
<kw name="Input Text" library="SeleniumLibrary">
<doc>Types the given ``text`` into the text field identified by ``locator``.</doc>
<arguments>
<arg>${txt_Company_id}</arg>
<arg>${companyName}</arg>
</arguments>
<msg timestamp="20201017 16:35:55.352" level="INFO">Typing text 'Keylib omgeving' into text field 'Company'.</msg>
<status status="PASS" starttime="20201017 16:35:55.352" endtime="20201017 16:35:55.471"></status>
</kw>
<status status="PASS" starttime="20201017 16:35:55.352" endtime="20201017 16:35:55.471"></status>
</kw>
<kw name="Enter User Name" library="LoginPage">
<arguments>
<arg>${userName}</arg>
</arguments>
<kw name="Input Text" library="SeleniumLibrary">
<doc>Types the given ``text`` into the text field identified by ``locator``.</doc>
<arguments>
<arg>${txt_Username_id}</arg>
<arg>${userName}</arg>
</arguments>
<msg timestamp="20201017 16:35:55.472" level="INFO">Typing text 'anhpham' into text field 'Username'.</msg>
<status status="PASS" starttime="20201017 16:35:55.471" endtime="20201017 16:35:55.558"></status>
</kw>
<status status="PASS" starttime="20201017 16:35:55.471" endtime="20201017 16:35:55.558"></status>
</kw>
<kw name="Click Login" library="LoginPage">
<kw name="Click Button" library="SeleniumLibrary">
<doc>Clicks the button identified by ``locator``.</doc>
<arguments>
<arg>${btn_Login_id}</arg>
</arguments>
<msg timestamp="20201017 16:35:55.559" level="INFO">Clicking button 'login-button'.</msg>
<status status="PASS" starttime="20201017 16:35:55.558" endtime="20201017 16:35:56.269"></status>
</kw>
<status status="PASS" starttime="20201017 16:35:55.558" endtime="20201017 16:35:56.269"></status>
</kw>
<kw name="Click On FinanInstrumenten Menu" library="LeningenPage">
<kw name="Wait Until Page Contains Element" library="SeleniumLibrary">
<doc>Waits until the element ``locator`` appears on the current page.</doc>
<arguments>
<arg>${mnu_FinanInstrumenten_xpath}</arg>
<arg>10</arg>
</arguments>
<status status="PASS" starttime="20201017 16:35:56.270" endtime="20201017 16:35:56.306"></status>
</kw>
<kw name="Click Element" library="SeleniumLibrary">
<doc>Click the element identified by ``locator``.</doc>
<arguments>
<arg>${mnu_FinanInstrumenten_xpath}</arg>
</arguments>
<msg timestamp="20201017 16:35:56.307" level="INFO">Clicking element '//span[@class='nav-item'][contains(text(),'Financiële instrumenten')]'.</msg>
<status status="PASS" starttime="20201017 16:35:56.307" endtime="20201017 16:35:56.364"></status>
</kw>
<status status="PASS" starttime="20201017 16:35:56.270" endtime="20201017 16:35:56.364"></status>
</kw>
<kw name="Click On Leningen Item" library="LeningenPage">
<kw name="Wait Until Page Contains Element" library="SeleniumLibrary">
<doc>Waits until the element ``locator`` appears on the current page.</doc>
<arguments>
<arg>${mnuitem_Leningen_xpath}</arg>
<arg>10</arg>
</arguments>
<status status="PASS" starttime="20201017 16:35:56.365" endtime="20201017 16:35:56.386"></status>
</kw>
<kw name="Click Element" library="SeleniumLibrary">
<doc>Click the element identified by ``locator``.</doc>
<arguments>
<arg>${mnuitem_Leningen_xpath}</arg>
</arguments>
<msg timestamp="20201017 16:35:56.386" level="INFO">Clicking element '//div[3]//li[3]//span[1]'.</msg>
<status status="PASS" starttime="20201017 16:35:56.386" endtime="20201017 16:35:56.446"></status>
</kw>
<status status="PASS" starttime="20201017 16:35:56.364" endtime="20201017 16:35:56.446"></status>
</kw>
<kw name="Validate Succesfull Lening Screen Opening" library="LeningenPage">
<kw name="Sleep" library="BuiltIn">
<doc>Pauses the test executed for the given time.</doc>
<arguments>
<arg>3s</arg>
</arguments>
<msg timestamp="20201017 16:35:59.448" level="INFO">Slept 3 seconds</msg>
<status status="PASS" starttime="20201017 16:35:56.447" endtime="20201017 16:35:59.448"></status>
</kw>
<kw name="Page Should Contain Element" library="SeleniumLibrary">
<doc>Verifies that element ``locator`` is found on the current page.</doc>
<arguments>
<arg>${LeningPageHeader_xpath}</arg>
</arguments>
<msg timestamp="20201017 16:35:59.461" level="INFO">Current page contains element '//h1[@class='page-title' and text()='Leningen']'.</msg>
<status status="PASS" starttime="20201017 16:35:59.448" endtime="20201017 16:35:59.461"></status>
</kw>
<status status="PASS" starttime="20201017 16:35:56.446" endtime="20201017 16:35:59.461"></status>
</kw>
<kw name="Finish test enviroment" library="TreasuryCommonFunctionality" type="teardown">
<kw name="Close Browser" library="SeleniumLibrary">
<doc>Closes the current browser.</doc>
<status status="PASS" starttime="20201017 16:35:59.462" endtime="20201017 16:36:01.589"></status>
</kw>
<status status="PASS" starttime="20201017 16:35:59.461" endtime="20201017 16:36:01.589"></status>
</kw>
<doc>Validate lening page</doc>
<tags>
<tag>Regression</tag>
</tags>
<status status="PASS" starttime="20201017 16:35:51.829" endtime="20201017 16:36:01.589" critical="yes"></status>
</test>
<test id="s1-s3-t2" name="Validate the relation not available">
<kw name="Start test enviroment" library="TreasuryCommonFunctionality" type="setup">
<kw name="Open Browser" library="SeleniumLibrary">
<doc>Opens a new browser instance to the optional ``url``.</doc>
<arguments>
<arg>${baseUrls.infrastructure}</arg>
<arg>${browser}</arg>
</arguments>
<msg timestamp="20201017 16:36:01.591" level="INFO">Opening browser 'Chrome' to base url 'https://treasury201804.aareoncloud.nl'.</msg>
<status status="PASS" starttime="20201017 16:36:01.591" endtime="20201017 16:36:04.946"></status>
</kw>
<kw name="Maximize Browser Window" library="SeleniumLibrary">
<doc>Maximizes current browser window.</doc>
<status status="PASS" starttime="20201017 16:36:04.946" endtime="20201017 16:36:05.117"></status>
</kw>
<status status="PASS" starttime="20201017 16:36:01.591" endtime="20201017 16:36:05.117"></status>
</kw>
<kw name="Enter Company Name" library="LoginPage">
<arguments>
<arg>${companyName}</arg>
</arguments>
<kw name="Input Text" library="SeleniumLibrary">
<doc>Types the given ``text`` into the text field identified by ``locator``.</doc>
<arguments>
<arg>${txt_Company_id}</arg>
<arg>${companyName}</arg>
</arguments>
<msg timestamp="20201017 16:36:05.118" level="INFO">Typing text 'Keylib omgeving' into text field 'Company'.</msg>
<status status="PASS" starttime="20201017 16:36:05.118" endtime="20201017 16:36:05.208"></status>
</kw>
<status status="PASS" starttime="20201017 16:36:05.118" endtime="20201017 16:36:05.208"></status>
</kw>
<kw name="Enter User Name" library="LoginPage">
<arguments>
<arg>${userName}</arg>
</arguments>
<kw name="Input Text" library="SeleniumLibrary">
<doc>Types the given ``text`` into the text field identified by ``locator``.</doc>
<arguments>
<arg>${txt_Username_id}</arg>
<arg>${userName}</arg>
</arguments>
<msg timestamp="20201017 16:36:05.209" level="INFO">Typing text 'anhpham' into text field 'Username'.</msg>
<status status="PASS" starttime="20201017 16:36:05.209" endtime="20201017 16:36:05.305"></status>
</kw>
<status status="PASS" starttime="20201017 16:36:05.209" endtime="20201017 16:36:05.305"></status>
</kw>
<kw name="Click Login" library="LoginPage">
<kw name="Click Button" library="SeleniumLibrary">
<doc>Clicks the button identified by ``locator``.</doc>
<arguments>
<arg>${btn_Login_id}</arg>
</arguments>
<msg timestamp="20201017 16:36:05.306" level="INFO">Clicking button 'login-button'.</msg>
<status status="PASS" starttime="20201017 16:36:05.306" endtime="20201017 16:36:05.896"></status>
</kw>
<status status="PASS" starttime="20201017 16:36:05.306" endtime="20201017 16:36:05.896"></status>
</kw>
<kw name="Click On FinanInstrumenten Menu" library="LeningenPage">
<kw name="Wait Until Page Contains Element" library="SeleniumLibrary">
<doc>Waits until the element ``locator`` appears on the current page.</doc>
<arguments>
<arg>${mnu_FinanInstrumenten_xpath}</arg>
<arg>10</arg>
</arguments>
<status status="PASS" starttime="20201017 16:36:05.897" endtime="20201017 16:36:05.943"></status>
</kw>
<kw name="Click Element" library="SeleniumLibrary">
<doc>Click the element identified by ``locator``.</doc>
<arguments>
<arg>${mnu_FinanInstrumenten_xpath}</arg>
</arguments>
<msg timestamp="20201017 16:36:05.943" level="INFO">Clicking element '//span[@class='nav-item'][contains(text(),'Financiële instrumenten')]'.</msg>
<status status="PASS" starttime="20201017 16:36:05.943" endtime="20201017 16:36:05.994"></status>
</kw>
<status status="PASS" starttime="20201017 16:36:05.896" endtime="20201017 16:36:05.995"></status>
</kw>
<kw name="Click On Leningen Item" library="LeningenPage">
<kw name="Wait Until Page Contains Element" library="SeleniumLibrary">
<doc>Waits until the element ``locator`` appears on the current page.</doc>
<arguments>
<arg>${mnuitem_Leningen_xpath}</arg>
<arg>10</arg>
</arguments>
<status status="PASS" starttime="20201017 16:36:05.995" endtime="20201017 16:36:06.009"></status>
</kw>
<kw name="Click Element" library="SeleniumLibrary">
<doc>Click the element identified by ``locator``.</doc>
<arguments>
<arg>${mnuitem_Leningen_xpath}</arg>
</arguments>
<msg timestamp="20201017 16:36:06.009" level="INFO">Clicking element '//div[3]//li[3]//span[1]'.</msg>
<status status="PASS" starttime="20201017 16:36:06.009" endtime="20201017 16:36:06.055"></status>
</kw>
<status status="PASS" starttime="20201017 16:36:05.995" endtime="20201017 16:36:06.055"></status>
</kw>
<kw name="Click On Nieuw Button" library="LeningenPage">
<kw name="Wait Until Page Contains Element" library="SeleniumLibrary">
<doc>Waits until the element ``locator`` appears on the current page.</doc>
<arguments>
<arg>${btn_Nieuws_xpath}</arg>
</arguments>
<status status="PASS" starttime="20201017 16:36:06.056" endtime="20201017 16:36:06.863"></status>
</kw>
<kw name="Click Element" library="SeleniumLibrary">
[...]
<arguments>
<arg>${btn_Login_id}</arg>
</arguments>
<msg timestamp="20201017 16:37:46.720" level="INFO">Clicking button 'login-button'.</msg>
<status status="PASS" starttime="20201017 16:37:46.720" endtime="20201017 16:37:47.305"></status>
</kw>
<status status="PASS" starttime="20201017 16:37:46.719" endtime="20201017 16:37:47.306"></status>
</kw>
<status status="PASS" starttime="20201017 16:37:46.519" endtime="20201017 16:37:47.306"></status>
</kw>
<kw name="Validate payment schedule">
<tags>
<tag>Regression</tag>
</tags>
<arguments>
<arg>Lening</arg>
<arg>10000000</arg>
<arg>Ned. Waterschapsbank</arg>
<arg>3-10-2018</arg>
<arg>10</arg>
</arguments>
<kw name="Click On FinanInstrumenten Menu" library="LeningenPage">
<kw name="Wait Until Page Contains Element" library="SeleniumLibrary">
<doc>Waits until the element ``locator`` appears on the current page.</doc>
<arguments>
<arg>${mnu_FinanInstrumenten_xpath}</arg>
<arg>10</arg>
</arguments>
<status status="PASS" starttime="20201017 16:37:47.308" endtime="20201017 16:37:47.331"></status>
</kw>
<kw name="Click Element" library="SeleniumLibrary">
<doc>Click the element identified by ``locator``.</doc>
<arguments>
<arg>${mnu_FinanInstrumenten_xpath}</arg>
</arguments>
<msg timestamp="20201017 16:37:47.331" level="INFO">Clicking element '//span[@class='nav-item'][contains(text(),'Financiële instrumenten')]'.</msg>
<status status="PASS" starttime="20201017 16:37:47.331" endtime="20201017 16:37:47.383"></status>
</kw>
<status status="PASS" starttime="20201017 16:37:47.308" endtime="20201017 16:37:47.384"></status>
</kw>
<kw name="Click On Leningen Item" library="LeningenPage">
<kw name="Wait Until Page Contains Element" library="SeleniumLibrary">
<doc>Waits until the element ``locator`` appears on the current page.</doc>
<arguments>
<arg>${mnuitem_Leningen_xpath}</arg>
<arg>10</arg>
</arguments>
<status status="PASS" starttime="20201017 16:37:47.384" endtime="20201017 16:37:47.392"></status>
</kw>
<kw name="Click Element" library="SeleniumLibrary">
<doc>Click the element identified by ``locator``.</doc>
<arguments>
<arg>${mnuitem_Leningen_xpath}</arg>
</arguments>
<msg timestamp="20201017 16:37:47.393" level="INFO">Clicking element '//div[3]//li[3]//span[1]'.</msg>
<status status="PASS" starttime="20201017 16:37:47.393" endtime="20201017 16:37:47.440"></status>
</kw>
<status status="PASS" starttime="20201017 16:37:47.384" endtime="20201017 16:37:47.440"></status>
</kw>
<kw name="Click On Nieuw Button" library="LeningenPage">
<kw name="Wait Until Page Contains Element" library="SeleniumLibrary">
<doc>Waits until the element ``locator`` appears on the current page.</doc>
<arguments>
<arg>${btn_Nieuws_xpath}</arg>
</arguments>
<status status="PASS" starttime="20201017 16:37:47.441" endtime="20201017 16:37:47.944"></status>
</kw>
<kw name="Click Element" library="SeleniumLibrary">
<doc>Click the element identified by ``locator``.</doc>
<arguments>
<arg>${btn_Nieuws_xpath}</arg>
</arguments>
<msg timestamp="20201017 16:37:47.945" level="INFO">Clicking element '//button[@class='primary']//i[@class='fa fa-plus-circle']'.</msg>
<status status="PASS" starttime="20201017 16:37:47.944" endtime="20201017 16:37:48.159"></status>
</kw>
<status status="PASS" starttime="20201017 16:37:47.440" endtime="20201017 16:37:48.159"></status>
</kw>
<kw name="Choose a Loansort" library="LeningenPage">
<arguments>
<arg>${LeningSoort}</arg>
</arguments>
<kw name="Wait Until Page Contains Element" library="SeleniumLibrary">
<doc>Waits until the element ``locator`` appears on the current page.</doc>
<arguments>
<arg>${drd_ChoiceSortLeningen_xpath}</arg>
<arg>10</arg>
</arguments>
<status status="PASS" starttime="20201017 16:37:48.160" endtime="20201017 16:37:48.380"></status>
</kw>
<kw name="Select From List By Label" library="SeleniumLibrary">
<doc>Selects options from selection list ``locator`` by ``labels``.</doc>
<arguments>
<arg>${drd_ChoiceSortLeningen_xpath}</arg>
<arg>${value}</arg>
</arguments>
<msg timestamp="20201017 16:37:48.380" level="INFO">Selecting options from selection list '//div[contains(@data-field,'LoanType')]/select' by label Lening.</msg>
<status status="PASS" starttime="20201017 16:37:48.380" endtime="20201017 16:37:48.433"></status>
</kw>
<status status="PASS" starttime="20201017 16:37:48.159" endtime="20201017 16:37:48.433"></status>
</kw>
<kw name="Click OK Button" library="LeningenPage">
<kw name="Wait Until Page Contains Element" library="SeleniumLibrary">
<doc>Waits until the element ``locator`` appears on the current page.</doc>
<arguments>
<arg>${btn_OK_xpath}</arg>
</arguments>
<status status="PASS" starttime="20201017 16:37:48.434" endtime="20201017 16:37:48.442"></status>
</kw>
<kw name="Click Button" library="SeleniumLibrary">
<doc>Clicks the button identified by ``locator``.</doc>
<arguments>
<arg>${btn_OK_xpath}</arg>
</arguments>
<msg timestamp="20201017 16:37:48.443" level="INFO">Clicking button '//button[contains(text(),'OK')]'.</msg>
<status status="PASS" starttime="20201017 16:37:48.443" endtime="20201017 16:37:48.557"></status>
</kw>
<status status="PASS" starttime="20201017 16:37:48.434" endtime="20201017 16:37:48.558"></status>
</kw>
<kw name="Genarate lening number" library="LeningenPage">
<kw name="Wait Until Page Contains Element" library="SeleniumLibrary">
<doc>Waits until the element ``locator`` appears on the current page.</doc>
<arguments>
<arg>${btn_Geneer_xpath}</arg>
<arg>10</arg>
</arguments>
<status status="PASS" starttime="20201017 16:37:48.558" endtime="20201017 16:37:49.138"></status>
</kw>
<kw name="Click Button" library="SeleniumLibrary">
<doc>Clicks the button identified by ``locator``.</doc>
<arguments>
<arg>${btn_Geneer_xpath}</arg>
</arguments>
<msg timestamp="20201017 16:37:49.138" level="INFO">Clicking button '//button[@class='id-textbox-button']'.</msg>
<status status="PASS" starttime="20201017 16:37:49.138" endtime="20201017 16:37:49.219"></status>
</kw>
<status status="PASS" starttime="20201017 16:37:48.558" endtime="20201017 16:37:49.219"></status>
</kw>
<kw name="Enter Nominal Value" library="LeningenPage">
<arguments>
<arg>${NominaleWaarde}</arg>
</arguments>
<kw name="Wait Until Page Contains Element" library="SeleniumLibrary">
<doc>Waits until the element ``locator`` appears on the current page.</doc>
<arguments>
<arg>${txt_Nomiale_Waader_Xpath}</arg>
<arg>10</arg>
</arguments>
<status status="PASS" starttime="20201017 16:37:49.220" endtime="20201017 16:37:49.240"></status>
</kw>
<kw name="Input Text" library="SeleniumLibrary">
<doc>Types the given ``text`` into the text field identified by ``locator``.</doc>
<arguments>
<arg>${txt_Nomiale_Waader_Xpath}</arg>
<arg>${value}</arg>
</arguments>
<msg timestamp="20201017 16:37:49.240" level="INFO">Typing text '10000000' into text field '//div[contains(@data-field,'Nominal')]/input'.</msg>
<status status="PASS" starttime="20201017 16:37:49.240" endtime="20201017 16:37:49.359"></status>
</kw>
<status status="PASS" starttime="20201017 16:37:49.219" endtime="20201017 16:37:49.359"></status>
</kw>
<kw name="Click Relation Dropdrown" library="LeningenPage">
<kw name="Wait Until Page Contains Element" library="SeleniumLibrary">
<doc>Waits until the element ``locator`` appears on the current page.</doc>
<arguments>
<arg>${drd_Relaties_xpath}</arg>
<arg>10</arg>
</arguments>
<status status="PASS" starttime="20201017 16:37:49.359" endtime="20201017 16:37:49.368"></status>
</kw>
<kw name="Click Element" library="SeleniumLibrary">
<doc>Click the element identified by ``locator``.</doc>
<arguments>
<arg>${drd_Relaties_xpath}</arg>
</arguments>
<msg timestamp="20201017 16:37:49.368" level="INFO">Clicking element '//div[contains(@data-field,'FinancierID')]/div/span'.</msg>
<status status="PASS" starttime="20201017 16:37:49.368" endtime="20201017 16:37:49.436"></status>
</kw>
<status status="PASS" starttime="20201017 16:37:49.359" endtime="20201017 16:37:49.436"></status>
</kw>
<kw name="Search Relation With Relationname" library="LeningenPage">
<arguments>
<arg>${Relatie}</arg>
</arguments>
<kw name="Wait Until Page Contains Element" library="SeleniumLibrary">
<doc>Waits until the element ``locator`` appears on the current page.</doc>
<arguments>
<arg>${txt_NaamRelatie_xpath}</arg>
<arg>10</arg>
</arguments>
<status status="PASS" starttime="20201017 16:37:49.437" endtime="20201017 16:37:49.664"></status>
</kw>
<kw name="Input Text" library="SeleniumLibrary">
<doc>Types the given ``text`` into the text field identified by ``locator``.</doc>
<arguments>
<arg>${txt_NaamRelatie_xpath}</arg>
<arg>${value}</arg>
</arguments>
<msg timestamp="20201017 16:37:49.664" level="INFO">Typing text 'Ned. Waterschapsbank' into text field '//tr[@class='filter-row']/td[@style='top: 27px;']//input[@class='text-control' and @maxlength='40']'.</msg>
<status status="PASS" starttime="20201017 16:37:49.664" endtime="20201017 16:37:49.818"></status>
</kw>
<status status="PASS" starttime="20201017 16:37:49.436" endtime="20201017 16:37:49.818"></status>
</kw>
<kw name="Sleep" library="BuiltIn">
<doc>Pauses the test executed for the given time.</doc>
<arguments>
<arg>1s</arg>
</arguments>
<msg timestamp="20201017 16:37:50.819" level="INFO">Slept 1 second</msg>
<status status="PASS" starttime="20201017 16:37:49.818" endtime="20201017 16:37:50.819"></status>
</kw>
<kw name="Click the first relation row" library="LeningenPage">
<kw name="Wait Until Page Contains Element" library="SeleniumLibrary">
<doc>Waits until the element ``locator`` appears on the current page.</doc>
<arguments>
<arg>${td_Frirst_Number_xpath}</arg>
<arg>10</arg>
</arguments>
<status status="PASS" starttime="20201017 16:37:50.819" endtime="20201017 16:37:50.830"></status>
</kw>
<kw name="Click Element" library="SeleniumLibrary">
<doc>Click the element identified by ``locator``.</doc>
<arguments>
<arg>${td_Frirst_Number_xpath}</arg>
</arguments>
<msg timestamp="20201017 16:37:50.830" level="INFO">Clicking element '//tr[@class='first']/td[1]'.</msg>
<status status="PASS" starttime="20201017 16:37:50.830" endtime="20201017 16:37:50.882"></status>
</kw>
<status status="PASS" starttime="20201017 16:37:50.819" endtime="20201017 16:37:50.882"></status>
</kw>
<kw name="Enter starting date" library="LeningenPage">
<arguments>
<arg>${Ingangsdatum}</arg>
</arguments>
<kw name="Wait Until Page Contains Element" library="SeleniumLibrary">
<doc>Waits until the element ``locator`` appears on the current page.</doc>
<arguments>
<arg>${txt_StartDatum_xpath}</arg>
</arguments>
<status status="PASS" starttime="20201017 16:37:50.882" endtime="20201017 16:37:50.896"></status>
</kw>
<kw name="Input Text" library="SeleniumLibrary">
<doc>Types the given ``text`` into the text field identified by ``locator``.</doc>
<arguments>
<arg>${txt_StartDatum_xpath}</arg>
<arg>${value}</arg>
</arguments>
<msg timestamp="20201017 16:37:50.896" level="INFO">Typing text '3-10-2018' into text field '//*[@data-field='StartDate']/input'.</msg>
<status status="PASS" starttime="20201017 16:37:50.896" endtime="20201017 16:37:51.086"></status>
</kw>
<status status="PASS" starttime="20201017 16:37:50.882" endtime="20201017 16:37:51.086"></status>
</kw>
<kw name="Click Sluiten Button" library="LeningenPage">
<kw name="Click Button" library="SeleniumLibrary">
<doc>Clicks the button identified by ``locator``.</doc>
<arguments>
<arg>${btn_Sluiten_xpath}</arg>
</arguments>
<msg timestamp="20201017 16:37:51.087" level="INFO">Clicking button '//button[@class='ui-datepicker-close ui-state-default ui-priority-primary ui-corner-all']'.</msg>
<status status="PASS" starttime="20201017 16:37:51.087" endtime="20201017 16:37:51.160"></status>
</kw>
<status status="PASS" starttime="20201017 16:37:51.086" endtime="20201017 16:37:51.160"></status>
</kw>
<kw name="Enter Looptijd" library="LeningenPage">
<arguments>
<arg>${Looptijd}</arg>
</arguments>
<kw name="Wait Until Page Contains Element" library="SeleniumLibrary">
<doc>Waits until the element ``locator`` appears on the current page.</doc>
<arguments>
<arg>${txt_Looptijd_xpath}</arg>
</arguments>
<status status="PASS" starttime="20201017 16:37:51.161" endtime="20201017 16:37:51.178"></status>
</kw>
<kw name="Input Text" library="SeleniumLibrary">
<doc>Types the given ``text`` into the text field identified by ``locator``.</doc>
<arguments>
<arg>${txt_Looptijd_xpath}</arg>
<arg>${value}</arg>
</arguments>
<msg timestamp="20201017 16:37:51.179" level="INFO">Typing text '10' into text field '//*[@data-field='Term']/input'.</msg>
<status status="PASS" starttime="20201017 16:37:51.178" endtime="20201017 16:37:51.290"></status>
</kw>
<status status="PASS" starttime="20201017 16:37:51.161" endtime="20201017 16:37:51.290"></status>
</kw>
<kw name="Click Opslaan Button" library="LeningenPage">
<kw name="Click Element" library="SeleniumLibrary">
<doc>Click the element identified by ``locator``.</doc>
<arguments>
<arg>${btn_Opslaan_xpath}</arg>
</arguments>
<msg timestamp="20201017 16:37:51.291" level="INFO">Clicking element '//span[contains(text(),'Opslaan')]'.</msg>
<status status="PASS" starttime="20201017 16:37:51.290" endtime="20201017 16:37:51.420"></status>
</kw>
<status status="PASS" starttime="20201017 16:37:51.290" endtime="20201017 16:37:51.420"></status>
</kw>
<kw name="Validate the pledge on end date visible" library="LeningenPage">
<kw name="Wait Until Page Contains Element" library="SeleniumLibrary">
<doc>Waits until the element ``locator`` appears on the current page.</doc>
<arguments>
<arg>${txt_Verpanding_Eindatum_Xpath}</arg>
</arguments>
<status status="PASS" starttime="20201017 16:37:51.421" endtime="20201017 16:37:51.429"></status>
</kw>
<kw name="Get Text" library="SeleniumLibrary">
<doc>Returns the text value of the element identified by ``locator``.</doc>
<arguments>
<arg>${txt_Verpanding_Eindatum_Xpath}</arg>
</arguments>
<assign>
<var>${text}</var>
</assign>
<msg timestamp="20201017 16:37:51.452" level="INFO">${text} = </msg>
<status status="PASS" starttime="20201017 16:37:51.429" endtime="20201017 16:37:51.452"></status>
</kw>
<kw name="Log" library="BuiltIn">
<doc>Logs the given message with the given level.</doc>
<arguments>
<arg>${text}</arg>
</arguments>
<msg timestamp="20201017 16:37:51.452" level="INFO"></msg>
<status status="PASS" starttime="20201017 16:37:51.452" endtime="20201017 16:37:51.452"></status>
</kw>
<kw name="Element Should Not Be Visible" library="SeleniumLibrary">
<doc>Verifies that the element identified by ``locator`` is NOT visible.</doc>
<arguments>
<arg>${txt_Verpanding_Eindatum_Xpath}</arg>
</arguments>
<msg timestamp="20201017 16:37:51.475" level="INFO">Element '//*[@data-field='PawningEndDate']//child::input[@class='text-control hasDatepicker']' exists but is not displayed.</msg>
<status status="PASS" starttime="20201017 16:37:51.452" endtime="20201017 16:37:51.475"></status>
</kw>
<status status="PASS" starttime="20201017 16:37:51.421" endtime="20201017 16:37:51.475"></status>
</kw>
<status status="PASS" starttime="20201017 16:37:47.306" endtime="20201017 16:37:51.475"></status>
</kw>
<kw name="Uitlog test enviroment" library="CommonFunctionality" type="teardown">
<kw name="Click 0n User" library="LoginPage">
<kw name="Click Button" library="SeleniumLibrary">
<doc>Clicks the button identified by ``locator``.</doc>
<arguments>
<arg>${btn_User}</arg>
</arguments>
<msg timestamp="20201017 16:37:51.477" level="INFO">Clicking button '//button[@class='user-button']'.</msg>
<status status="PASS" starttime="20201017 16:37:51.477" endtime="20201017 16:37:51.541"></status>
</kw>
<status status="PASS" starttime="20201017 16:37:51.476" endtime="20201017 16:37:51.541"></status>
</kw>
<kw name="Click On Uitloggen" library="LoginPage">
<kw name="Click Element" library="SeleniumLibrary">
<doc>Click the element identified by ``locator``.</doc>
<arguments>
<arg>${span_Uitloggen}</arg>
</arguments>
<msg timestamp="20201017 16:37:51.542" level="INFO">Clicking element '//span[contains(text(),'Uitloggen')]'.</msg>
<status status="PASS" starttime="20201017 16:37:51.542" endtime="20201017 16:37:52.006"></status>
</kw>
<status status="PASS" starttime="20201017 16:37:51.541" endtime="20201017 16:37:52.006"></status>
</kw>
<status status="PASS" starttime="20201017 16:37:51.476" endtime="20201017 16:37:52.006"></status>
</kw>
<status status="PASS" starttime="20201017 16:37:46.518" endtime="20201017 16:37:52.006" critical="yes"></status>
</test>
<kw name="Finish tetscase" library="CommonFunctionality" type="teardown">
<kw name="Close Browser" library="SeleniumLibrary">
<doc>Closes the current browser.</doc>
<status status="PASS" starttime="20201017 16:37:52.009" endtime="20201017 16:37:54.306"></status>
</kw>
<status status="PASS" starttime="20201017 16:37:52.008" endtime="20201017 16:37:54.306"></status>
</kw>
<doc>Validate payment tables from different payment methods</doc>
<status status="PASS" starttime="20201017 16:36:53.690" endtime="20201017 16:37:54.306"></status>
</suite>
<status status="FAIL" starttime="20201017 16:34:54.491" endtime="20201017 16:37:54.315"></status>
</suite>
<statistics>
<total>
<stat pass="20" fail="1">Critical Tests</stat>
<stat pass="20" fail="1">All Tests</stat>
</total>
<tag>
<stat pass="6" fail="1">Functional</stat>
<stat pass="2" fail="0">Regression</stat>
</tag>
<suite>
<stat pass="20" fail="1" id="s1" name="BasicLogin &amp; Importprognoses &amp; LeningTest &amp; Betaalschema">BasicLogin &amp; Importprognoses &amp; LeningTest &amp; Betaalschema</stat>
<stat pass="3" fail="0" id="s1-s1" name="BasicLogin">BasicLogin &amp; Importprognoses &amp; LeningTest &amp; Betaalschema.BasicLogin</stat>
<stat pass="3" fail="1" id="s1-s2" name="Importprognoses">BasicLogin &amp; Importprognoses &amp; LeningTest &amp; Betaalschema.Importprognoses</stat>
<stat pass="5" fail="0" id="s1-s3" name="LeningTest">BasicLogin &amp; Importprognoses &amp; LeningTest &amp; Betaalschema.LeningTest</stat>
<stat pass="9" fail="0" id="s1-s4" name="Betaalschema">BasicLogin &amp; Importprognoses &amp; LeningTest &amp; Betaalschema.Betaalschema</stat>
</suite>
</statistics>
<errors>
<msg timestamp="20201017 16:37:07.011" level="WARN">Multiple test cases with name 'Payment schedule with excel using' executed in test suite 'BasicLogin &amp; Importprognoses &amp; LeningTest &amp; Betaalschema.Betaalschema'.</msg>
<msg timestamp="20201017 16:37:12.989" level="WARN">Multiple test cases with name 'Payment schedule with excel using' executed in test suite 'BasicLogin &amp; Importprognoses &amp; LeningTest &amp; Betaalschema.Betaalschema'.</msg>
<msg timestamp="20201017 16:37:18.596" level="WARN">Multiple test cases with name 'Payment schedule with excel using' executed in test suite 'BasicLogin &amp; Importprognoses &amp; LeningTest &amp; Betaalschema.Betaalschema'.</msg>
<msg timestamp="20201017 16:37:24.152" level="WARN">Multiple test cases with name 'Payment schedule with excel using' executed in test suite 'BasicLogin &amp; Importprognoses &amp; LeningTest &amp; Betaalschema.Betaalschema'.</msg>
<msg timestamp="20201017 16:37:29.558" level="WARN">Multiple test cases with name 'Payment schedule with excel using' executed in test suite 'BasicLogin &amp; Importprognoses &amp; LeningTest &amp; Betaalschema.Betaalschema'.</msg>
<msg timestamp="20201017 16:37:35.014" level="WARN">Multiple test cases with name 'Payment schedule with excel using' executed in test suite 'BasicLogin &amp; Importprognoses &amp; LeningTest &amp; Betaalschema.Betaalschema'.</msg>
<msg timestamp="20201017 16:37:40.794" level="WARN">Multiple test cases with name 'Payment schedule with excel using' executed in test suite 'BasicLogin &amp; Importprognoses &amp; LeningTest &amp; Betaalschema.Betaalschema'.</msg>
<msg timestamp="20201017 16:37:46.518" level="WARN">Multiple test cases with name 'Payment schedule with excel using' executed in test suite 'BasicLogin &amp; Importprognoses &amp; LeningTest &amp; Betaalschema.Betaalschema'.</msg>
</errors>
</robot>
