<?xml version="1.0" encoding="UTF-8"?>
<robot generator="Robot 3.2.1 (Python 3.8.5 on win32)" generated="20200915 20:26:17.222" rpa="false">
<suite id="s1" name="BasicLogin &amp; LeningTest">
<suite id="s1-s1" name="BasicLogin" source="D:\Python Projects\RobotFramework\Tests\TreasuryInstrumenten\FunctionalTestSuite\BasicLogin.robot">
<test id="s1-s1-t1" name="Right Company, wrong user">
<kw name="Start test enviroment" library="TreasuryCommonFunctionality" type="setup">
<kw name="Open Browser" library="SeleniumLibrary">
<doc>Opens a new browser instance to the given ``url``.</doc>
<arguments>
<arg>${baseUrls.infrastructure}</arg>
<arg>${browser}</arg>
</arguments>
<msg timestamp="20200915 20:26:17.370" level="INFO">Opening browser 'Chrome' to base url 'https://treasury201804.aareoncloud.nl'.</msg>
<status status="PASS" starttime="20200915 20:26:17.369" endtime="20200915 20:26:21.231"></status>
</kw>
<kw name="Maximize Browser Window" library="SeleniumLibrary">
<doc>Maximizes current browser window.</doc>
<status status="PASS" starttime="20200915 20:26:21.231" endtime="20200915 20:26:23.374"></status>
</kw>
<status status="PASS" starttime="20200915 20:26:17.369" endtime="20200915 20:26:23.375"></status>
</kw>
<kw name="Invalid login">
<tags>
<tag>Regression</tag>
</tags>
<doc>The test case verifies a goed scenario login</doc>
<arguments>
<arg>Keylib omgeving</arg>
<arg>omgeving</arg>
</arguments>
<kw name="Enter Company Name" library="LoginPage">
<arguments>
<arg>${companyName}</arg>
</arguments>
<kw name="Input Text" library="SeleniumLibrary">
<doc>Types the given ``text`` into text field identified by ``locator``.</doc>
<arguments>
<arg>${txt_Company_id}</arg>
<arg>${companyName}</arg>
</arguments>
<msg timestamp="20200915 20:26:23.380" level="INFO">Typing text 'Keylib omgeving' into text field 'Company'.</msg>
<status status="PASS" starttime="20200915 20:26:23.379" endtime="20200915 20:26:23.494"></status>
</kw>
<status status="PASS" starttime="20200915 20:26:23.378" endtime="20200915 20:26:23.494"></status>
</kw>
<kw name="Enter User Name" library="LoginPage">
<arguments>
<arg>${userName}</arg>
</arguments>
<kw name="Input Text" library="SeleniumLibrary">
<doc>Types the given ``text`` into text field identified by ``locator``.</doc>
<arguments>
<arg>${txt_Username_id}</arg>
<arg>${userName}</arg>
</arguments>
<msg timestamp="20200915 20:26:23.495" level="INFO">Typing text 'omgeving' into text field 'Username'.</msg>
<status status="PASS" starttime="20200915 20:26:23.494" endtime="20200915 20:26:23.563"></status>
</kw>
<status status="PASS" starttime="20200915 20:26:23.494" endtime="20200915 20:26:23.563"></status>
</kw>
<kw name="Click Login" library="LoginPage">
<kw name="Click Button" library="SeleniumLibrary">
<doc>Clicks button identified by ``locator``.</doc>
<arguments>
<arg>${btn_Login_id}</arg>
</arguments>
<msg timestamp="20200915 20:26:23.563" level="INFO">Clicking button 'login-button'.</msg>
<status status="PASS" starttime="20200915 20:26:23.563" endtime="20200915 20:26:24.629"></status>
</kw>
<status status="PASS" starttime="20200915 20:26:23.563" endtime="20200915 20:26:24.629"></status>
</kw>
<kw name="Error message should be visible" library="LoginPage">
<arguments>
<arg>The provided username and/or password are incorrect.</arg>
</arguments>
<kw name="Element Text Should Be" library="SeleniumLibrary">
<doc>Verifies that element ``locator`` contains exact text ``expected``.</doc>
<arguments>
<arg>${lbl_Invalidlogin_xpath}</arg>
<arg>${error}</arg>
</arguments>
<msg timestamp="20200915 20:26:24.630" level="INFO">Verifying element '//*[@class='validation-summary-errors']//descendant::li' contains exact text 'The provided username and/or password are incorrect.'.</msg>
<status status="PASS" starttime="20200915 20:26:24.630" endtime="20200915 20:26:24.650"></status>
</kw>
<status status="PASS" starttime="20200915 20:26:24.630" endtime="20200915 20:26:24.650"></status>
</kw>
<status status="PASS" starttime="20200915 20:26:23.377" endtime="20200915 20:26:24.651"></status>
</kw>
<kw name="Finish test enviroment" library="TreasuryCommonFunctionality" type="teardown">
<kw name="Close Browser" library="SeleniumLibrary">
<doc>Closes the current browser.</doc>
<status status="PASS" starttime="20200915 20:26:24.652" endtime="20200915 20:26:26.825"></status>
</kw>
<status status="PASS" starttime="20200915 20:26:24.651" endtime="20200915 20:26:26.825"></status>
</kw>
<status status="PASS" starttime="20200915 20:26:17.369" endtime="20200915 20:26:26.826" critical="yes"></status>
</test>
<test id="s1-s1-t2" name="Wrong Company, right user">
<kw name="Start test enviroment" library="TreasuryCommonFunctionality" type="setup">
<kw name="Open Browser" library="SeleniumLibrary">
<doc>Opens a new browser instance to the given ``url``.</doc>
<arguments>
<arg>${baseUrls.infrastructure}</arg>
<arg>${browser}</arg>
</arguments>
<msg timestamp="20200915 20:26:26.841" level="INFO">Opening browser 'Chrome' to base url 'https://treasury201804.aareoncloud.nl'.</msg>
<status status="PASS" starttime="20200915 20:26:26.840" endtime="20200915 20:26:30.744"></status>
</kw>
<kw name="Maximize Browser Window" library="SeleniumLibrary">
<doc>Maximizes current browser window.</doc>
<status status="PASS" starttime="20200915 20:26:30.744" endtime="20200915 20:26:32.883"></status>
</kw>
<status status="PASS" starttime="20200915 20:26:26.838" endtime="20200915 20:26:32.883"></status>
</kw>
<kw name="Invalid login">
<tags>
<tag>Regression</tag>
</tags>
<doc>The test case verifies a goed scenario login</doc>
<arguments>
<arg>eylib omgeving</arg>
<arg>anhpham</arg>
</arguments>
<kw name="Enter Company Name" library="LoginPage">
<arguments>
<arg>${companyName}</arg>
</arguments>
<kw name="Input Text" library="SeleniumLibrary">
<doc>Types the given ``text`` into text field identified by ``locator``.</doc>
<arguments>
<arg>${txt_Company_id}</arg>
<arg>${companyName}</arg>
</arguments>
<msg timestamp="20200915 20:26:32.884" level="INFO">Typing text 'eylib omgeving' into text field 'Company'.</msg>
<status status="PASS" starttime="20200915 20:26:32.884" endtime="20200915 20:26:32.966"></status>
</kw>
<status status="PASS" starttime="20200915 20:26:32.884" endtime="20200915 20:26:32.966"></status>
</kw>
<kw name="Enter User Name" library="LoginPage">
<arguments>
<arg>${userName}</arg>
</arguments>
<kw name="Input Text" library="SeleniumLibrary">
<doc>Types the given ``text`` into text field identified by ``locator``.</doc>
<arguments>
<arg>${txt_Username_id}</arg>
<arg>${userName}</arg>
</arguments>
<msg timestamp="20200915 20:26:32.966" level="INFO">Typing text 'anhpham' into text field 'Username'.</msg>
<status status="PASS" starttime="20200915 20:26:32.966" endtime="20200915 20:26:33.040"></status>
</kw>
<status status="PASS" starttime="20200915 20:26:32.966" endtime="20200915 20:26:33.040"></status>
</kw>
<kw name="Click Login" library="LoginPage">
<kw name="Click Button" library="SeleniumLibrary">
<doc>Clicks button identified by ``locator``.</doc>
<arguments>
<arg>${btn_Login_id}</arg>
</arguments>
<msg timestamp="20200915 20:26:33.041" level="INFO">Clicking button 'login-button'.</msg>
<status status="PASS" starttime="20200915 20:26:33.041" endtime="20200915 20:26:33.437"></status>
</kw>
<status status="PASS" starttime="20200915 20:26:33.040" endtime="20200915 20:26:33.437"></status>
</kw>
<kw name="Error message should be visible" library="LoginPage">
<arguments>
<arg>The provided username and/or password are incorrect.</arg>
</arguments>
<kw name="Element Text Should Be" library="SeleniumLibrary">
<doc>Verifies that element ``locator`` contains exact text ``expected``.</doc>
<arguments>
<arg>${lbl_Invalidlogin_xpath}</arg>
<arg>${error}</arg>
</arguments>
<msg timestamp="20200915 20:26:33.438" level="INFO">Verifying element '//*[@class='validation-summary-errors']//descendant::li' contains exact text 'The provided username and/or password are incorrect.'.</msg>
<status status="PASS" starttime="20200915 20:26:33.438" endtime="20200915 20:26:33.458"></status>
</kw>
<status status="PASS" starttime="20200915 20:26:33.437" endtime="20200915 20:26:33.458"></status>
</kw>
<status status="PASS" starttime="20200915 20:26:32.883" endtime="20200915 20:26:33.458"></status>
</kw>
<kw name="Finish test enviroment" library="TreasuryCommonFunctionality" type="teardown">
<kw name="Close Browser" library="SeleniumLibrary">
<doc>Closes the current browser.</doc>
<status status="PASS" starttime="20200915 20:26:33.459" endtime="20200915 20:26:35.578"></status>
</kw>
<status status="PASS" starttime="20200915 20:26:33.459" endtime="20200915 20:26:35.578"></status>
</kw>
<status status="PASS" starttime="20200915 20:26:26.834" endtime="20200915 20:26:35.578" critical="yes"></status>
</test>
<test id="s1-s1-t3" name="Wrong Company, wrong user">
<kw name="Start test enviroment" library="TreasuryCommonFunctionality" type="setup">
<kw name="Open Browser" library="SeleniumLibrary">
<doc>Opens a new browser instance to the given ``url``.</doc>
<arguments>
<arg>${baseUrls.infrastructure}</arg>
<arg>${browser}</arg>
</arguments>
<msg timestamp="20200915 20:26:35.582" level="INFO">Opening browser 'Chrome' to base url 'https://treasury201804.aareoncloud.nl'.</msg>
<status status="PASS" starttime="20200915 20:26:35.581" endtime="20200915 20:26:39.546"></status>
</kw>
<kw name="Maximize Browser Window" library="SeleniumLibrary">
<doc>Maximizes current browser window.</doc>
<status status="PASS" starttime="20200915 20:26:39.546" endtime="20200915 20:26:41.661"></status>
</kw>
<status status="PASS" starttime="20200915 20:26:35.581" endtime="20200915 20:26:41.661"></status>
</kw>
<kw name="Invalid login">
<tags>
<tag>Regression</tag>
</tags>
<doc>The test case verifies a goed scenario login</doc>
<arguments>
<arg>eylib omgeving</arg>
<arg>nnhpham</arg>
</arguments>
<kw name="Enter Company Name" library="LoginPage">
<arguments>
<arg>${companyName}</arg>
</arguments>
<kw name="Input Text" library="SeleniumLibrary">
<doc>Types the given ``text`` into text field identified by ``locator``.</doc>
<arguments>
<arg>${txt_Company_id}</arg>
<arg>${companyName}</arg>
</arguments>
<msg timestamp="20200915 20:26:41.663" level="INFO">Typing text 'eylib omgeving' into text field 'Company'.</msg>
<status status="PASS" starttime="20200915 20:26:41.663" endtime="20200915 20:26:41.752"></status>
</kw>
<status status="PASS" starttime="20200915 20:26:41.662" endtime="20200915 20:26:41.752"></status>
</kw>
<kw name="Enter User Name" library="LoginPage">
<arguments>
<arg>${userName}</arg>
</arguments>
<kw name="Input Text" library="SeleniumLibrary">
<doc>Types the given ``text`` into text field identified by ``locator``.</doc>
<arguments>
<arg>${txt_Username_id}</arg>
<arg>${userName}</arg>
</arguments>
<msg timestamp="20200915 20:26:41.754" level="INFO">Typing text 'nnhpham' into text field 'Username'.</msg>
<status status="PASS" starttime="20200915 20:26:41.753" endtime="20200915 20:26:41.835"></status>
</kw>
<status status="PASS" starttime="20200915 20:26:41.753" endtime="20200915 20:26:41.835"></status>
</kw>
<kw name="Click Login" library="LoginPage">
<kw name="Click Button" library="SeleniumLibrary">
<doc>Clicks button identified by ``locator``.</doc>
<arguments>
<arg>${btn_Login_id}</arg>
</arguments>
<msg timestamp="20200915 20:26:41.836" level="INFO">Clicking button 'login-button'.</msg>
<status status="PASS" starttime="20200915 20:26:41.836" endtime="20200915 20:26:42.189"></status>
</kw>
<status status="PASS" starttime="20200915 20:26:41.835" endtime="20200915 20:26:42.189"></status>
</kw>
<kw name="Error message should be visible" library="LoginPage">
<arguments>
<arg>The provided username and/or password are incorrect.</arg>
</arguments>
<kw name="Element Text Should Be" library="SeleniumLibrary">
<doc>Verifies that element ``locator`` contains exact text ``expected``.</doc>
<arguments>
<arg>${lbl_Invalidlogin_xpath}</arg>
<arg>${error}</arg>
</arguments>
<msg timestamp="20200915 20:26:42.190" level="INFO">Verifying element '//*[@class='validation-summary-errors']//descendant::li' contains exact text 'The provided username and/or password are incorrect.'.</msg>
<status status="PASS" starttime="20200915 20:26:42.189" endtime="20200915 20:26:42.212"></status>
</kw>
<status status="PASS" starttime="20200915 20:26:42.189" endtime="20200915 20:26:42.212"></status>
</kw>
<status status="PASS" starttime="20200915 20:26:41.662" endtime="20200915 20:26:42.212"></status>
</kw>
<kw name="Finish test enviroment" library="TreasuryCommonFunctionality" type="teardown">
<kw name="Close Browser" library="SeleniumLibrary">
<doc>Closes the current browser.</doc>
<status status="PASS" starttime="20200915 20:26:42.213" endtime="20200915 20:26:44.371"></status>
</kw>
<status status="PASS" starttime="20200915 20:26:42.213" endtime="20200915 20:26:44.371"></status>
</kw>
<status status="PASS" starttime="20200915 20:26:35.580" endtime="20200915 20:26:44.373" critical="yes"></status>
</test>
<doc>Verify goed account login</doc>
<status status="PASS" starttime="20200915 20:26:17.241" endtime="20200915 20:26:44.382"></status>
</suite>
<suite id="s1-s2" name="LeningTest" source="D:\Python Projects\RobotFramework\Tests\TreasuryInstrumenten\FunctionalTestSuite\LeningTest.robot">
<test id="s1-s2-t1" name="Validate succesfully open leneningen page">
<kw name="Start test enviroment" library="TreasuryCommonFunctionality" type="setup">
<kw name="Open Browser" library="SeleniumLibrary">
<doc>Opens a new browser instance to the given ``url``.</doc>
<arguments>
<arg>${baseUrls.infrastructure}</arg>
<arg>${browser}</arg>
</arguments>
<msg timestamp="20200915 20:26:44.402" level="INFO">Opening browser 'Chrome' to base url 'https://treasury201804.aareoncloud.nl'.</msg>
<status status="PASS" starttime="20200915 20:26:44.402" endtime="20200915 20:26:48.163"></status>
</kw>
<kw name="Maximize Browser Window" library="SeleniumLibrary">
<doc>Maximizes current browser window.</doc>
<status status="PASS" starttime="20200915 20:26:48.164" endtime="20200915 20:26:50.304"></status>
</kw>
<status status="PASS" starttime="20200915 20:26:44.401" endtime="20200915 20:26:50.304"></status>
</kw>
<kw name="Enter Company Name" library="LoginPage">
<arguments>
<arg>${companyName}</arg>
</arguments>
<kw name="Input Text" library="SeleniumLibrary">
<doc>Types the given ``text`` into text field identified by ``locator``.</doc>
<arguments>
<arg>${txt_Company_id}</arg>
<arg>${companyName}</arg>
</arguments>
<msg timestamp="20200915 20:26:50.305" level="INFO">Typing text 'Keylib omgeving' into text field 'Company'.</msg>
<status status="PASS" starttime="20200915 20:26:50.305" endtime="20200915 20:26:50.393"></status>
</kw>
<status status="PASS" starttime="20200915 20:26:50.305" endtime="20200915 20:26:50.393"></status>
</kw>
<kw name="Enter User Name" library="LoginPage">
<arguments>
<arg>${userName}</arg>
</arguments>
<kw name="Input Text" library="SeleniumLibrary">
<doc>Types the given ``text`` into text field identified by ``locator``.</doc>
<arguments>
<arg>${txt_Username_id}</arg>
<arg>${userName}</arg>
</arguments>
<msg timestamp="20200915 20:26:50.394" level="INFO">Typing text 'anhpham' into text field 'Username'.</msg>
<status status="PASS" starttime="20200915 20:26:50.394" endtime="20200915 20:26:50.478"></status>
</kw>
<status status="PASS" starttime="20200915 20:26:50.393" endtime="20200915 20:26:50.478"></status>
</kw>
<kw name="Click Login" library="LoginPage">
<kw name="Click Button" library="SeleniumLibrary">
<doc>Clicks button identified by ``locator``.</doc>
<arguments>
<arg>${btn_Login_id}</arg>
</arguments>
<msg timestamp="20200915 20:26:50.478" level="INFO">Clicking button 'login-button'.</msg>
<status status="PASS" starttime="20200915 20:26:50.478" endtime="20200915 20:26:51.235"></status>
</kw>
<status status="PASS" starttime="20200915 20:26:50.478" endtime="20200915 20:26:51.236"></status>
</kw>
<kw name="Click On FinanInstrumenten Menu" library="LeningenPage">
<kw name="Wait Until Page Contains Element" library="SeleniumLibrary">
<doc>Waits until element ``locator`` appears on current page.</doc>
<arguments>
<arg>${mnu_FinanInstrumenten_xpath}</arg>
<arg>10</arg>
</arguments>
<status status="PASS" starttime="20200915 20:26:51.237" endtime="20200915 20:26:51.250"></status>
</kw>
<kw name="Click Element" library="SeleniumLibrary">
<doc>Click element identified by ``locator``.</doc>
<arguments>
<arg>${mnu_FinanInstrumenten_xpath}</arg>
</arguments>
<msg timestamp="20200915 20:26:51.250" level="INFO">Clicking element '//span[@class='nav-item'][contains(text(),'Financiële instrumenten')]'.</msg>
<status status="PASS" starttime="20200915 20:26:51.250" endtime="20200915 20:26:51.301"></status>
</kw>
<status status="PASS" starttime="20200915 20:26:51.236" endtime="20200915 20:26:51.301"></status>
</kw>
<kw name="Click On Leningen Item" library="LeningenPage">
<kw name="Wait Until Page Contains Element" library="SeleniumLibrary">
<doc>Waits until element ``locator`` appears on current page.</doc>
<arguments>
<arg>${mnuitem_Leningen_xpath}</arg>
<arg>10</arg>
</arguments>
<status status="PASS" starttime="20200915 20:26:51.302" endtime="20200915 20:26:51.313"></status>
</kw>
<kw name="Click Element" library="SeleniumLibrary">
<doc>Click element identified by ``locator``.</doc>
<arguments>
<arg>${mnuitem_Leningen_xpath}</arg>
</arguments>
<msg timestamp="20200915 20:26:51.313" level="INFO">Clicking element '//div[3]//li[3]//span[1]'.</msg>
<status status="PASS" starttime="20200915 20:26:51.313" endtime="20200915 20:26:51.355"></status>
</kw>
<status status="PASS" starttime="20200915 20:26:51.302" endtime="20200915 20:26:51.355"></status>
</kw>
<kw name="Validate Succesfull Lening Screen Opening" library="LeningenPage">
<kw name="Sleep" library="BuiltIn">
<doc>Pauses the test executed for the given time.</doc>
<arguments>
<arg>3s</arg>
</arguments>
<msg timestamp="20200915 20:26:54.357" level="INFO">Slept 3 seconds</msg>
<status status="PASS" starttime="20200915 20:26:51.356" endtime="20200915 20:26:54.358"></status>
</kw>
<kw name="Page Should Contain Element" library="SeleniumLibrary">
<doc>Verifies that element ``locator`` is found on the current page.</doc>
<arguments>
<arg>${LeningPageHeader_xpath}</arg>
</arguments>
<msg timestamp="20200915 20:26:54.393" level="INFO">Current page contains element '//h1[@class='page-title' and text()='Leningen']'.</msg>
<status status="PASS" starttime="20200915 20:26:54.358" endtime="20200915 20:26:54.393"></status>
</kw>
<status status="PASS" starttime="20200915 20:26:51.356" endtime="20200915 20:26:54.394"></status>
</kw>
<kw name="Finish test enviroment" library="TreasuryCommonFunctionality" type="teardown">
<kw name="Close Browser" library="SeleniumLibrary">
<doc>Closes the current browser.</doc>
<status status="PASS" starttime="20200915 20:26:54.396" endtime="20200915 20:26:56.552"></status>
</kw>
<status status="PASS" starttime="20200915 20:26:54.395" endtime="20200915 20:26:56.553"></status>
</kw>
<doc>Validate lening page</doc>
<tags>
<tag>Regression</tag>
</tags>
<status status="PASS" starttime="20200915 20:26:44.401" endtime="20200915 20:26:56.554" critical="yes"></status>
</test>
<test id="s1-s2-t2" name="Validate the relation not available">
<kw name="Start test enviroment" library="TreasuryCommonFunctionality" type="setup">
<kw name="Open Browser" library="SeleniumLibrary">
<doc>Opens a new browser instance to the given ``url``.</doc>
<arguments>
<arg>${baseUrls.infrastructure}</arg>
<arg>${browser}</arg>
</arguments>
<msg timestamp="20200915 20:26:56.565" level="INFO">Opening browser 'Chrome' to base url 'https://treasury201804.aareoncloud.nl'.</msg>
<status status="PASS" starttime="20200915 20:26:56.564" endtime="20200915 20:27:00.390"></status>
</kw>
<kw name="Maximize Browser Window" library="SeleniumLibrary">
<doc>Maximizes current browser window.</doc>
<status status="PASS" starttime="20200915 20:27:00.390" endtime="20200915 20:27:02.508"></status>
</kw>
<status status="PASS" starttime="20200915 20:26:56.562" endtime="20200915 20:27:02.508"></status>
</kw>
<kw name="Enter Company Name" library="LoginPage">
<arguments>
<arg>${companyName}</arg>
</arguments>
<kw name="Input Text" library="SeleniumLibrary">
<doc>Types the given ``text`` into text field identified by ``locator``.</doc>
<arguments>
<arg>${txt_Company_id}</arg>
<arg>${companyName}</arg>
</arguments>
<msg timestamp="20200915 20:27:02.510" level="INFO">Typing text 'Keylib omgeving' into text field 'Company'.</msg>
<status status="PASS" starttime="20200915 20:27:02.510" endtime="20200915 20:27:02.603"></status>
</kw>
<status status="PASS" starttime="20200915 20:27:02.510" endtime="20200915 20:27:02.603"></status>
</kw>
<kw name="Enter User Name" library="LoginPage">
<arguments>
<arg>${userName}</arg>
</arguments>
<kw name="Input Text" library="SeleniumLibrary">
<doc>Types the given ``text`` into text field identified by ``locator``.</doc>
<arguments>
<arg>${txt_Username_id}</arg>
<arg>${userName}</arg>
</arguments>
<msg timestamp="20200915 20:27:02.605" level="INFO">Typing text 'anhpham' into text field 'Username'.</msg>
<status status="PASS" starttime="20200915 20:27:02.604" endtime="20200915 20:27:02.679"></status>
</kw>
<status status="PASS" starttime="20200915 20:27:02.603" endtime="20200915 20:27:02.679"></status>
</kw>
<kw name="Click Login" library="LoginPage">
<kw name="Click Button" library="SeleniumLibrary">
<doc>Clicks button identified by ``locator``.</doc>
<arguments>
<arg>${btn_Login_id}</arg>
</arguments>
<msg timestamp="20200915 20:27:02.681" level="INFO">Clicking button 'login-button'.</msg>
<status status="PASS" starttime="20200915 20:27:02.680" endtime="20200915 20:27:03.831"></status>
</kw>
<status status="PASS" starttime="20200915 20:27:02.680" endtime="20200915 20:27:03.831"></status>
</kw>
<kw name="Click On FinanInstrumenten Menu" library="LeningenPage">
<kw name="Wait Until Page Contains Element" library="SeleniumLibrary">
<doc>Waits until element ``locator`` appears on current page.</doc>
<arguments>
<arg>${mnu_FinanInstrumenten_xpath}</arg>
<arg>10</arg>
</arguments>
<status status="PASS" starttime="20200915 20:27:03.832" endtime="20200915 20:27:03.844"></status>
</kw>
<kw name="Click Element" library="SeleniumLibrary">
<doc>Click element identified by ``locator``.</doc>
<arguments>
<arg>${mnu_FinanInstrumenten_xpath}</arg>
</arguments>
<msg timestamp="20200915 20:27:03.844" level="INFO">Clicking element '//span[@class='nav-item'][contains(text(),'Financiële instrumenten')]'.</msg>
<status status="PASS" starttime="20200915 20:27:03.844" endtime="20200915 20:27:03.911"></status>
</kw>
<status status="PASS" starttime="20200915 20:27:03.832" endtime="20200915 20:27:03.911"></status>
</kw>
<kw name="Click On Leningen Item" library="LeningenPage">
<kw name="Wait Until Page Contains Element" library="SeleniumLibrary">
<doc>Waits until element ``locator`` appears on current page.</doc>
<arguments>
<arg>${mnuitem_Leningen_xpath}</arg>
<arg>10</arg>
</arguments>
<status status="PASS" starttime="20200915 20:27:03.913" endtime="20200915 20:27:03.927"></status>
</kw>
<kw name="Click Element" library="SeleniumLibrary">
<doc>Click element identified by ``locator``.</doc>
<arguments>
<arg>${mnuitem_Leningen_xpath}</arg>
</arguments>
<msg timestamp="20200915 20:27:03.928" level="INFO">Clicking element '//div[3]//li[3]//span[1]'.</msg>
<status status="PASS" starttime="20200915 20:27:03.927" endtime="20200915 20:27:03.977"></status>
</kw>
<status status="PASS" starttime="20200915 20:27:03.912" endtime="20200915 20:27:03.977"></status>
</kw>
<kw name="Click On Nieuw Button" library="LeningenPage">
<kw name="Wait Until Page Contains Element" library="SeleniumLibrary">
<doc>Waits until element ``locator`` appears on current page.</doc>
<arguments>
<arg>${btn_Nieuws_xpath}</arg>
</arguments>
<status status="PASS" starttime="20200915 20:27:03.979" endtime="20200915 20:27:04.612"></status>
</kw>
<kw name="Click Element" library="SeleniumLibrary">
<doc>Click element identified by ``locator``.</doc>
<arguments>
<arg>${btn_Nieuws_xpath}</arg>
</arguments>
<msg timestamp="20200915 20:27:04.613" level="INFO">Clicking element '//button[@class='primary']//i[@class='fa fa-plus-circle']'.</msg>
<status status="PASS" starttime="20200915 20:27:04.612" endtime="20200915 20:27:04.772"></status>
</kw>
<status status="PASS" starttime="20200915 20:27:03.978" endtime="20200915 20:27:04.772"></status>
</kw>
<kw name="Choice Sort Leningen" library="LeningenPage">
<kw name="Wait Until Page Contains Element" library="SeleniumLibrary">
<doc>Waits until element ``locator`` appears on current page.</doc>
<arguments>
<arg>${drd_Sortleningen_xpath}</arg>
</arguments>
<status status="PASS" starttime="20200915 20:27:04.773" endtime="20200915 20:27:04.995"></status>
</kw>
<kw name="Click Element" library="SeleniumLibrary">
<doc>Click element identified by ``locator``.</doc>
<arguments>
<arg>${drd_Sortleningen_xpath}</arg>
</arguments>
<msg timestamp="20200915 20:27:04.995" level="INFO">Clicking element '//div[@class='editor-container']//select[@class='select-control']'.</msg>
<status status="PASS" starttime="20200915 20:27:04.995" endtime="20200915 20:27:05.061"></status>
</kw>
<status status="PASS" starttime="20200915 20:27:04.772" endtime="20200915 20:27:05.061"></status>
</kw>
<kw name="Click OK Button" library="LeningenPage">
<kw name="Wait Until Page Contains Element" library="SeleniumLibrary">
<doc>Waits until element ``locator`` appears on current page.</doc>
<arguments>
<arg>${btn_OK_xpath}</arg>
</arguments>
<status status="PASS" starttime="20200915 20:27:05.062" endtime="20200915 20:27:05.084"></status>
</kw>
<kw name="Click Button" library="SeleniumLibrary">
<doc>Clicks button identified by ``locator``.</doc>
<arguments>
<arg>${btn_OK_xpath}</arg>
</arguments>
<msg timestamp="20200915 20:27:05.085" level="INFO">Clicking button '//button[contains(text(),'OK')]'.</msg>
<status status="PASS" starttime="20200915 20:27:05.084" endtime="20200915 20:27:05.176"></status>
</kw>
<status status="PASS" starttime="20200915 20:27:05.062" endtime="20200915 20:27:05.177"></status>
</kw>
<kw name="Sleep" library="BuiltIn">
<doc>Pauses the test executed for the given time.</doc>
<arguments>
<arg>3s</arg>
</arguments>
<msg timestamp="20200915 20:27:08.179" level="INFO">Slept 3 seconds</msg>
<status status="PASS" starttime="20200915 20:27:05.177" endtime="20200915 20:27:08.179"></status>
</kw>
<kw name="Choice Lening" library="LeningenPage">
<kw name="Select From List By Index" library="SeleniumLibrary">
<doc>Selects options from selection list ``locator`` by ``indexes``.</doc>
<arguments>
<arg>${drd_ChoiceSortLeningen_xpath}</arg>
<arg>0</arg>
</arguments>
<msg timestamp="20200915 20:27:08.180" level="INFO">Selecting options from selection list '//div[contains(@data-field,'LoanType')]/select' by index 0.</msg>
<status status="PASS" starttime="20200915 20:27:08.180" endtime="20200915 20:27:08.221"></status>
</kw>
<status status="PASS" starttime="20200915 20:27:08.179" endtime="20200915 20:27:08.221"></status>
</kw>
<kw name="Genarate lening number" library="LeningenPage">
<kw name="Wait Until Page Contains Element" library="SeleniumLibrary">
<doc>Waits until element ``locator`` appears on current page.</doc>
<arguments>
<arg>${btn_Geneer_xpath}</arg>
<arg>10</arg>
</arguments>
<status status="PASS" starttime="20200915 20:27:08.222" endtime="20200915 20:27:08.231"></status>
</kw>
<kw name="Click Button" library="SeleniumLibrary">
<doc>Clicks button identified by ``locator``.</doc>
<arguments>
<arg>${btn_Geneer_xpath}</arg>
</arguments>
<msg timestamp="20200915 20:27:08.231" level="INFO">Clicking button '//button[@class='id-textbox-button']'.</msg>
<status status="PASS" starttime="20200915 20:27:08.231" endtime="20200915 20:27:08.278"></status>
</kw>
<status status="PASS" starttime="20200915 20:27:08.222" endtime="20200915 20:27:08.278"></status>
</kw>
<kw name="Enter Nominal Value" library="LeningenPage">
<arguments>
<arg>1M</arg>
</arguments>
<kw name="Wait Until Page Contains Element" library="SeleniumLibrary">
<doc>Waits until element ``locator`` appears on current page.</doc>
<arguments>
<arg>${txt_Nomiale_Waader_Xpath}</arg>
<arg>10</arg>
</arguments>
<status status="PASS" starttime="20200915 20:27:08.279" endtime="20200915 20:27:08.288"></status>
</kw>
<kw name="Input Text" library="SeleniumLibrary">
<doc>Types the given ``text`` into text field identified by ``locator``.</doc>
<arguments>
<arg>${txt_Nomiale_Waader_Xpath}</arg>
<arg>${value}</arg>
</arguments>
<msg timestamp="20200915 20:27:08.288" level="INFO">Typing text '1M' into text field '//div[contains(@data-field,'Nominal')]/input'.</msg>
<status status="PASS" starttime="20200915 20:27:08.288" endtime="20200915 20:27:08.372"></status>
</kw>
<status status="PASS" starttime="20200915 20:27:08.279" endtime="20200915 20:27:08.372"></status>
</kw>
<kw name="There are no found relation" library="LeningenPage">
<arguments>
<arg>17</arg>
<arg>${message}</arg>
</arguments>
<kw name="Click Relation Dropdrown" library="LeningenPage">
<kw name="Wait Until Page Contains Element" library="SeleniumLibrary">
<doc>Waits until element ``locator`` appears on current page.</doc>
<arguments>
<arg>${drd_Relaties_xpath}</arg>
<arg>10</arg>
</arguments>
<status status="PASS" starttime="20200915 20:27:08.374" endtime="20200915 20:27:08.389"></status>
</kw>
<kw name="Click Element" library="SeleniumLibrary">
<doc>Click element identified by ``locator``.</doc>
<arguments>
<arg>${drd_Relaties_xpath}</arg>
</arguments>
<msg timestamp="20200915 20:27:08.389" level="INFO">Clicking element '//div[contains(@data-field,'FinancierID')]/div/span'.</msg>
<status status="PASS" starttime="20200915 20:27:08.389" endtime="20200915 20:27:08.440"></status>
</kw>
<status status="PASS" starttime="20200915 20:27:08.373" endtime="20200915 20:27:08.440"></status>
</kw>
<kw name="Search Relation" library="LeningenPage">
<arguments>
<arg>${value}</arg>
</arguments>
<kw name="Wait Until Page Contains Element" library="SeleniumLibrary">
<doc>Waits until element ``locator`` appears on current page.</doc>
<arguments>
<arg>${txt_NumberRealtie_xpath}</arg>
<arg>10</arg>
</arguments>
<status status="PASS" starttime="20200915 20:27:08.440" endtime="20200915 20:27:08.682"></status>
</kw>
<kw name="Input Text" library="SeleniumLibrary">
<doc>Types the given ``text`` into text field identified by ``locator``.</doc>
<arguments>
<arg>${txt_NumberRealtie_xpath}</arg>
<arg>${value}</arg>
</arguments>
<msg timestamp="20200915 20:27:08.682" level="INFO">Typing text '17' into text field '//*[@class='filter-row']/td[contains(@style,'top: 27px;')]/div[contains(@data-code-id,'NumericTextBox')]/input'.</msg>
<status status="PASS" starttime="20200915 20:27:08.682" endtime="20200915 20:27:08.756"></status>
</kw>
<status status="PASS" starttime="20200915 20:27:08.440" endtime="20200915 20:27:08.757"></status>
</kw>
<kw name="Sleep" library="BuiltIn">
<doc>Pauses the test executed for the given time.</doc>
<arguments>
<arg>3s</arg>
</arguments>
<msg timestamp="20200915 20:27:11.759" level="INFO">Slept 3 seconds</msg>
<status status="PASS" starttime="20200915 20:27:08.757" endtime="20200915 20:27:11.759"></status>
</kw>
<kw name="Element Text Should Be" library="SeleniumLibrary">
<doc>Verifies that element ``locator`` contains exact text ``expected``.</doc>
<arguments>
<arg>${td_NoRelatieIn_xpath}</arg>
<arg>${message}</arg>
</arguments>
<msg timestamp="20200915 20:27:11.761" level="INFO">Verifying element '//*[@class='grid-message']/tr/td[contains(text(),'Er zijn geen resultaten gevonden.')]' contains exact text 'Er zijn geen resultaten gevonden.'.</msg>
<status status="PASS" starttime="20200915 20:27:11.760" endtime="20200915 20:27:11.789"></status>
</kw>
<status status="PASS" starttime="20200915 20:27:08.373" endtime="20200915 20:27:11.789"></status>
</kw>
<kw name="Finish test enviroment" library="TreasuryCommonFunctionality" type="teardown">
<kw name="Close Browser" library="SeleniumLibrary">
<doc>Closes the current browser.</doc>
<status status="PASS" starttime="20200915 20:27:11.790" endtime="20200915 20:27:13.964"></status>
</kw>
<status status="PASS" starttime="20200915 20:27:11.790" endtime="20200915 20:27:13.965"></status>
</kw>
<doc>Enter en unvailable number, and validate a message</doc>
<tags>
<tag>Functional</tag>
</tags>
<status status="PASS" starttime="20200915 20:26:56.559" endtime="20200915 20:27:13.966" critical="yes"></status>
</test>
<test id="s1-s2-t3" name="The Verpanding ingangsdatum should be empty">
<kw name="Start test enviroment" library="TreasuryCommonFunctionality" type="setup">
<kw name="Open Browser" library="SeleniumLibrary">
<doc>Opens a new browser instance to the given ``url``.</doc>
<arguments>
<arg>${baseUrls.infrastructure}</arg>
<arg>${browser}</arg>
</arguments>
<msg timestamp="20200915 20:27:13.975" level="INFO">Opening browser 'Chrome' to base url 'https://treasury201804.aareoncloud.nl'.</msg>
<status status="PASS" starttime="20200915 20:27:13.974" endtime="20200915 20:27:17.821"></status>
</kw>
<kw name="Maximize Browser Window" library="SeleniumLibrary">
<doc>Maximizes current browser window.</doc>
<status status="PASS" starttime="20200915 20:27:17.821" endtime="20200915 20:27:19.940"></status>
</kw>
<status status="PASS" starttime="20200915 20:27:13.973" endtime="20200915 20:27:19.940"></status>
</kw>
<kw name="Enter Company Name" library="LoginPage">
<arguments>
<arg>${companyName}</arg>
</arguments>
<kw name="Input Text" library="SeleniumLibrary">
<doc>Types the given ``text`` into text field identified by ``locator``.</doc>
<arguments>
<arg>${txt_Company_id}</arg>
<arg>${companyName}</arg>
</arguments>
<msg timestamp="20200915 20:27:19.941" level="INFO">Typing text 'Keylib omgeving' into text field 'Company'.</msg>
<status status="PASS" starttime="20200915 20:27:19.941" endtime="20200915 20:27:20.027"></status>
</kw>
<status status="PASS" starttime="20200915 20:27:19.941" endtime="20200915 20:27:20.027"></status>
</kw>
<kw name="Enter User Name" library="LoginPage">
<arguments>
<arg>${userName}</arg>
</arguments>
<kw name="Input Text" library="SeleniumLibrary">
<doc>Types the given ``text`` into text field identified by ``locator``.</doc>
<arguments>
<arg>${txt_Username_id}</arg>
<arg>${userName}</arg>
</arguments>
<msg timestamp="20200915 20:27:20.029" level="INFO">Typing text 'anhpham' into text field 'Username'.</msg>
<status status="PASS" starttime="20200915 20:27:20.029" endtime="20200915 20:27:20.107"></status>
</kw>
<status status="PASS" starttime="20200915 20:27:20.028" endtime="20200915 20:27:20.108"></status>
</kw>
<kw name="Click Login" library="LoginPage">
<kw name="Click Button" library="SeleniumLibrary">
<doc>Clicks button identified by ``locator``.</doc>
<arguments>
<arg>${btn_Login_id}</arg>
</arguments>
<msg timestamp="20200915 20:27:20.109" level="INFO">Clicking button 'login-button'.</msg>
<status status="PASS" starttime="20200915 20:27:20.109" endtime="20200915 20:27:20.745"></status>
</kw>
<status status="PASS" starttime="20200915 20:27:20.109" endtime="20200915 20:27:20.746"></status>
</kw>
<kw name="Click On FinanInstrumenten Menu" library="LeningenPage">
<kw name="Wait Until Page Contains Element" library="SeleniumLibrary">
<doc>Waits until element ``locator`` appears on current page.</doc>
<arguments>
<arg>${mnu_FinanInstrumenten_xpath}</arg>
<arg>10</arg>
</arguments>
<status status="PASS" starttime="20200915 20:27:20.746" endtime="20200915 20:27:20.757"></status>
</kw>
<kw name="Click Element" library="SeleniumLibrary">
<doc>Click element identified by ``locator``.</doc>
<arguments>
<arg>${mnu_FinanInstrumenten_xpath}</arg>
</arguments>
<msg timestamp="20200915 20:27:20.757" level="INFO">Clicking element '//span[@class='nav-item'][contains(text(),'Financiële instrumenten')]'.</msg>
<status status="PASS" starttime="20200915 20:27:20.757" endtime="20200915 20:27:20.810"></status>
</kw>
<status status="PASS" starttime="20200915 20:27:20.746" endtime="20200915 20:27:20.811"></status>
</kw>
<kw name="Click On Leningen Item" library="LeningenPage">
<kw name="Wait Until Page Contains Element" library="SeleniumLibrary">
<doc>Waits until element ``locator`` appears on current page.</doc>
<arguments>
<arg>${mnuitem_Leningen_xpath}</arg>
<arg>10</arg>
</arguments>
<status status="PASS" starttime="20200915 20:27:20.812" endtime="20200915 20:27:20.827"></status>
</kw>
<kw name="Click Element" library="SeleniumLibrary">
<doc>Click element identified by ``locator``.</doc>
<arguments>
<arg>${mnuitem_Leningen_xpath}</arg>
</arguments>
<msg timestamp="20200915 20:27:20.827" level="INFO">Clicking element '//div[3]//li[3]//span[1]'.</msg>
<status status="PASS" starttime="20200915 20:27:20.827" endtime="20200915 20:27:20.876"></status>
</kw>
<status status="PASS" starttime="20200915 20:27:20.811" endtime="20200915 20:27:20.876"></status>
</kw>
<kw name="Click On Nieuw Button" library="LeningenPage">
<kw name="Wait Until Page Contains Element" library="SeleniumLibrary">
<doc>Waits until element ``locator`` appears on current page.</doc>
<arguments>
<arg>${btn_Nieuws_xpath}</arg>
</arguments>
<status status="PASS" starttime="20200915 20:27:20.878" endtime="20200915 20:27:21.439"></status>
</kw>
<kw name="Click Element" library="SeleniumLibrary">
<doc>Click element identified by ``locator``.</doc>
<arguments>
<arg>${btn_Nieuws_xpath}</arg>
</arguments>
<msg timestamp="20200915 20:27:21.440" level="INFO">Clicking element '//button[@class='primary']//i[@class='fa fa-plus-circle']'.</msg>
<status status="PASS" starttime="20200915 20:27:21.439" endtime="20200915 20:27:21.572"></status>
</kw>
<status status="PASS" starttime="20200915 20:27:20.877" endtime="20200915 20:27:21.573"></status>
</kw>
<kw name="Choice Sort Leningen" library="LeningenPage">
<kw name="Wait Until Page Contains Element" library="SeleniumLibrary">
<doc>Waits until element ``locator`` appears on current page.</doc>
<arguments>
<arg>${drd_Sortleningen_xpath}</arg>
</arguments>
<status status="PASS" starttime="20200915 20:27:21.573" endtime="20200915 20:27:21.791"></status>
</kw>
<kw name="Click Element" library="SeleniumLibrary">
<doc>Click element identified by ``locator``.</doc>
<arguments>
<arg>${drd_Sortleningen_xpath}</arg>
</arguments>
<msg timestamp="20200915 20:27:21.791" level="INFO">Clicking element '//div[@class='editor-container']//select[@class='select-control']'.</msg>
<status status="PASS" starttime="20200915 20:27:21.791" endtime="20200915 20:27:21.855"></status>
</kw>
<status status="PASS" starttime="20200915 20:27:21.573" endtime="20200915 20:27:21.856"></status>
</kw>
<kw name="Click OK Button" library="LeningenPage">
<kw name="Wait Until Page Contains Element" library="SeleniumLibrary">
<doc>Waits until element ``locator`` appears on current page.</doc>
<arguments>
<arg>${btn_OK_xpath}</arg>
</arguments>
<status status="PASS" starttime="20200915 20:27:21.858" endtime="20200915 20:27:21.879"></status>
</kw>
<kw name="Click Button" library="SeleniumLibrary">
<doc>Clicks button identified by ``locator``.</doc>
<arguments>
<arg>${btn_OK_xpath}</arg>
</arguments>
<msg timestamp="20200915 20:27:21.880" level="INFO">Clicking button '//button[contains(text(),'OK')]'.</msg>
<status status="PASS" starttime="20200915 20:27:21.880" endtime="20200915 20:27:22.039"></status>
</kw>
<status status="PASS" starttime="20200915 20:27:21.857" endtime="20200915 20:27:22.040"></status>
</kw>
<kw name="Sleep" library="BuiltIn">
<doc>Pauses the test executed for the given time.</doc>
<arguments>
<arg>3s</arg>
</arguments>
<msg timestamp="20200915 20:27:25.042" level="INFO">Slept 3 seconds</msg>
<status status="PASS" starttime="20200915 20:27:22.041" endtime="20200915 20:27:25.042"></status>
</kw>
<kw name="Choice Lening" library="LeningenPage">
<kw name="Select From List By Index" library="SeleniumLibrary">
<doc>Selects options from selection list ``locator`` by ``indexes``.</doc>
<arguments>
<arg>${drd_ChoiceSortLeningen_xpath}</arg>
<arg>0</arg>
</arguments>
<msg timestamp="20200915 20:27:25.044" level="INFO">Selecting options from selection list '//div[contains(@data-field,'LoanType')]/select' by index 0.</msg>
<status status="PASS" starttime="20200915 20:27:25.044" endtime="20200915 20:27:25.101"></status>
</kw>
<status status="PASS" starttime="20200915 20:27:25.043" endtime="20200915 20:27:25.101"></status>
</kw>
<kw name="Genarate lening number" library="LeningenPage">
<kw name="Wait Until Page Contains Element" library="SeleniumLibrary">
<doc>Waits until element ``locator`` appears on current page.</doc>
<arguments>
<arg>${btn_Geneer_xpath}</arg>
<arg>10</arg>
</arguments>
<status status="PASS" starttime="20200915 20:27:25.102" endtime="20200915 20:27:25.111"></status>
</kw>
<kw name="Click Button" library="SeleniumLibrary">
<doc>Clicks button identified by ``locator``.</doc>
<arguments>
<arg>${btn_Geneer_xpath}</arg>
</arguments>
<msg timestamp="20200915 20:27:25.111" level="INFO">Clicking button '//button[@class='id-textbox-button']'.</msg>
<status status="PASS" starttime="20200915 20:27:25.111" endtime="20200915 20:27:25.161"></status>
</kw>
<status status="PASS" starttime="20200915 20:27:25.101" endtime="20200915 20:27:25.161"></status>
</kw>
<kw name="Enter Nominal Value" library="LeningenPage">
<arguments>
<arg>1M</arg>
</arguments>
<kw name="Wait Until Page Contains Element" library="SeleniumLibrary">
<doc>Waits until element ``locator`` appears on current page.</doc>
<arguments>
<arg>${txt_Nomiale_Waader_Xpath}</arg>
<arg>10</arg>
</arguments>
<status status="PASS" starttime="20200915 20:27:25.162" endtime="20200915 20:27:25.170"></status>
</kw>
<kw name="Input Text" library="SeleniumLibrary">
<doc>Types the given ``text`` into text field identified by ``locator``.</doc>
<arguments>
<arg>${txt_Nomiale_Waader_Xpath}</arg>
<arg>${value}</arg>
</arguments>
<msg timestamp="20200915 20:27:25.171" level="INFO">Typing text '1M' into text field '//div[contains(@data-field,'Nominal')]/input'.</msg>
<status status="PASS" starttime="20200915 20:27:25.171" endtime="20200915 20:27:25.251"></status>
</kw>
<status status="PASS" starttime="20200915 20:27:25.162" endtime="20200915 20:27:25.251"></status>
</kw>
<kw name="Choice a relation" library="LeningenPage">
<arguments>
<arg>2</arg>
</arguments>
<kw name="Click Relation Dropdrown" library="LeningenPage">
<kw name="Wait Until Page Contains Element" library="SeleniumLibrary">
<doc>Waits until element ``locator`` appears on current page.</doc>
<arguments>
<arg>${drd_Relaties_xpath}</arg>
<arg>10</arg>
</arguments>
<status status="PASS" starttime="20200915 20:27:25.252" endtime="20200915 20:27:25.266"></status>
</kw>
<kw name="Click Element" library="SeleniumLibrary">
<doc>Click element identified by ``locator``.</doc>
<arguments>
<arg>${drd_Relaties_xpath}</arg>
</arguments>
<msg timestamp="20200915 20:27:25.266" level="INFO">Clicking element '//div[contains(@data-field,'FinancierID')]/div/span'.</msg>
<status status="PASS" starttime="20200915 20:27:25.266" endtime="20200915 20:27:25.316"></status>
</kw>
<status status="PASS" starttime="20200915 20:27:25.252" endtime="20200915 20:27:25.316"></status>
</kw>
<kw name="Search Relation" library="LeningenPage">
<arguments>
<arg>${value}</arg>
</arguments>
<kw name="Wait Until Page Contains Element" library="SeleniumLibrary">
<doc>Waits until element ``locator`` appears on current page.</doc>
<arguments>
<arg>${txt_NumberRealtie_xpath}</arg>
<arg>10</arg>
</arguments>
<status status="PASS" starttime="20200915 20:27:25.316" endtime="20200915 20:27:25.541"></status>
</kw>
<kw name="Input Text" library="SeleniumLibrary">
<doc>Types the given ``text`` into text field identified by ``locator``.</doc>
<arguments>
<arg>${txt_NumberRealtie_xpath}</arg>
<arg>${value}</arg>
</arguments>
<msg timestamp="20200915 20:27:25.541" level="INFO">Typing text '2' into text field '//*[@class='filter-row']/td[contains(@style,'top: 27px;')]/div[contains(@data-code-id,'NumericTextBox')]/input'.</msg>
<status status="PASS" starttime="20200915 20:27:25.541" endtime="20200915 20:27:25.612"></status>
</kw>
<status status="PASS" starttime="20200915 20:27:25.316" endtime="20200915 20:27:25.612"></status>
</kw>
<kw name="Sleep" library="BuiltIn">
<doc>Pauses the test executed for the given time.</doc>
<arguments>
<arg>1s</arg>
</arguments>
<msg timestamp="20200915 20:27:26.613" level="INFO">Slept 1 second</msg>
<status status="PASS" starttime="20200915 20:27:25.612" endtime="20200915 20:27:26.613"></status>
</kw>
<kw name="Click the first relation row" library="LeningenPage">
<kw name="Wait Until Page Contains Element" library="SeleniumLibrary">
<doc>Waits until element ``locator`` appears on current page.</doc>
<arguments>
<arg>${td_Frirst_Number_xpath}</arg>
<arg>10</arg>
</arguments>
<status status="PASS" starttime="20200915 20:27:26.615" endtime="20200915 20:27:26.636"></status>
</kw>
<kw name="Click Element" library="SeleniumLibrary">
<doc>Click element identified by ``locator``.</doc>
<arguments>
<arg>${td_Frirst_Number_xpath}</arg>
</arguments>
<msg timestamp="20200915 20:27:26.636" level="INFO">Clicking element '//tr[@class='first']/td[1]'.</msg>
<status status="PASS" starttime="20200915 20:27:26.636" endtime="20200915 20:27:26.680"></status>
</kw>
<status status="PASS" starttime="20200915 20:27:26.615" endtime="20200915 20:27:26.680"></status>
</kw>
<status status="PASS" starttime="20200915 20:27:25.252" endtime="20200915 20:27:26.680"></status>
</kw>
<kw name="Enter starting date" library="LeningenPage">
<arguments>
<arg>1-1-2020</arg>
</arguments>
<kw name="Wait Until Page Contains Element" library="SeleniumLibrary">
<doc>Waits until element ``locator`` appears on current page.</doc>
<arguments>
<arg>${txt_StartDatum_xpath}</arg>
</arguments>
<status status="PASS" starttime="20200915 20:27:26.681" endtime="20200915 20:27:26.694"></status>
</kw>
<kw name="Input Text" library="SeleniumLibrary">
<doc>Types the given ``text`` into text field identified by ``locator``.</doc>
<arguments>
<arg>${txt_StartDatum_xpath}</arg>
<arg>${value}</arg>
</arguments>
<msg timestamp="20200915 20:27:26.694" level="INFO">Typing text '1-1-2020' into text field '//*[@data-field='StartDate']/input'.</msg>
<status status="PASS" starttime="20200915 20:27:26.694" endtime="20200915 20:27:26.822"></status>
</kw>
<status status="PASS" starttime="20200915 20:27:26.681" endtime="20200915 20:27:26.822"></status>
</kw>
<kw name="Click Sluiten Button" library="LeningenPage">
<kw name="Click Button" library="SeleniumLibrary">
<doc>Clicks button identified by ``locator``.</doc>
<arguments>
<arg>${btn_Sluiten_xpath}</arg>
</arguments>
<msg timestamp="20200915 20:27:26.824" level="INFO">Clicking button '//button[@class='ui-datepicker-close ui-state-default ui-priority-primary ui-corner-all']'.</msg>
<status status="PASS" starttime="20200915 20:27:26.824" endtime="20200915 20:27:26.900"></status>
</kw>
<status status="PASS" starttime="20200915 20:27:26.823" endtime="20200915 20:27:26.901"></status>
</kw>
<kw name="Enter Looptijd" library="LeningenPage">
<arguments>
<arg>20</arg>
</arguments>
<kw name="Wait Until Page Contains Element" library="SeleniumLibrary">
<doc>Waits until element ``locator`` appears on current page.</doc>
<arguments>
<arg>${txt_Looptijd_xpath}</arg>
</arguments>
<status status="PASS" starttime="20200915 20:27:26.901" endtime="20200915 20:27:26.914"></status>
</kw>
<kw name="Input Text" library="SeleniumLibrary">
<doc>Types the given ``text`` into text field identified by ``locator``.</doc>
<arguments>
<arg>${txt_Looptijd_xpath}</arg>
<arg>${value}</arg>
</arguments>
<msg timestamp="20200915 20:27:26.914" level="INFO">Typing text '20' into text field '//*[@data-field='Term']/input'.</msg>
<status status="PASS" starttime="20200915 20:27:26.914" endtime="20200915 20:27:26.996"></status>
</kw>
<status status="PASS" starttime="20200915 20:27:26.901" endtime="20200915 20:27:26.997"></status>
</kw>
<kw name="Click Opslaan Button" library="LeningenPage">
<kw name="Click Element" library="SeleniumLibrary">
<doc>Click element identified by ``locator``.</doc>
<arguments>
<arg>${btn_Opslaan_xpath}</arg>
</arguments>
<msg timestamp="20200915 20:27:26.998" level="INFO">Clicking element '//span[contains(text(),'Opslaan')]'.</msg>
<status status="PASS" starttime="20200915 20:27:26.998" endtime="20200915 20:27:27.107"></status>
</kw>
<status status="PASS" starttime="20200915 20:27:26.997" endtime="20200915 20:27:27.108"></status>
</kw>
<kw name="Validate the pledge effective date" library="LeningenPage">
<arguments>
<arg>None</arg>
</arguments>
<kw name="Wait Until Page Contains Element" library="SeleniumLibrary">
<doc>Waits until element ``locator`` appears on current page.</doc>
<arguments>
<arg>${txt_Verpanding_Ingangsdatum_Xpath}</arg>
</arguments>
<status status="PASS" starttime="20200915 20:27:27.109" endtime="20200915 20:27:27.126"></status>
</kw>
<kw name="Get Text" library="SeleniumLibrary">
<doc>Returns the text value of element identified by ``locator``.</doc>
<arguments>
<arg>${txt_Verpanding_Ingangsdatum_Xpath}</arg>
</arguments>
<assign>
<var>${text}</var>
</assign>
<msg timestamp="20200915 20:27:27.150" level="INFO">${text} = </msg>
<status status="PASS" starttime="20200915 20:27:27.127" endtime="20200915 20:27:27.150"></status>
</kw>
<kw name="Log" library="BuiltIn">
<doc>Logs the given message with the given level.</doc>
<arguments>
<arg>${text}</arg>
</arguments>
<msg timestamp="20200915 20:27:27.150" level="INFO"></msg>
<status status="PASS" starttime="20200915 20:27:27.150" endtime="20200915 20:27:27.150"></status>
</kw>
<kw name="Element Text Should Be" library="SeleniumLibrary">
<doc>Verifies that element ``locator`` contains exact text ``expected``.</doc>
<arguments>
<arg>${txt_Verpanding_Ingangsdatum_Xpath}</arg>
<arg>${value}</arg>
</arguments>
<msg timestamp="20200915 20:27:27.151" level="INFO">Verifying element '//*[@data-field='PawningDate']//child::input[@class='text-control hasDatepicker']' contains exact text 'None'.</msg>
<kw name="Capture Page Screenshot" library="SeleniumLibrary">
<doc>Takes screenshot of the current page and embeds it into log file.</doc>
<msg timestamp="20200915 20:27:27.527" level="INFO" html="yes">&lt;/td&gt;&lt;/tr&gt;&lt;tr&gt;&lt;td colspan="3"&gt;&lt;a href="selenium-screenshot-1.png"&gt;&lt;img src="selenium-screenshot-1.png" width="800px"&gt;&lt;/a&gt;</msg>
<status status="PASS" starttime="20200915 20:27:27.179" endtime="20200915 20:27:27.527"></status>
</kw>
<msg timestamp="20200915 20:27:27.528" level="FAIL">The text of element '//*[@data-field='PawningDate']//child::input[@class='text-control hasDatepicker']' should have been 'None' but it was ''.</msg>
<status status="FAIL" starttime="20200915 20:27:27.151" endtime="20200915 20:27:27.528"></status>
</kw>
<status status="FAIL" starttime="20200915 20:27:27.108" endtime="20200915 20:27:27.528"></status>
</kw>
<kw name="Finish test enviroment" library="TreasuryCommonFunctionality" type="teardown">
<kw name="Close Browser" library="SeleniumLibrary">
<doc>Closes the current browser.</doc>
<status status="PASS" starttime="20200915 20:27:27.529" endtime="20200915 20:27:29.681"></status>
</kw>
<status status="PASS" starttime="20200915 20:27:27.529" endtime="20200915 20:27:29.681"></status>
</kw>
<doc>After the first saving lening, validate that Verpanding ingangsdatum should be empty</doc>
<tags>
<tag>Functional</tag>
</tags>
<status status="FAIL" starttime="20200915 20:27:13.970" endtime="20200915 20:27:29.682" critical="yes">The text of element '//*[@data-field='PawningDate']//child::input[@class='text-control hasDatepicker']' should have been 'None' but it was ''.</status>
</test>
<test id="s1-s2-t4" name="The Verpanding einddatum should be empty">
<kw name="Start test enviroment" library="TreasuryCommonFunctionality" type="setup">
<kw name="Open Browser" library="SeleniumLibrary">
<doc>Opens a new browser instance to the given ``url``.</doc>
<arguments>
<arg>${baseUrls.infrastructure}</arg>
<arg>${browser}</arg>
</arguments>
<msg timestamp="20200915 20:27:29.686" level="INFO">Opening browser 'Chrome' to base url 'https://treasury201804.aareoncloud.nl'.</msg>
<status status="PASS" starttime="20200915 20:27:29.685" endtime="20200915 20:27:33.571"></status>
</kw>
<kw name="Maximize Browser Window" library="SeleniumLibrary">
<doc>Maximizes current browser window.</doc>
<status status="PASS" starttime="20200915 20:27:33.571" endtime="20200915 20:27:35.705"></status>
</kw>
<status status="PASS" starttime="20200915 20:27:29.685" endtime="20200915 20:27:35.705"></status>
</kw>
<kw name="Enter Company Name" library="LoginPage">
<arguments>
<arg>${companyName}</arg>
</arguments>
<kw name="Input Text" library="SeleniumLibrary">
<doc>Types the given ``text`` into text field identified by ``locator``.</doc>
<arguments>
<arg>${txt_Company_id}</arg>
<arg>${companyName}</arg>
</arguments>
<msg timestamp="20200915 20:27:35.707" level="INFO">Typing text 'Keylib omgeving' into text field 'Company'.</msg>
<status status="PASS" starttime="20200915 20:27:35.706" endtime="20200915 20:27:35.792"></status>
</kw>
<status status="PASS" starttime="20200915 20:27:35.706" endtime="20200915 20:27:35.793"></status>
</kw>
<kw name="Enter User Name" library="LoginPage">
<arguments>
<arg>${userName}</arg>
</arguments>
<kw name="Input Text" library="SeleniumLibrary">
<doc>Types the given ``text`` into text field identified by ``locator``.</doc>
<arguments>
<arg>${txt_Username_id}</arg>
<arg>${userName}</arg>
</arguments>
<msg timestamp="20200915 20:27:35.794" level="INFO">Typing text 'anhpham' into text field 'Username'.</msg>
<status status="PASS" starttime="20200915 20:27:35.794" endtime="20200915 20:27:35.869"></status>
</kw>
<status status="PASS" starttime="20200915 20:27:35.794" endtime="20200915 20:27:35.869"></status>
</kw>
<kw name="Click Login" library="LoginPage">
<kw name="Click Button" library="SeleniumLibrary">
<doc>Clicks button identified by ``locator``.</doc>
<arguments>
<arg>${btn_Login_id}</arg>
</arguments>
<msg timestamp="20200915 20:27:35.871" level="INFO">Clicking button 'login-button'.</msg>
<status status="PASS" starttime="20200915 20:27:35.871" endtime="20200915 20:27:36.726"></status>
</kw>
<status status="PASS" starttime="20200915 20:27:35.870" endtime="20200915 20:27:36.726"></status>
</kw>
<kw name="Click On FinanInstrumenten Menu" library="LeningenPage">
<kw name="Wait Until Page Contains Element" library="SeleniumLibrary">
<doc>Waits until element ``locator`` appears on current page.</doc>
<arguments>
<arg>${mnu_FinanInstrumenten_xpath}</arg>
<arg>10</arg>
</arguments>
<status status="PASS" starttime="20200915 20:27:36.728" endtime="20200915 20:27:36.739"></status>
</kw>
<kw name="Click Element" library="SeleniumLibrary">
<doc>Click element identified by ``locator``.</doc>
<arguments>
<arg>${mnu_FinanInstrumenten_xpath}</arg>
</arguments>
<msg timestamp="20200915 20:27:36.739" level="INFO">Clicking element '//span[@class='nav-item'][contains(text(),'Financiële instrumenten')]'.</msg>
<status status="PASS" starttime="20200915 20:27:36.739" endtime="20200915 20:27:36.793"></status>
</kw>
<status status="PASS" starttime="20200915 20:27:36.727" endtime="20200915 20:27:36.793"></status>
</kw>
<kw name="Click On Leningen Item" library="LeningenPage">
<kw name="Wait Until Page Contains Element" library="SeleniumLibrary">
<doc>Waits until element ``locator`` appears on current page.</doc>
<arguments>
<arg>${mnuitem_Leningen_xpath}</arg>
<arg>10</arg>
</arguments>
<status status="PASS" starttime="20200915 20:27:36.794" endtime="20200915 20:27:36.805"></status>
</kw>
<kw name="Click Element" library="SeleniumLibrary">
<doc>Click element identified by ``locator``.</doc>
<arguments>
<arg>${mnuitem_Leningen_xpath}</arg>
</arguments>
<msg timestamp="20200915 20:27:36.806" level="INFO">Clicking element '//div[3]//li[3]//span[1]'.</msg>
<status status="PASS" starttime="20200915 20:27:36.806" endtime="20200915 20:27:36.852"></status>
</kw>
<status status="PASS" starttime="20200915 20:27:36.794" endtime="20200915 20:27:36.852"></status>
</kw>
<kw name="Click On Nieuw Button" library="LeningenPage">
<kw name="Wait Until Page Contains Element" library="SeleniumLibrary">
<doc>Waits until element ``locator`` appears on current page.</doc>
<arguments>
<arg>${btn_Nieuws_xpath}</arg>
</arguments>
<status status="PASS" starttime="20200915 20:27:36.853" endtime="20200915 20:27:37.393"></status>
</kw>
<kw name="Click Element" library="SeleniumLibrary">
<doc>Click element identified by ``locator``.</doc>
<arguments>
<arg>${btn_Nieuws_xpath}</arg>
</arguments>
<msg timestamp="20200915 20:27:37.393" level="INFO">Clicking element '//button[@class='primary']//i[@class='fa fa-plus-circle']'.</msg>
<status status="PASS" starttime="20200915 20:27:37.393" endtime="20200915 20:27:37.519"></status>
</kw>
<status status="PASS" starttime="20200915 20:27:36.852" endtime="20200915 20:27:37.519"></status>
</kw>
<kw name="Choice Sort Leningen" library="LeningenPage">
<kw name="Wait Until Page Contains Element" library="SeleniumLibrary">
<doc>Waits until element ``locator`` appears on current page.</doc>
<arguments>
<arg>${drd_Sortleningen_xpath}</arg>
</arguments>
<status status="PASS" starttime="20200915 20:27:37.520" endtime="20200915 20:27:37.739"></status>
</kw>
<kw name="Click Element" library="SeleniumLibrary">
<doc>Click element identified by ``locator``.</doc>
<arguments>
<arg>${drd_Sortleningen_xpath}</arg>
</arguments>
<msg timestamp="20200915 20:27:37.739" level="INFO">Clicking element '//div[@class='editor-container']//select[@class='select-control']'.</msg>
<status status="PASS" starttime="20200915 20:27:37.739" endtime="20200915 20:27:37.792"></status>
</kw>
<status status="PASS" starttime="20200915 20:27:37.519" endtime="20200915 20:27:37.792"></status>
</kw>
<kw name="Click OK Button" library="LeningenPage">
<kw name="Wait Until Page Contains Element" library="SeleniumLibrary">
<doc>Waits until element ``locator`` appears on current page.</doc>
<arguments>
<arg>${btn_OK_xpath}</arg>
</arguments>
<status status="PASS" starttime="20200915 20:27:37.793" endtime="20200915 20:27:37.812"></status>
</kw>
<kw name="Click Button" library="SeleniumLibrary">
<doc>Clicks button identified by ``locator``.</doc>
<arguments>
<arg>${btn_OK_xpath}</arg>
</arguments>
<msg timestamp="20200915 20:27:37.812" level="INFO">Clicking button '//button[contains(text(),'OK')]'.</msg>
<status status="PASS" starttime="20200915 20:27:37.812" endtime="20200915 20:27:37.972"></status>
</kw>
<status status="PASS" starttime="20200915 20:27:37.793" endtime="20200915 20:27:37.972"></status>
</kw>
<kw name="Sleep" library="BuiltIn">
<doc>Pauses the test executed for the given time.</doc>
<arguments>
<arg>3s</arg>
</arguments>
<msg timestamp="20200915 20:27:40.974" level="INFO">Slept 3 seconds</msg>
<status status="PASS" starttime="20200915 20:27:37.973" endtime="20200915 20:27:40.974"></status>
</kw>
<kw name="Choice Lening" library="LeningenPage">
<kw name="Select From List By Index" library="SeleniumLibrary">
<doc>Selects options from selection list ``locator`` by ``indexes``.</doc>
<arguments>
<arg>${drd_ChoiceSortLeningen_xpath}</arg>
<arg>0</arg>
</arguments>
<msg timestamp="20200915 20:27:40.976" level="INFO">Selecting options from selection list '//div[contains(@data-field,'LoanType')]/select' by index 0.</msg>
<status status="PASS" starttime="20200915 20:27:40.975" endtime="20200915 20:27:41.019"></status>
</kw>
<status status="PASS" starttime="20200915 20:27:40.975" endtime="20200915 20:27:41.019"></status>
</kw>
<kw name="Genarate lening number" library="LeningenPage">
<kw name="Wait Until Page Contains Element" library="SeleniumLibrary">
<doc>Waits until element ``locator`` appears on current page.</doc>
<arguments>
<arg>${btn_Geneer_xpath}</arg>
<arg>10</arg>
</arguments>
<status status="PASS" starttime="20200915 20:27:41.020" endtime="20200915 20:27:41.031"></status>
</kw>
<kw name="Click Button" library="SeleniumLibrary">
<doc>Clicks button identified by ``locator``.</doc>
<arguments>
<arg>${btn_Geneer_xpath}</arg>
</arguments>
<msg timestamp="20200915 20:27:41.031" level="INFO">Clicking button '//button[@class='id-textbox-button']'.</msg>
<status status="PASS" starttime="20200915 20:27:41.031" endtime="20200915 20:27:41.080"></status>
</kw>
<status status="PASS" starttime="20200915 20:27:41.020" endtime="20200915 20:27:41.081"></status>
</kw>
<kw name="Enter Nominal Value" library="LeningenPage">
<arguments>
<arg>1M</arg>
</arguments>
<kw name="Wait Until Page Contains Element" library="SeleniumLibrary">
<doc>Waits until element ``locator`` appears on current page.</doc>
<arguments>
<arg>${txt_Nomiale_Waader_Xpath}</arg>
<arg>10</arg>
</arguments>
<status status="PASS" starttime="20200915 20:27:41.081" endtime="20200915 20:27:41.092"></status>
</kw>
<kw name="Input Text" library="SeleniumLibrary">
<doc>Types the given ``text`` into text field identified by ``locator``.</doc>
<arguments>
<arg>${txt_Nomiale_Waader_Xpath}</arg>
<arg>${value}</arg>
</arguments>
<msg timestamp="20200915 20:27:41.092" level="INFO">Typing text '1M' into text field '//div[contains(@data-field,'Nominal')]/input'.</msg>
<status status="PASS" starttime="20200915 20:27:41.092" endtime="20200915 20:27:41.176"></status>
</kw>
<status status="PASS" starttime="20200915 20:27:41.081" endtime="20200915 20:27:41.176"></status>
</kw>
<kw name="Choice a relation" library="LeningenPage">
<arguments>
<arg>2</arg>
</arguments>
<kw name="Click Relation Dropdrown" library="LeningenPage">
<kw name="Wait Until Page Contains Element" library="SeleniumLibrary">
<doc>Waits until element ``locator`` appears on current page.</doc>
<arguments>
<arg>${drd_Relaties_xpath}</arg>
<arg>10</arg>
</arguments>
<status status="PASS" starttime="20200915 20:27:41.178" endtime="20200915 20:27:41.192"></status>
</kw>
<kw name="Click Element" library="SeleniumLibrary">
<doc>Click element identified by ``locator``.</doc>
<arguments>
<arg>${drd_Relaties_xpath}</arg>
</arguments>
<msg timestamp="20200915 20:27:41.193" level="INFO">Clicking element '//div[contains(@data-field,'FinancierID')]/div/span'.</msg>
<status status="PASS" starttime="20200915 20:27:41.192" endtime="20200915 20:27:41.246"></status>
</kw>
<status status="PASS" starttime="20200915 20:27:41.177" endtime="20200915 20:27:41.246"></status>
</kw>
<kw name="Search Relation" library="LeningenPage">
<arguments>
<arg>${value}</arg>
</arguments>
<kw name="Wait Until Page Contains Element" library="SeleniumLibrary">
<doc>Waits until element ``locator`` appears on current page.</doc>
<arguments>
<arg>${txt_NumberRealtie_xpath}</arg>
<arg>10</arg>
</arguments>
<status status="PASS" starttime="20200915 20:27:41.246" endtime="20200915 20:27:41.471"></status>
</kw>
<kw name="Input Text" library="SeleniumLibrary">
<doc>Types the given ``text`` into text field identified by ``locator``.</doc>
<arguments>
<arg>${txt_NumberRealtie_xpath}</arg>
<arg>${value}</arg>
</arguments>
<msg timestamp="20200915 20:27:41.471" level="INFO">Typing text '2' into text field '//*[@class='filter-row']/td[contains(@style,'top: 27px;')]/div[contains(@data-code-id,'NumericTextBox')]/input'.</msg>
<status status="PASS" starttime="20200915 20:27:41.471" endtime="20200915 20:27:41.545"></status>
</kw>
<status status="PASS" starttime="20200915 20:27:41.246" endtime="20200915 20:27:41.545"></status>
</kw>
<kw name="Sleep" library="BuiltIn">
<doc>Pauses the test executed for the given time.</doc>
<arguments>
<arg>1s</arg>
</arguments>
<msg timestamp="20200915 20:27:42.547" level="INFO">Slept 1 second</msg>
<status status="PASS" starttime="20200915 20:27:41.546" endtime="20200915 20:27:42.547"></status>
</kw>
<kw name="Click the first relation row" library="LeningenPage">
<kw name="Wait Until Page Contains Element" library="SeleniumLibrary">
<doc>Waits until element ``locator`` appears on current page.</doc>
<arguments>
<arg>${td_Frirst_Number_xpath}</arg>
<arg>10</arg>
</arguments>
<status status="PASS" starttime="20200915 20:27:42.548" endtime="20200915 20:27:42.559"></status>
</kw>
<kw name="Click Element" library="SeleniumLibrary">
<doc>Click element identified by ``locator``.</doc>
<arguments>
<arg>${td_Frirst_Number_xpath}</arg>
</arguments>
<msg timestamp="20200915 20:27:42.560" level="INFO">Clicking element '//tr[@class='first']/td[1]'.</msg>
<status status="PASS" starttime="20200915 20:27:42.559" endtime="20200915 20:27:42.601"></status>
</kw>
<status status="PASS" starttime="20200915 20:27:42.547" endtime="20200915 20:27:42.601"></status>
</kw>
<status status="PASS" starttime="20200915 20:27:41.177" endtime="20200915 20:27:42.601"></status>
</kw>
<kw name="Enter starting date" library="LeningenPage">
<arguments>
<arg>1-1-2020</arg>
</arguments>
<kw name="Wait Until Page Contains Element" library="SeleniumLibrary">
<doc>Waits until element ``locator`` appears on current page.</doc>
<arguments>
<arg>${txt_StartDatum_xpath}</arg>
</arguments>
<status status="PASS" starttime="20200915 20:27:42.602" endtime="20200915 20:27:42.615"></status>
</kw>
<kw name="Input Text" library="SeleniumLibrary">
<doc>Types the given ``text`` into text field identified by ``locator``.</doc>
<arguments>
<arg>${txt_StartDatum_xpath}</arg>
<arg>${value}</arg>
</arguments>
<msg timestamp="20200915 20:27:42.615" level="INFO">Typing text '1-1-2020' into text field '//*[@data-field='StartDate']/input'.</msg>
<status status="PASS" starttime="20200915 20:27:42.615" endtime="20200915 20:27:42.748"></status>
</kw>
<status status="PASS" starttime="20200915 20:27:42.602" endtime="20200915 20:27:42.748"></status>
</kw>
<kw name="Click Sluiten Button" library="LeningenPage">
<kw name="Click Button" library="SeleniumLibrary">
<doc>Clicks button identified by ``locator``.</doc>
<arguments>
<arg>${btn_Sluiten_xpath}</arg>
</arguments>
<msg timestamp="20200915 20:27:42.749" level="INFO">Clicking button '//button[@class='ui-datepicker-close ui-state-default ui-priority-primary ui-corner-all']'.</msg>
<status status="PASS" starttime="20200915 20:27:42.749" endtime="20200915 20:27:42.819"></status>
</kw>
<status status="PASS" starttime="20200915 20:27:42.748" endtime="20200915 20:27:42.820"></status>
</kw>
<kw name="Enter Looptijd" library="LeningenPage">
<arguments>
<arg>20</arg>
</arguments>
<kw name="Wait Until Page Contains Element" library="SeleniumLibrary">
<doc>Waits until element ``locator`` appears on current page.</doc>
<arguments>
<arg>${txt_Looptijd_xpath}</arg>
</arguments>
<status status="PASS" starttime="20200915 20:27:42.821" endtime="20200915 20:27:42.832"></status>
</kw>
<kw name="Input Text" library="SeleniumLibrary">
<doc>Types the given ``text`` into text field identified by ``locator``.</doc>
<arguments>
<arg>${txt_Looptijd_xpath}</arg>
<arg>${value}</arg>
</arguments>
<msg timestamp="20200915 20:27:42.833" level="INFO">Typing text '20' into text field '//*[@data-field='Term']/input'.</msg>
<status status="PASS" starttime="20200915 20:27:42.833" endtime="20200915 20:27:42.926"></status>
</kw>
<status status="PASS" starttime="20200915 20:27:42.820" endtime="20200915 20:27:42.926"></status>
</kw>
<kw name="Click Opslaan Button" library="LeningenPage">
<kw name="Click Element" library="SeleniumLibrary">
<doc>Click element identified by ``locator``.</doc>
<arguments>
<arg>${btn_Opslaan_xpath}</arg>
</arguments>
<msg timestamp="20200915 20:27:42.927" level="INFO">Clicking element '//span[contains(text(),'Opslaan')]'.</msg>
<status status="PASS" starttime="20200915 20:27:42.927" endtime="20200915 20:27:43.048"></status>
</kw>
<status status="PASS" starttime="20200915 20:27:42.927" endtime="20200915 20:27:43.049"></status>
</kw>
<kw name="Validate the pledge on end date" library="LeningenPage">
<arguments>
<arg>None</arg>
</arguments>
<kw name="Wait Until Page Contains Element" library="SeleniumLibrary">
<doc>Waits until element ``locator`` appears on current page.</doc>
<arguments>
<arg>${txt_Verpanding_Eindatum_Xpath}</arg>
</arguments>
<status status="PASS" starttime="20200915 20:27:43.049" endtime="20200915 20:27:43.077"></status>
</kw>
<kw name="Get Text" library="SeleniumLibrary">
<doc>Returns the text value of element identified by ``locator``.</doc>
<arguments>
<arg>${txt_Verpanding_Eindatum_Xpath}</arg>
</arguments>
<assign>
<var>${text}</var>
</assign>
<msg timestamp="20200915 20:27:43.133" level="INFO">${text} = </msg>
<status status="PASS" starttime="20200915 20:27:43.077" endtime="20200915 20:27:43.133"></status>
</kw>
<kw name="Log" library="BuiltIn">
<doc>Logs the given message with the given level.</doc>
<arguments>
<arg>${text}</arg>
</arguments>
<msg timestamp="20200915 20:27:43.134" level="INFO"></msg>
<status status="PASS" starttime="20200915 20:27:43.134" endtime="20200915 20:27:43.134"></status>
</kw>
<kw name="Element Should Contain" library="SeleniumLibrary">
<doc>Verifies that element ``locator`` contains text ``expected``.</doc>
<arguments>
<arg>${txt_Verpanding_Eindatum_Xpath}</arg>
<arg>${value}</arg>
</arguments>
<kw name="Capture Page Screenshot" library="SeleniumLibrary">
<doc>Takes screenshot of the current page and embeds it into log file.</doc>
<msg timestamp="20200915 20:27:43.502" level="INFO" html="yes">&lt;/td&gt;&lt;/tr&gt;&lt;tr&gt;&lt;td colspan="3"&gt;&lt;a href="selenium-screenshot-2.png"&gt;&lt;img src="selenium-screenshot-2.png" width="800px"&gt;&lt;/a&gt;</msg>
<status status="PASS" starttime="20200915 20:27:43.152" endtime="20200915 20:27:43.502"></status>
</kw>
<msg timestamp="20200915 20:27:43.502" level="FAIL">Element '//*[@data-field='PawningEndDate']//child::input[@class='text-control hasDatepicker']' should have contained text 'None' but its text was ''.</msg>
<status status="FAIL" starttime="20200915 20:27:43.134" endtime="20200915 20:27:43.502"></status>
</kw>
<status status="FAIL" starttime="20200915 20:27:43.049" endtime="20200915 20:27:43.502"></status>
</kw>
<kw name="Finish test enviroment" library="TreasuryCommonFunctionality" type="teardown">
<kw name="Close Browser" library="SeleniumLibrary">
<doc>Closes the current browser.</doc>
<status status="PASS" starttime="20200915 20:27:43.502" endtime="20200915 20:27:45.689"></status>
</kw>
<status status="PASS" starttime="20200915 20:27:43.502" endtime="20200915 20:27:45.689"></status>
</kw>
<doc>After the first saving lening, validate that Verpanding einddatum should be empty</doc>
<tags>
<tag>Functional</tag>
</tags>
<status status="FAIL" starttime="20200915 20:27:29.684" endtime="20200915 20:27:45.690" critical="yes">Element '//*[@data-field='PawningEndDate']//child::input[@class='text-control hasDatepicker']' should have contained text 'None' but its text was ''.</status>
</test>
<test id="s1-s2-t5" name="Validate the 1st message after 1st saving">
<kw name="Start test enviroment" library="TreasuryCommonFunctionality" type="setup">
<kw name="Open Browser" library="SeleniumLibrary">
<doc>Opens a new browser instance to the given ``url``.</doc>
<arguments>
<arg>${baseUrls.infrastructure}</arg>
<arg>${browser}</arg>
</arguments>
<msg timestamp="20200915 20:27:45.695" level="INFO">Opening browser 'Chrome' to base url 'https://treasury201804.aareoncloud.nl'.</msg>
<status status="PASS" starttime="20200915 20:27:45.694" endtime="20200915 20:27:49.991"></status>
</kw>
<kw name="Maximize Browser Window" library="SeleniumLibrary">
<doc>Maximizes current browser window.</doc>
<status status="PASS" starttime="20200915 20:27:49.991" endtime="20200915 20:27:52.108"></status>
</kw>
<status status="PASS" starttime="20200915 20:27:45.694" endtime="20200915 20:27:52.108"></status>
</kw>
<kw name="Enter Company Name" library="LoginPage">
<arguments>
<arg>${companyName}</arg>
</arguments>
<kw name="Input Text" library="SeleniumLibrary">
<doc>Types the given ``text`` into text field identified by ``locator``.</doc>
<arguments>
<arg>${txt_Company_id}</arg>
<arg>${companyName}</arg>
</arguments>
<msg timestamp="20200915 20:27:52.110" level="INFO">Typing text 'Keylib omgeving' into text field 'Company'.</msg>
<status status="PASS" starttime="20200915 20:27:52.110" endtime="20200915 20:27:52.209"></status>
</kw>
<status status="PASS" starttime="20200915 20:27:52.109" endtime="20200915 20:27:52.209"></status>
</kw>
<kw name="Enter User Name" library="LoginPage">
<arguments>
<arg>${userName}</arg>
</arguments>
<kw name="Input Text" library="SeleniumLibrary">
<doc>Types the given ``text`` into text field identified by ``locator``.</doc>
<arguments>
<arg>${txt_Username_id}</arg>
<arg>${userName}</arg>
</arguments>
<msg timestamp="20200915 20:27:52.210" level="INFO">Typing text 'anhpham' into text field 'Username'.</msg>
<status status="PASS" starttime="20200915 20:27:52.210" endtime="20200915 20:27:52.288"></status>
</kw>
<status status="PASS" starttime="20200915 20:27:52.210" endtime="20200915 20:27:52.289"></status>
</kw>
<kw name="Click Login" library="LoginPage">
<kw name="Click Button" library="SeleniumLibrary">
<doc>Clicks button identified by ``locator``.</doc>
<arguments>
<arg>${btn_Login_id}</arg>
</arguments>
<msg timestamp="20200915 20:27:52.290" level="INFO">Clicking button 'login-button'.</msg>
<status status="PASS" starttime="20200915 20:27:52.290" endtime="20200915 20:27:53.363"></status>
</kw>
<status status="PASS" starttime="20200915 20:27:52.289" endtime="20200915 20:27:53.364"></status>
</kw>
<kw name="Click On FinanInstrumenten Menu" library="LeningenPage">
<kw name="Wait Until Page Contains Element" library="SeleniumLibrary">
<doc>Waits until element ``locator`` appears on current page.</doc>
<arguments>
<arg>${mnu_FinanInstrumenten_xpath}</arg>
<arg>10</arg>
</arguments>
<status status="PASS" starttime="20200915 20:27:53.365" endtime="20200915 20:27:53.377"></status>
</kw>
<kw name="Click Element" library="SeleniumLibrary">
<doc>Click element identified by ``locator``.</doc>
<arguments>
<arg>${mnu_FinanInstrumenten_xpath}</arg>
</arguments>
<msg timestamp="20200915 20:27:53.377" level="INFO">Clicking element '//span[@class='nav-item'][contains(text(),'Financiële instrumenten')]'.</msg>
<status status="PASS" starttime="20200915 20:27:53.377" endtime="20200915 20:27:53.456"></status>
</kw>
<status status="PASS" starttime="20200915 20:27:53.365" endtime="20200915 20:27:53.456"></status>
</kw>
<kw name="Click On Leningen Item" library="LeningenPage">
<kw name="Wait Until Page Contains Element" library="SeleniumLibrary">
<doc>Waits until element ``locator`` appears on current page.</doc>
<arguments>
<arg>${mnuitem_Leningen_xpath}</arg>
<arg>10</arg>
</arguments>
<status status="PASS" starttime="20200915 20:27:53.457" endtime="20200915 20:27:53.469"></status>
</kw>
<kw name="Click Element" library="SeleniumLibrary">
<doc>Click element identified by ``locator``.</doc>
<arguments>
<arg>${mnuitem_Leningen_xpath}</arg>
</arguments>
<msg timestamp="20200915 20:27:53.469" level="INFO">Clicking element '//div[3]//li[3]//span[1]'.</msg>
<status status="PASS" starttime="20200915 20:27:53.469" endtime="20200915 20:27:53.512"></status>
</kw>
<status status="PASS" starttime="20200915 20:27:53.457" endtime="20200915 20:27:53.512"></status>
</kw>
<kw name="Click On Nieuw Button" library="LeningenPage">
<kw name="Wait Until Page Contains Element" library="SeleniumLibrary">
<doc>Waits until element ``locator`` appears on current page.</doc>
<arguments>
<arg>${btn_Nieuws_xpath}</arg>
</arguments>
<status status="PASS" starttime="20200915 20:27:53.513" endtime="20200915 20:27:54.212"></status>
</kw>
<kw name="Click Element" library="SeleniumLibrary">
<doc>Click element identified by ``locator``.</doc>
<arguments>
<arg>${btn_Nieuws_xpath}</arg>
</arguments>
<msg timestamp="20200915 20:27:54.212" level="INFO">Clicking element '//button[@class='primary']//i[@class='fa fa-plus-circle']'.</msg>
<status status="PASS" starttime="20200915 20:27:54.212" endtime="20200915 20:27:54.351"></status>
</kw>
<status status="PASS" starttime="20200915 20:27:53.513" endtime="20200915 20:27:54.352"></status>
</kw>
<kw name="Choice Sort Leningen" library="LeningenPage">
<kw name="Wait Until Page Contains Element" library="SeleniumLibrary">
<doc>Waits until element ``locator`` appears on current page.</doc>
<arguments>
<arg>${drd_Sortleningen_xpath}</arg>
</arguments>
<status status="PASS" starttime="20200915 20:27:54.353" endtime="20200915 20:27:54.571"></status>
</kw>
<kw name="Click Element" library="SeleniumLibrary">
<doc>Click element identified by ``locator``.</doc>
<arguments>
<arg>${drd_Sortleningen_xpath}</arg>
</arguments>
<msg timestamp="20200915 20:27:54.572" level="INFO">Clicking element '//div[@class='editor-container']//select[@class='select-control']'.</msg>
<status status="PASS" starttime="20200915 20:27:54.572" endtime="20200915 20:27:54.634"></status>
</kw>
<status status="PASS" starttime="20200915 20:27:54.352" endtime="20200915 20:27:54.634"></status>
</kw>
<kw name="Click OK Button" library="LeningenPage">
<kw name="Wait Until Page Contains Element" library="SeleniumLibrary">
<doc>Waits until element ``locator`` appears on current page.</doc>
<arguments>
<arg>${btn_OK_xpath}</arg>
</arguments>
<status status="PASS" starttime="20200915 20:27:54.636" endtime="20200915 20:27:54.656"></status>
</kw>
<kw name="Click Button" library="SeleniumLibrary">
<doc>Clicks button identified by ``locator``.</doc>
<arguments>
<arg>${btn_OK_xpath}</arg>
</arguments>
<msg timestamp="20200915 20:27:54.657" level="INFO">Clicking button '//button[contains(text(),'OK')]'.</msg>
<status status="PASS" starttime="20200915 20:27:54.656" endtime="20200915 20:27:54.819"></status>
</kw>
<status status="PASS" starttime="20200915 20:27:54.635" endtime="20200915 20:27:54.820"></status>
</kw>
<kw name="Sleep" library="BuiltIn">
<doc>Pauses the test executed for the given time.</doc>
<arguments>
<arg>3s</arg>
</arguments>
<msg timestamp="20200915 20:27:57.821" level="INFO">Slept 3 seconds</msg>
<status status="PASS" starttime="20200915 20:27:54.820" endtime="20200915 20:27:57.821"></status>
</kw>
<kw name="Choice Lening" library="LeningenPage">
<kw name="Select From List By Index" library="SeleniumLibrary">
<doc>Selects options from selection list ``locator`` by ``indexes``.</doc>
<arguments>
<arg>${drd_ChoiceSortLeningen_xpath}</arg>
<arg>0</arg>
</arguments>
<msg timestamp="20200915 20:27:57.823" level="INFO">Selecting options from selection list '//div[contains(@data-field,'LoanType')]/select' by index 0.</msg>
<status status="PASS" starttime="20200915 20:27:57.822" endtime="20200915 20:27:57.895"></status>
</kw>
<status status="PASS" starttime="20200915 20:27:57.822" endtime="20200915 20:27:57.895"></status>
</kw>
<kw name="Genarate lening number" library="LeningenPage">
<kw name="Wait Until Page Contains Element" library="SeleniumLibrary">
<doc>Waits until element ``locator`` appears on current page.</doc>
<arguments>
<arg>${btn_Geneer_xpath}</arg>
<arg>10</arg>
</arguments>
<status status="PASS" starttime="20200915 20:27:57.896" endtime="20200915 20:27:57.906"></status>
</kw>
<kw name="Click Button" library="SeleniumLibrary">
<doc>Clicks button identified by ``locator``.</doc>
<arguments>
<arg>${btn_Geneer_xpath}</arg>
</arguments>
<msg timestamp="20200915 20:27:57.906" level="INFO">Clicking button '//button[@class='id-textbox-button']'.</msg>
<status status="PASS" starttime="20200915 20:27:57.906" endtime="20200915 20:27:57.949"></status>
</kw>
<status status="PASS" starttime="20200915 20:27:57.896" endtime="20200915 20:27:57.949"></status>
</kw>
<kw name="Enter Nominal Value" library="LeningenPage">
<arguments>
<arg>1M</arg>
</arguments>
<kw name="Wait Until Page Contains Element" library="SeleniumLibrary">
<doc>Waits until element ``locator`` appears on current page.</doc>
<arguments>
<arg>${txt_Nomiale_Waader_Xpath}</arg>
<arg>10</arg>
</arguments>
<status status="PASS" starttime="20200915 20:27:57.950" endtime="20200915 20:27:57.960"></status>
</kw>
<kw name="Input Text" library="SeleniumLibrary">
<doc>Types the given ``text`` into text field identified by ``locator``.</doc>
<arguments>
<arg>${txt_Nomiale_Waader_Xpath}</arg>
<arg>${value}</arg>
</arguments>
<msg timestamp="20200915 20:27:57.960" level="INFO">Typing text '1M' into text field '//div[contains(@data-field,'Nominal')]/input'.</msg>
<status status="PASS" starttime="20200915 20:27:57.960" endtime="20200915 20:27:58.048"></status>
</kw>
<status status="PASS" starttime="20200915 20:27:57.949" endtime="20200915 20:27:58.048"></status>
</kw>
<kw name="Choice a relation" library="LeningenPage">
<arguments>
<arg>2</arg>
</arguments>
<kw name="Click Relation Dropdrown" library="LeningenPage">
<kw name="Wait Until Page Contains Element" library="SeleniumLibrary">
<doc>Waits until element ``locator`` appears on current page.</doc>
<arguments>
<arg>${drd_Relaties_xpath}</arg>
<arg>10</arg>
</arguments>
<status status="PASS" starttime="20200915 20:27:58.049" endtime="20200915 20:27:58.064"></status>
</kw>
<kw name="Click Element" library="SeleniumLibrary">
<doc>Click element identified by ``locator``.</doc>
<arguments>
<arg>${drd_Relaties_xpath}</arg>
</arguments>
<msg timestamp="20200915 20:27:58.064" level="INFO">Clicking element '//div[contains(@data-field,'FinancierID')]/div/span'.</msg>
<status status="PASS" starttime="20200915 20:27:58.064" endtime="20200915 20:27:58.113"></status>
</kw>
<status status="PASS" starttime="20200915 20:27:58.049" endtime="20200915 20:27:58.113"></status>
</kw>
<kw name="Search Relation" library="LeningenPage">
<arguments>
<arg>${value}</arg>
</arguments>
<kw name="Wait Until Page Contains Element" library="SeleniumLibrary">
<doc>Waits until element ``locator`` appears on current page.</doc>
<arguments>
<arg>${txt_NumberRealtie_xpath}</arg>
<arg>10</arg>
</arguments>
<status status="PASS" starttime="20200915 20:27:58.114" endtime="20200915 20:27:58.357"></status>
</kw>
<kw name="Input Text" library="SeleniumLibrary">
<doc>Types the given ``text`` into text field identified by ``locator``.</doc>
<arguments>
<arg>${txt_NumberRealtie_xpath}</arg>
<arg>${value}</arg>
</arguments>
<msg timestamp="20200915 20:27:58.358" level="INFO">Typing text '2' into text field '//*[@class='filter-row']/td[contains(@style,'top: 27px;')]/div[contains(@data-code-id,'NumericTextBox')]/input'.</msg>
<status status="PASS" starttime="20200915 20:27:58.358" endtime="20200915 20:27:58.445"></status>
</kw>
<status status="PASS" starttime="20200915 20:27:58.113" endtime="20200915 20:27:58.445"></status>
</kw>
<kw name="Sleep" library="BuiltIn">
<doc>Pauses the test executed for the given time.</doc>
<arguments>
<arg>1s</arg>
</arguments>
<msg timestamp="20200915 20:27:59.447" level="INFO">Slept 1 second</msg>
<status status="PASS" starttime="20200915 20:27:58.445" endtime="20200915 20:27:59.447"></status>
</kw>
<kw name="Click the first relation row" library="LeningenPage">
<kw name="Wait Until Page Contains Element" library="SeleniumLibrary">
<doc>Waits until element ``locator`` appears on current page.</doc>
<arguments>
<arg>${td_Frirst_Number_xpath}</arg>
<arg>10</arg>
</arguments>
<status status="PASS" starttime="20200915 20:27:59.449" endtime="20200915 20:27:59.461"></status>
</kw>
<kw name="Click Element" library="SeleniumLibrary">
<doc>Click element identified by ``locator``.</doc>
<arguments>
<arg>${td_Frirst_Number_xpath}</arg>
</arguments>
<msg timestamp="20200915 20:27:59.461" level="INFO">Clicking element '//tr[@class='first']/td[1]'.</msg>
<status status="PASS" starttime="20200915 20:27:59.461" endtime="20200915 20:27:59.503"></status>
</kw>
<status status="PASS" starttime="20200915 20:27:59.448" endtime="20200915 20:27:59.504"></status>
</kw>
<status status="PASS" starttime="20200915 20:27:58.049" endtime="20200915 20:27:59.504"></status>
</kw>
<kw name="Enter starting date" library="LeningenPage">
<arguments>
<arg>1-1-2020</arg>
</arguments>
<kw name="Wait Until Page Contains Element" library="SeleniumLibrary">
<doc>Waits until element ``locator`` appears on current page.</doc>
<arguments>
<arg>${txt_StartDatum_xpath}</arg>
</arguments>
<status status="PASS" starttime="20200915 20:27:59.505" endtime="20200915 20:27:59.515"></status>
</kw>
<kw name="Input Text" library="SeleniumLibrary">
<doc>Types the given ``text`` into text field identified by ``locator``.</doc>
<arguments>
<arg>${txt_StartDatum_xpath}</arg>
<arg>${value}</arg>
</arguments>
<msg timestamp="20200915 20:27:59.515" level="INFO">Typing text '1-1-2020' into text field '//*[@data-field='StartDate']/input'.</msg>
<status status="PASS" starttime="20200915 20:27:59.515" endtime="20200915 20:27:59.645"></status>
</kw>
<status status="PASS" starttime="20200915 20:27:59.504" endtime="20200915 20:27:59.645"></status>
</kw>
<kw name="Click Sluiten Button" library="LeningenPage">
<kw name="Click Button" library="SeleniumLibrary">
<doc>Clicks button identified by ``locator``.</doc>
<arguments>
<arg>${btn_Sluiten_xpath}</arg>
</arguments>
<msg timestamp="20200915 20:27:59.646" level="INFO">Clicking button '//button[@class='ui-datepicker-close ui-state-default ui-priority-primary ui-corner-all']'.</msg>
<status status="PASS" starttime="20200915 20:27:59.646" endtime="20200915 20:27:59.716"></status>
</kw>
<status status="PASS" starttime="20200915 20:27:59.646" endtime="20200915 20:27:59.717"></status>
</kw>
<kw name="Enter Looptijd" library="LeningenPage">
<arguments>
<arg>20</arg>
</arguments>
<kw name="Wait Until Page Contains Element" library="SeleniumLibrary">
<doc>Waits until element ``locator`` appears on current page.</doc>
<arguments>
<arg>${txt_Looptijd_xpath}</arg>
</arguments>
<status status="PASS" starttime="20200915 20:27:59.718" endtime="20200915 20:27:59.729"></status>
</kw>
<kw name="Input Text" library="SeleniumLibrary">
<doc>Types the given ``text`` into text field identified by ``locator``.</doc>
<arguments>
<arg>${txt_Looptijd_xpath}</arg>
<arg>${value}</arg>
</arguments>
<msg timestamp="20200915 20:27:59.729" level="INFO">Typing text '20' into text field '//*[@data-field='Term']/input'.</msg>
<status status="PASS" starttime="20200915 20:27:59.729" endtime="20200915 20:27:59.817"></status>
</kw>
<status status="PASS" starttime="20200915 20:27:59.717" endtime="20200915 20:27:59.817"></status>
</kw>
<kw name="Click Opslaan Button" library="LeningenPage">
<kw name="Click Element" library="SeleniumLibrary">
<doc>Click element identified by ``locator``.</doc>
<arguments>
<arg>${btn_Opslaan_xpath}</arg>
</arguments>
<msg timestamp="20200915 20:27:59.818" level="INFO">Clicking element '//span[contains(text(),'Opslaan')]'.</msg>
<status status="PASS" starttime="20200915 20:27:59.818" endtime="20200915 20:27:59.924"></status>
</kw>
<status status="PASS" starttime="20200915 20:27:59.818" endtime="20200915 20:27:59.924"></status>
</kw>
<kw name="Validate the 1st message" library="LeningenPage">
<arguments>
<arg>${message1st}</arg>
</arguments>
<kw name="Wait Until Page Contains Element" library="SeleniumLibrary">
<doc>Waits until element ``locator`` appears on current page.</doc>
<arguments>
<arg>${lbl_AutoIngvul_xpath}</arg>
</arguments>
<status status="PASS" starttime="20200915 20:27:59.926" endtime="20200915 20:27:59.942"></status>
</kw>
<kw name="Get Text" library="SeleniumLibrary">
<doc>Returns the text value of element identified by ``locator``.</doc>
<arguments>
<arg>${lbl_AutoIngvul_xpath}</arg>
</arguments>
<assign>
<var>${text}</var>
</assign>
<msg timestamp="20200915 20:27:59.973" level="INFO">${text} = Eén of meerdere waarden zijn automatisch ingevuld. Controleer a.u.b. deze waarden en indien deze waarden correct zijn klik nogmaals op opslaan.</msg>
<status status="PASS" starttime="20200915 20:27:59.942" endtime="20200915 20:27:59.973"></status>
</kw>
<kw name="Log" library="BuiltIn">
<doc>Logs the given message with the given level.</doc>
<arguments>
<arg>${text}</arg>
</arguments>
<msg timestamp="20200915 20:27:59.974" level="INFO">Eén of meerdere waarden zijn automatisch ingevuld. Controleer a.u.b. deze waarden en indien deze waarden correct zijn klik nogmaals op opslaan.</msg>
<status status="PASS" starttime="20200915 20:27:59.973" endtime="20200915 20:27:59.974"></status>
</kw>
<kw name="Element Text Should Be" library="SeleniumLibrary">
<doc>Verifies that element ``locator`` contains exact text ``expected``.</doc>
<arguments>
<arg>${lbl_AutoIngvul_xpath}</arg>
<arg>${value}</arg>
</arguments>
<msg timestamp="20200915 20:27:59.974" level="INFO">Verifying element '//div[contains(@class,'-container c2')]/div[1]/div/div/child::ul' contains exact text 'Eén of meerdere waarden zijn automatisch ingevuld. Controleer a.u.b. deze waarden en indien deze waarden correct zijn klik nogmaals op opslaan.'.</msg>
<status status="PASS" starttime="20200915 20:27:59.974" endtime="20200915 20:27:59.997"></status>
</kw>
<status status="PASS" starttime="20200915 20:27:59.925" endtime="20200915 20:27:59.997"></status>
</kw>
<kw name="Finish test enviroment" library="TreasuryCommonFunctionality" type="teardown">
<kw name="Close Browser" library="SeleniumLibrary">
<doc>Closes the current browser.</doc>
<status status="PASS" starttime="20200915 20:27:59.998" endtime="20200915 20:28:02.163"></status>
</kw>
<status status="PASS" starttime="20200915 20:27:59.997" endtime="20200915 20:28:02.163"></status>
</kw>
<doc>After the first saving lening, validate the 1st message</doc>
<tags>
<tag>Regression</tag>
</tags>
<status status="PASS" starttime="20200915 20:27:45.693" endtime="20200915 20:28:02.164" critical="yes"></status>
</test>
<status status="FAIL" starttime="20200915 20:26:44.387" endtime="20200915 20:28:02.166"></status>
</suite>
<status status="FAIL" starttime="20200915 20:26:17.223" endtime="20200915 20:28:02.170"></status>
</suite>
<statistics>
<total>
<stat pass="6" fail="2">Critical Tests</stat>
<stat pass="6" fail="2">All Tests</stat>
</total>
<tag>
<stat pass="1" fail="2">Functional</stat>
<stat pass="2" fail="0">Regression</stat>
</tag>
<suite>
<stat pass="6" fail="2" id="s1" name="BasicLogin &amp; LeningTest">BasicLogin &amp; LeningTest</stat>
<stat pass="3" fail="0" id="s1-s1" name="BasicLogin">BasicLogin &amp; LeningTest.BasicLogin</stat>
<stat pass="3" fail="2" id="s1-s2" name="LeningTest">BasicLogin &amp; LeningTest.LeningTest</stat>
</suite>
</statistics>
<errors>
</errors>
</robot>
